2023-03-31T04:14:30.617Z [INFO] (Thread-4) com.aws.greengrass.deployment.ShadowDeploymentListener: Added shadow deployment job. {ID=arn:aws:greengrass:us-west-2:116407744508:configuration:thing/IM30:156}
2023-03-31T04:14:41.946Z [INFO] (pool-2-thread-10) com.aws.greengrass.deployment.DeploymentService: Received deployment in the queue. {DeploymentId=arn:aws:greengrass:us-west-2:116407744508:configuration:thing/IM30:156, GreengrassDeploymentId=null, DeploymentType=SHADOW, serviceName=DeploymentService, currentState=RUNNING}
2023-03-31T04:14:41.948Z [INFO] (pool-2-thread-10) com.aws.greengrass.deployment.DeploymentService: Received deployment document in queue. {document={"deploymentId":"c0717bc8-1148-4b9a-9de9-dda5ea8fa56d","schemaDate":"2021-05-17","deploymentName":"EmptyDeployment","configurationArn":"arn:aws:greengrass:us-west-2:116407744508:configuration:thing/IM30:156","creationTimestamp":1680236070399,"components":{},"failureHandlingPolicy":"ROLLBACK","requiredCapabilities":[],"componentUpdatePolicy":{"timeout":60,"action":"NOTIFY_COMPONENTS"},"configurationValidationPolicy":{"timeout":60}}, serviceName=DeploymentService, currentState=RUNNING}
2023-03-31T04:14:41.993Z [INFO] (pool-2-thread-10) com.aws.greengrass.deployment.DeploymentStatusKeeper: Stored deployment status. {DeploymentId=arn:aws:greengrass:us-west-2:116407744508:configuration:thing/IM30:156, GreengrassDeploymentId=c0717bc8-1148-4b9a-9de9-dda5ea8fa56d, DeploymentStatus=IN_PROGRESS}
2023-03-31T04:14:42.007Z [INFO] (pool-2-thread-10) com.aws.greengrass.deployment.ShadowDeploymentListener: Updated reported state for deployment. {CONFIGURATION_ARN=arn:aws:greengrass:us-west-2:116407744508:configuration:thing/IM30:156, status=IN_PROGRESS}
2023-03-31T04:14:42.010Z [INFO] (pool-2-thread-10) com.aws.greengrass.deployment.DeploymentDirectoryManager: Create work directory for new deployment. {deploymentId=c0717bc8-1148-4b9a-9de9-dda5ea8fa56d, link=/test/greengrass/v2/deployments/ongoing, directory=/test/greengrass/v2/deployments/c0717bc8-1148-4b9a-9de9-dda5ea8fa56d}
2023-03-31T04:14:42.012Z [INFO] (pool-2-thread-10) com.aws.greengrass.deployment.DeploymentDirectoryManager: Persist deployment metadata. {file=/test/greengrass/v2/deployments/c0717bc8-1148-4b9a-9de9-dda5ea8fa56d/deployment_metadata.json, deploymentId=c0717bc8-1148-4b9a-9de9-dda5ea8fa56d}
2023-03-31T04:14:42.025Z [INFO] (pool-2-thread-10) com.aws.greengrass.deployment.DeploymentService: Started deployment execution. {serviceName=DeploymentService, currentState=RUNNING, deployment=arn:aws:greengrass:us-west-2:116407744508:configuration:thing/IM30:156}
2023-03-31T04:14:42.026Z [INFO] (pool-2-thread-22) com.aws.greengrass.deployment.DeploymentService: deployment-task-execution. Starting deployment task. {Deployment service config={ComponentToGroups={aws.greengrass.LocalHelloWorld={2f9a86d3-c4c2-4da6-8d22-fd08a2c71f56=LOCAL_DEPLOYMENT}, aws.greengrass.Nucleus={arn:aws:greengrass:us-west-2:116407744508:configuration:thinggroup/GreengrassQuickStartGroup_test:75=thinggroup/GreengrassQuickStartGroup_test}, com.aws.HelloWorld={arn:aws:greengrass:us-west-2:116407744508:configuration:thinggroup/GreengrassQuickStartGroup_test:75=thinggroup/GreengrassQuickStartGroup_test}}, dependencies=[], GroupToLastDeployment={LOCAL_DEPLOYMENT={configArn=null, timestamp=1680232100090}, thing/IM30={configArn=arn:aws:greengrass:us-west-2:116407744508:configuration:thing/IM30:155, timestamp=1680233094204}, thinggroup/GreengrassQuickStartGroup_test={configArn=arn:aws:greengrass:us-west-2:116407744508:configuration:thinggroup/GreengrassQuickStartGroup_test:75, timestamp=1680233909020}}, GroupToRootComponents={LOCAL_DEPLOYMENT={aws.greengrass.LocalHelloWorld={groupConfigArn=2f9a86d3-c4c2-4da6-8d22-fd08a2c71f56, groupConfigName=LOCAL_DEPLOYMENT, version=1.0.0}}, thing/IM30={}, thinggroup/GreengrassQuickStartGroup_test={aws.greengrass.Nucleus={groupConfigArn=arn:aws:greengrass:us-west-2:116407744508:configuration:thinggroup/GreengrassQuickStartGroup_test:75, groupConfigName=thinggroup/GreengrassQuickStartGroup_test, version=2.9.4}, com.aws.HelloWorld={groupConfigArn=arn:aws:greengrass:us-west-2:116407744508:configuration:thinggroup/GreengrassQuickStartGroup_test:75, groupConfigName=thinggroup/GreengrassQuickStartGroup_test, version=1.0.0-07ade2fc27374da68d46}}}, runtime={ProcessedDeployments={}}, version=0.0.0}, deploymentId=c0717bc8-1148-4b9a-9de9-dda5ea8fa56d, serviceName=DeploymentService, currentState=RUNNING}
2023-03-31T04:14:42.934Z [INFO] (pool-2-thread-23) com.aws.greengrass.componentmanager.DependencyResolver: resolve-group-dependencies-start. Start to resolve group dependencies. {targetComponents=[], componentToVersionRequirements={aws.greengrass.LocalHelloWorld={LOCAL_DEPLOYMENT==1.0.0}, aws.greengrass.Nucleus={thinggroup/GreengrassQuickStartGroup_test==2.9.4}, com.aws.HelloWorld={thinggroup/GreengrassQuickStartGroup_test==1.0.0-07ade2fc27374da68d46}}}
2023-03-31T04:14:42.962Z [INFO] (pool-2-thread-23) com.aws.greengrass.componentmanager.DependencyResolver: resolve-group-dependencies-finish. Finish resolving group dependencies. {resolvedComponents={aws.greengrass.LocalHelloWorld=ComponentMetadata(componentIdentifier=aws.greengrass.LocalHelloWorld-v1.0.0, dependencies={}), aws.greengrass.Nucleus=ComponentMetadata(componentIdentifier=aws.greengrass.Nucleus-v2.9.4, dependencies={}), com.aws.HelloWorld=ComponentMetadata(componentIdentifier=com.aws.HelloWorld-v1.0.0-07ade2fc27374da68d46, dependencies={})}, componentToVersionRequirements={aws.greengrass.LocalHelloWorld={LOCAL_DEPLOYMENT==1.0.0}, aws.greengrass.Nucleus={thinggroup/GreengrassQuickStartGroup_test==2.9.4}, com.aws.HelloWorld={thinggroup/GreengrassQuickStartGroup_test==1.0.0-07ade2fc27374da68d46}}}
2023-03-31T04:14:42.991Z [INFO] (pool-2-thread-23) com.aws.greengrass.componentmanager.ComponentManager: prepare-package-start. {packageIdentifier=aws.greengrass.LocalHelloWorld-v1.0.0}
2023-03-31T04:14:42.997Z [INFO] (pool-2-thread-23) com.aws.greengrass.componentmanager.ComponentManager: prepare-package-start. {packageIdentifier=aws.greengrass.Nucleus-v2.9.4}
2023-03-31T04:14:43.106Z [INFO] (pool-2-thread-23) com.aws.greengrass.componentmanager.ComponentManager: prepare-package-start. {packageIdentifier=com.aws.HelloWorld-v1.0.0-07ade2fc27374da68d46}
2023-03-31T04:14:43.202Z [INFO] (pool-2-thread-22) com.aws.greengrass.lifecyclemanager.UpdateSystemPolicyService: register-service-update-action. {action=c0717bc8-1148-4b9a-9de9-dda5ea8fa56d, serviceName=UpdateSystemPolicyService, currentState=RUNNING}
2023-03-31T04:14:43.204Z [INFO] (pool-2-thread-23) com.aws.greengrass.lifecyclemanager.UpdateSystemPolicyService: service-update-start. {serviceName=UpdateSystemPolicyService, currentState=RUNNING}
2023-03-31T04:14:43.206Z [INFO] (pool-2-thread-23) com.aws.greengrass.deployment.DeploymentConfigMerger: merge-config. Applying deployment changes, deployment cannot be cancelled now. {deployment=c0717bc8-1148-4b9a-9de9-dda5ea8fa56d}
2023-03-31T04:14:43.207Z [INFO] (pool-2-thread-23) com.aws.greengrass.deployment.DeploymentDirectoryManager: Persist configuration snapshot. {file=/test/greengrass/v2/deployments/c0717bc8-1148-4b9a-9de9-dda5ea8fa56d/rollback_snapshot.tlog}
2023-03-31T04:14:43.313Z [INFO] (pool-2-thread-23) com.aws.greengrass.deployment.DeploymentConfigMerger: merge-config. Removing services. {service-to-remove=[]}
2023-03-31T04:14:43.314Z [INFO] (pool-2-thread-23) com.aws.greengrass.deployment.activator.DeploymentActivator: merge-config. All services updated. {deploymentId=c0717bc8-1148-4b9a-9de9-dda5ea8fa56d}
2023-03-31T04:14:43.315Z [INFO] (pool-2-thread-23) com.aws.greengrass.lifecyclemanager.UpdateSystemPolicyService: service-update-finish. {serviceName=UpdateSystemPolicyService, currentState=RUNNING}
2023-03-31T04:14:43.315Z [INFO] (pool-2-thread-22) com.aws.greengrass.deployment.DeploymentService: deployment-task-execution. Finished deployment task. {deploymentId=c0717bc8-1148-4b9a-9de9-dda5ea8fa56d, serviceName=DeploymentService, currentState=RUNNING}
2023-03-31T04:14:57.027Z [INFO] (pool-2-thread-10) com.aws.greengrass.deployment.DeploymentService: Current deployment finished. {DeploymentId=arn:aws:greengrass:us-west-2:116407744508:configuration:thing/IM30:156, GreengrassDeploymentId=c0717bc8-1148-4b9a-9de9-dda5ea8fa56d, serviceName=DeploymentService, currentState=RUNNING}
2023-03-31T04:14:57.099Z [INFO] (pool-2-thread-10) com.aws.greengrass.deployment.DeploymentStatusKeeper: Stored deployment status. {DeploymentId=arn:aws:greengrass:us-west-2:116407744508:configuration:thing/IM30:156, GreengrassDeploymentId=c0717bc8-1148-4b9a-9de9-dda5ea8fa56d, DeploymentStatus=SUCCEEDED}
2023-03-31T04:14:57.103Z [INFO] (pool-2-thread-10) com.aws.greengrass.deployment.ShadowDeploymentListener: Updated reported state for deployment. {CONFIGURATION_ARN=arn:aws:greengrass:us-west-2:116407744508:configuration:thing/IM30:156, status=SUCCEEDED}
2023-03-31T04:14:57.112Z [INFO] (pool-2-thread-10) com.aws.greengrass.status.FleetStatusService: fss-status-update-published. Status update published to FSS. {trigger=THING_DEPLOYMENT, serviceName=FleetStatusService, currentState=RUNNING}
2023-03-31T04:14:57.114Z [INFO] (pool-2-thread-10) com.aws.greengrass.deployment.DeploymentDirectoryManager: Persist link to last deployment. {link=/test/greengrass/v2/deployments/previous-success}
2023-03-31T04:14:57.115Z [INFO] (pool-2-thread-10) com.aws.greengrass.deployment.DeploymentDirectoryManager: Clean up link to earlier deployment. {link=/test/greengrass/v2/deployments/previous-success}
2023-03-31T04:14:58.978Z [INFO] (Thread-4) com.aws.greengrass.deployment.IotJobsHelper: Received new deployment notification. Requesting details. {ThingName=IM30}
2023-03-31T04:14:59.292Z [INFO] (Thread-4) com.aws.greengrass.deployment.IotJobsHelper: Received Iot job description. {Status=QUEUED, queueAt=Fri Mar 31 04:14:58 GMT 2023, ThingName=IM30, JobId=c3130dcf-0294-40b9-aec9-186782db9770}
2023-03-31T04:14:59.294Z [INFO] (Thread-4) com.aws.greengrass.deployment.IotJobsHelper: Added the job to the queue. {ThingName=IM30, JobId=c3130dcf-0294-40b9-aec9-186782db9770}
2023-03-31T04:15:12.120Z [INFO] (pool-2-thread-10) com.aws.greengrass.deployment.DeploymentService: Received deployment in the queue. {DeploymentId=c3130dcf-0294-40b9-aec9-186782db9770, GreengrassDeploymentId=null, DeploymentType=IOT_JOBS, serviceName=DeploymentService, currentState=RUNNING}
2023-03-31T04:15:12.121Z [INFO] (pool-2-thread-10) com.aws.greengrass.deployment.DeploymentService: Received deployment document in queue. {document={"configurationValidationPolicy":{"timeout":60.0},"components":{},"componentUpdatePolicy":{"timeout":60.0,"action":"NOTIFY_COMPONENTS"},"schemaDate":"2021-05-17","deploymentId":"c5f33d34-55de-412c-840f-4140a7645fbb","creationTimestamp":1.680236097879E12,"deploymentName":"EmptyDeployment","failureHandlingPolicy":"ROLLBACK","configurationArn":"arn:aws:greengrass:us-west-2:116407744508:configuration:thinggroup/GreengrassQuickStartGroup_test:76","requiredCapabilities":[]}, serviceName=DeploymentService, currentState=RUNNING}
2023-03-31T04:15:12.166Z [INFO] (pool-2-thread-10) com.aws.greengrass.deployment.DeploymentStatusKeeper: Stored deployment status. {DeploymentId=c3130dcf-0294-40b9-aec9-186782db9770, GreengrassDeploymentId=c5f33d34-55de-412c-840f-4140a7645fbb, DeploymentStatus=IN_PROGRESS}
2023-03-31T04:15:12.169Z [INFO] (pool-2-thread-10) com.aws.greengrass.deployment.IotJobsHelper: Updating status of persisted deployment. {Status=IN_PROGRESS, StatusDetails={}, ThingName=IM30, JobId=c3130dcf-0294-40b9-aec9-186782db9770}
2023-03-31T04:15:12.702Z [INFO] (Thread-4) com.aws.greengrass.deployment.IotJobsHelper: Job status update was accepted. {Status=IN_PROGRESS, ThingName=IM30, JobId=c3130dcf-0294-40b9-aec9-186782db9770}
2023-03-31T04:15:13.085Z [INFO] (pool-2-thread-10) com.aws.greengrass.deployment.DeploymentDirectoryManager: Create work directory for new deployment. {deploymentId=c5f33d34-55de-412c-840f-4140a7645fbb, link=/test/greengrass/v2/deployments/ongoing, directory=/test/greengrass/v2/deployments/c5f33d34-55de-412c-840f-4140a7645fbb}
2023-03-31T04:15:13.087Z [INFO] (pool-2-thread-10) com.aws.greengrass.deployment.DeploymentDirectoryManager: Persist deployment metadata. {file=/test/greengrass/v2/deployments/c5f33d34-55de-412c-840f-4140a7645fbb/deployment_metadata.json, deploymentId=c5f33d34-55de-412c-840f-4140a7645fbb}
2023-03-31T04:15:13.098Z [INFO] (pool-2-thread-10) com.aws.greengrass.deployment.DeploymentService: Started deployment execution. {serviceName=DeploymentService, currentState=RUNNING, deployment=c3130dcf-0294-40b9-aec9-186782db9770}
2023-03-31T04:15:13.098Z [INFO] (pool-2-thread-22) com.aws.greengrass.deployment.DeploymentService: deployment-task-execution. Starting deployment task. {Deployment service config={ComponentToGroups={aws.greengrass.LocalHelloWorld={2f9a86d3-c4c2-4da6-8d22-fd08a2c71f56=LOCAL_DEPLOYMENT}, aws.greengrass.Nucleus={arn:aws:greengrass:us-west-2:116407744508:configuration:thinggroup/GreengrassQuickStartGroup_test:75=thinggroup/GreengrassQuickStartGroup_test}, com.aws.HelloWorld={arn:aws:greengrass:us-west-2:116407744508:configuration:thinggroup/GreengrassQuickStartGroup_test:75=thinggroup/GreengrassQuickStartGroup_test}}, dependencies=[], GroupToLastDeployment={LOCAL_DEPLOYMENT={configArn=null, timestamp=1680232100090}, thing/IM30={configArn=arn:aws:greengrass:us-west-2:116407744508:configuration:thing/IM30:156, timestamp=1680236070399}, thinggroup/GreengrassQuickStartGroup_test={configArn=arn:aws:greengrass:us-west-2:116407744508:configuration:thinggroup/GreengrassQuickStartGroup_test:75, timestamp=1680233909020}}, GroupToRootComponents={LOCAL_DEPLOYMENT={aws.greengrass.LocalHelloWorld={groupConfigArn=2f9a86d3-c4c2-4da6-8d22-fd08a2c71f56, groupConfigName=LOCAL_DEPLOYMENT, version=1.0.0}}, thing/IM30={}, thinggroup/GreengrassQuickStartGroup_test={aws.greengrass.Nucleus={groupConfigArn=arn:aws:greengrass:us-west-2:116407744508:configuration:thinggroup/GreengrassQuickStartGroup_test:75, groupConfigName=thinggroup/GreengrassQuickStartGroup_test, version=2.9.4}, com.aws.HelloWorld={groupConfigArn=arn:aws:greengrass:us-west-2:116407744508:configuration:thinggroup/GreengrassQuickStartGroup_test:75, groupConfigName=thinggroup/GreengrassQuickStartGroup_test, version=1.0.0-07ade2fc27374da68d46}}}, runtime={ProcessedDeployments={}}, version=0.0.0}, deploymentId=c5f33d34-55de-412c-840f-4140a7645fbb, serviceName=DeploymentService, currentState=RUNNING}
2023-03-31T04:15:13.863Z [INFO] (pool-2-thread-23) com.aws.greengrass.componentmanager.DependencyResolver: resolve-group-dependencies-start. Start to resolve group dependencies. {targetComponents=[], componentToVersionRequirements={aws.greengrass.LocalHelloWorld={LOCAL_DEPLOYMENT==1.0.0}}}
2023-03-31T04:15:13.873Z [INFO] (pool-2-thread-23) com.aws.greengrass.componentmanager.DependencyResolver: resolve-group-dependencies-finish. Finish resolving group dependencies. {resolvedComponents={aws.greengrass.LocalHelloWorld=ComponentMetadata(componentIdentifier=aws.greengrass.LocalHelloWorld-v1.0.0, dependencies={})}, componentToVersionRequirements={aws.greengrass.LocalHelloWorld={LOCAL_DEPLOYMENT==1.0.0}}}
2023-03-31T04:15:13.879Z [INFO] (pool-2-thread-23) com.aws.greengrass.componentmanager.ComponentManager: prepare-package-start. {packageIdentifier=aws.greengrass.LocalHelloWorld-v1.0.0}
2023-03-31T04:15:13.899Z [INFO] (pool-2-thread-22) com.aws.greengrass.lifecyclemanager.UpdateSystemPolicyService: register-service-update-action. {action=c5f33d34-55de-412c-840f-4140a7645fbb, serviceName=UpdateSystemPolicyService, currentState=RUNNING}
2023-03-31T04:15:13.900Z [INFO] (pool-2-thread-23) com.aws.greengrass.lifecyclemanager.UpdateSystemPolicyService: service-update-start. {serviceName=UpdateSystemPolicyService, currentState=RUNNING}
2023-03-31T04:15:13.910Z [INFO] (pool-2-thread-23) com.aws.greengrass.deployment.DeploymentConfigMerger: merge-config. Applying deployment changes, deployment cannot be cancelled now. {deployment=c5f33d34-55de-412c-840f-4140a7645fbb}
2023-03-31T04:15:13.911Z [INFO] (pool-2-thread-23) com.aws.greengrass.deployment.DeploymentDirectoryManager: Persist configuration snapshot. {file=/test/greengrass/v2/deployments/c5f33d34-55de-412c-840f-4140a7645fbb/rollback_snapshot.tlog}
2023-03-31T04:15:14.008Z [INFO] (pool-2-thread-23) com.aws.greengrass.deployment.DeploymentConfigMerger: merge-config. Removing services. {service-to-remove=[com.aws.HelloWorld]}
2023-03-31T04:15:14.019Z [INFO] (pool-2-thread-24) com.aws.greengrass.lifecyclemanager.GenericExternalService: service-close. Service is now closing. {serviceName=com.aws.HelloWorld, currentState=FINISHED}
2023-03-31T04:15:14.027Z [WARN] (pool-2-thread-23) com.aws.greengrass.deployment.DeploymentConfigMerger: Service topics node doesn't exist.. {serviceName=com.aws.HelloWorld}
2023-03-31T04:15:14.028Z [INFO] (pool-2-thread-23) com.aws.greengrass.deployment.activator.DeploymentActivator: merge-config. All services updated. {deploymentId=c5f33d34-55de-412c-840f-4140a7645fbb}
2023-03-31T04:15:14.029Z [INFO] (pool-2-thread-22) com.aws.greengrass.deployment.DeploymentService: deployment-task-execution. Finished deployment task. {deploymentId=c5f33d34-55de-412c-840f-4140a7645fbb, serviceName=DeploymentService, currentState=RUNNING}
2023-03-31T04:15:14.029Z [INFO] (pool-2-thread-23) com.aws.greengrass.lifecyclemanager.UpdateSystemPolicyService: service-update-finish. {serviceName=UpdateSystemPolicyService, currentState=RUNNING}
2023-03-31T04:15:14.053Z [INFO] (pool-2-thread-22) com.aws.greengrass.componentmanager.ComponentStore: delete-component-finish. {componentIdentifier=com.aws.HelloWorld-v1.0.0-07ade2fc27374da68d46}
2023-03-31T04:15:28.099Z [INFO] (pool-2-thread-10) com.aws.greengrass.deployment.DeploymentService: Current deployment finished. {DeploymentId=c3130dcf-0294-40b9-aec9-186782db9770, GreengrassDeploymentId=c5f33d34-55de-412c-840f-4140a7645fbb, serviceName=DeploymentService, currentState=RUNNING}
2023-03-31T04:15:28.179Z [INFO] (pool-2-thread-10) com.aws.greengrass.deployment.DeploymentStatusKeeper: Stored deployment status. {DeploymentId=c3130dcf-0294-40b9-aec9-186782db9770, GreengrassDeploymentId=c5f33d34-55de-412c-840f-4140a7645fbb, DeploymentStatus=SUCCEEDED}
2023-03-31T04:15:28.182Z [INFO] (pool-2-thread-10) com.aws.greengrass.deployment.IotJobsHelper: Updating status of persisted deployment. {Status=SUCCEEDED, StatusDetails={detailed-deployment-status=SUCCESSFUL}, ThingName=IM30, JobId=c3130dcf-0294-40b9-aec9-186782db9770}
2023-03-31T04:15:28.708Z [INFO] (Thread-4) com.aws.greengrass.deployment.IotJobsHelper: Job status update was accepted. {Status=SUCCEEDED, ThingName=IM30, JobId=c3130dcf-0294-40b9-aec9-186782db9770}
2023-03-31T04:15:28.955Z [INFO] (Thread-4) com.aws.greengrass.deployment.IotJobsHelper: Received empty jobs in notification . {ThingName=IM30}
2023-03-31T04:15:28.956Z [INFO] (Thread-4) com.aws.greengrass.deployment.IotJobsHelper: Added cancellation deployment to the queue. {ThingName=IM30}
2023-03-31T04:15:29.060Z [INFO] (pool-2-thread-10) com.aws.greengrass.lifecyclemanager.Kernel: Attempt to load service from plugins. {serviceName=com.aws.HelloWorld}
2023-03-31T04:15:29.065Z [INFO] (pool-2-thread-10) com.aws.greengrass.status.FleetStatusService: fss-status-update-published. Status update published to FSS. {trigger=THING_GROUP_DEPLOYMENT, serviceName=FleetStatusService, currentState=RUNNING}
2023-03-31T04:15:29.066Z [INFO] (pool-2-thread-10) com.aws.greengrass.deployment.DeploymentDirectoryManager: Persist link to last deployment. {link=/test/greengrass/v2/deployments/previous-success}
2023-03-31T04:15:29.068Z [INFO] (pool-2-thread-10) com.aws.greengrass.deployment.DeploymentDirectoryManager: Clean up link to earlier deployment. {link=/test/greengrass/v2/deployments/previous-success}
2023-03-31T04:26:58.355Z [WARN] (Thread-1) com.aws.greengrass.lifecyclemanager.Kernel: Shutting down Nucleus due to external signal. {}
2023-03-31T04:26:58.356Z [INFO] (Thread-1) com.aws.greengrass.lifecyclemanager.KernelLifecycle: system-shutdown. {main=services.main:FINISHED}
2023-03-31T04:26:58.359Z [INFO] (pool-2-thread-25) com.aws.greengrass.lifecyclemanager.GenericExternalService: service-close. Service is now closing. {serviceName=main, currentState=FINISHED}
2023-03-31T04:26:58.361Z [INFO] (pool-2-thread-26) com.aws.greengrass.telemetry.TelemetryAgent: service-close. Service is now closing. {serviceName=TelemetryAgent, currentState=RUNNING}
2023-03-31T04:26:58.362Z [INFO] (pool-2-thread-25) com.aws.greengrass.lifecyclemanager.GenericExternalService: service-close. Service is now closing. {serviceName=aws.greengrass.LocalHelloWorld, currentState=FINISHED}
2023-03-31T04:26:58.362Z [INFO] (pool-2-thread-27) com.aws.greengrass.status.FleetStatusService: service-close. Service is now closing. {serviceName=FleetStatusService, currentState=RUNNING}
2023-03-31T04:26:58.362Z [INFO] (pool-2-thread-9) com.aws.greengrass.lifecyclemanager.UpdateSystemPolicyService: service-close. Service is now closing. {serviceName=UpdateSystemPolicyService, currentState=RUNNING}
2023-03-31T04:26:58.366Z [INFO] (pool-2-thread-28) com.aws.greengrass.deployment.DeploymentService: service-close. Service is now closing. {serviceName=DeploymentService, currentState=RUNNING}
2023-03-31T04:26:58.366Z [INFO] (UpdateSystemPolicyService-lifecycle) com.aws.greengrass.lifecyclemanager.UpdateSystemPolicyService: service-set-state. {serviceName=UpdateSystemPolicyService, currentState=RUNNING, newState=STOPPING}
2023-03-31T04:26:58.367Z [INFO] (Thread-1) com.aws.greengrass.lifecyclemanager.KernelLifecycle: Waiting for services to shutdown. {}
2023-03-31T04:26:58.367Z [INFO] (DeploymentService-lifecycle) com.aws.greengrass.deployment.DeploymentService: service-set-state. {serviceName=DeploymentService, currentState=RUNNING, newState=STOPPING}
2023-03-31T04:26:58.368Z [INFO] (TelemetryAgent-lifecycle) com.aws.greengrass.telemetry.TelemetryAgent: service-set-state. {serviceName=TelemetryAgent, currentState=RUNNING, newState=STOPPING}
2023-03-31T04:26:58.368Z [INFO] (pool-2-thread-29) com.aws.greengrass.lifecyclemanager.GenericExternalService: service-close. Service is now closing. {serviceName=aws.greengrass.Nucleus, currentState=FINISHED}
2023-03-31T04:26:58.369Z [INFO] (FleetStatusService-lifecycle) com.aws.greengrass.status.FleetStatusService: service-set-state. {serviceName=FleetStatusService, currentState=RUNNING, newState=STOPPING}
2023-03-31T04:26:58.369Z [INFO] (pool-2-thread-5) com.aws.greengrass.telemetry.TelemetryAgent: Cancelling all telemetry scheduled tasks.. {serviceName=TelemetryAgent, currentState=STOPPING}
2023-03-31T04:26:58.371Z [INFO] (TelemetryAgent-lifecycle) com.aws.greengrass.telemetry.TelemetryAgent: service-set-state. {serviceName=TelemetryAgent, currentState=STOPPING, newState=FINISHED}
2023-03-31T04:26:58.371Z [INFO] (UpdateSystemPolicyService-lifecycle) com.aws.greengrass.lifecyclemanager.UpdateSystemPolicyService: Stopping backingTask start. {serviceName=UpdateSystemPolicyService, currentState=STOPPING}
2023-03-31T04:26:58.372Z [INFO] (UpdateSystemPolicyService-lifecycle) com.aws.greengrass.lifecyclemanager.UpdateSystemPolicyService: service-set-state. {serviceName=UpdateSystemPolicyService, currentState=STOPPING, newState=FINISHED}
2023-03-31T04:26:58.373Z [INFO] (FleetStatusService-lifecycle) com.aws.greengrass.status.FleetStatusService: service-set-state. {serviceName=FleetStatusService, currentState=STOPPING, newState=FINISHED}
2023-03-31T04:26:58.372Z [INFO] (DeploymentService-lifecycle) com.aws.greengrass.deployment.DeploymentService: Stopping backingTask start. {serviceName=DeploymentService, currentState=STOPPING}
2023-03-31T04:26:58.373Z [WARN] (pool-2-thread-16) com.aws.greengrass.lifecyclemanager.UpdateSystemPolicyService: service-run-interrupted. Service interrupted while running startup. {serviceName=UpdateSystemPolicyService, currentState=FINISHED}
2023-03-31T04:26:58.375Z [WARN] (pool-2-thread-10) com.aws.greengrass.deployment.DeploymentService: service-run-interrupted. Service interrupted while running startup. {serviceName=DeploymentService, currentState=STOPPING}
2023-03-31T04:26:58.375Z [INFO] (DeploymentService-lifecycle) com.aws.greengrass.deployment.DeploymentService: service-set-state. {serviceName=DeploymentService, currentState=STOPPING, newState=FINISHED}
2023-03-31T04:26:58.409Z [INFO] (Thread-1) com.aws.greengrass.lifecyclemanager.Kernel: effective-config-dump-complete. {file=/test/greengrass/v2/config/effectiveConfig.yaml}
2023-03-31T04:26:58.412Z [INFO] (Serialized listener processor) com.aws.greengrass.lifecyclemanager.KernelLifecycle: executor-service-shutdown-initiated. {}
2023-03-31T04:26:58.413Z [WARN] (pool-2-thread-15) com.aws.greengrass.mqttclient.MqttClient: Shutting down spooler task. {}
2023-03-31T04:26:58.415Z [INFO] (Thread-1) com.aws.greengrass.lifecyclemanager.KernelLifecycle: Waiting for executors to shutdown. {}
2023-03-31T04:26:58.417Z [INFO] (Thread-1) com.aws.greengrass.lifecyclemanager.KernelLifecycle: executor-service-shutdown-complete. {executor-terminated=true, scheduled-executor-terminated=true}
2023-03-31T04:26:58.419Z [INFO] (Thread-1) com.aws.greengrass.lifecyclemanager.KernelLifecycle: context-shutdown-initiated. {}
2023-03-31T04:26:58.426Z [INFO] (Thread-1) com.aws.greengrass.lifecyclemanager.KernelLifecycle: context-shutdown-complete. {}
2023-03-31T04:27:26.913Z [INFO] (main) com.aws.greengrass.util.platforms.Platform: Getting platform instance com.aws.greengrass.util.platforms.unix.linux.LinuxPlatform.. {}
2023-03-31T04:27:27.021Z [INFO] (main) com.aws.greengrass.lifecyclemanager.Kernel: No ongoing deployment detected. Proceed as default. {}
2023-03-31T04:27:27.788Z [INFO] (main) com.aws.greengrass.config.Configuration: config-loading. Read configuration from a file path. {path=/test/greengrass/v2/config/config.tlog}
2023-03-31T04:27:28.611Z [INFO] (main) com.aws.greengrass.lifecyclemanager.Kernel: effective-config-dump-complete. {file=/test/greengrass/v2/config/effectiveConfig.yaml}
2023-03-31T04:27:29.282Z [INFO] (main) com.aws.greengrass.lifecyclemanager.KernelLifecycle: system-start. Launch Nucleus. {configPath=/test/greengrass/v2/config, rootPath=/test/greengrass/v2, version=2.9.4}
2023-03-31T04:27:29.883Z [INFO] (main) software.amazon.awssdk.eventstreamrpc.RpcServer: IpcServer started.... {}
2023-03-31T04:27:30.117Z [INFO] (main) com.aws.greengrass.security.SecurityService: Register crypto key service provider. {keyType=file}
2023-03-31T04:27:30.122Z [INFO] (main) com.aws.greengrass.security.SecurityService: Register crypto key service provider. {keyType=file}
2023-03-31T04:27:30.154Z [INFO] (main) com.aws.greengrass.mqttclient.spool.Spool: Spooler has been configured. {maxSizeInBytes=2621440, storageType=Memory, keepQos0WhenOffline=false}
2023-03-31T04:27:30.338Z [INFO] (main) com.aws.greengrass.lifecyclemanager.KernelLifecycle: serviceImplementors: {UpdateSystemPolicyService:class com.aws.greengrass.lifecyclemanager.UpdateSystemPolicyService...}. {}
2023-03-31T04:27:30.350Z [INFO] (main) com.aws.greengrass.lifecyclemanager.Kernel: Attempt to load service from plugins. {serviceName=FleetStatusService}
2023-03-31T04:27:30.468Z [INFO] (main) com.aws.greengrass.lifecyclemanager.Kernel: Attempt to load service from plugins. {serviceName=DeploymentService}
2023-03-31T04:27:30.661Z [INFO] (main) com.aws.greengrass.lifecyclemanager.Kernel: Attempt to load service from plugins. {serviceName=aws.greengrass.LocalHelloWorld}
2023-03-31T04:27:30.727Z [INFO] (pool-2-thread-3) com.aws.greengrass.mqttclient.AwsIotMqttClient: Connecting to AWS IoT Core. {clientId=IM30}
2023-03-31T04:27:30.738Z [INFO] (main) com.aws.greengrass.lifecyclemanager.Kernel: Attempt to load service from plugins. {serviceName=TelemetryAgent}
2023-03-31T04:27:30.967Z [INFO] (main) com.aws.greengrass.lifecyclemanager.Kernel: Attempt to load service from plugins. {serviceName=aws.greengrass.Nucleus}
2023-03-31T04:27:31.020Z [INFO] (main) com.aws.greengrass.lifecyclemanager.Kernel: Attempt to load service from plugins. {serviceName=UpdateSystemPolicyService}
2023-03-31T04:27:31.030Z [INFO] (main) com.aws.greengrass.lifecyclemanager.Kernel: Attempt to load service from plugins. {serviceName=main}
2023-03-31T04:27:31.169Z [INFO] (main) com.aws.greengrass.lifecyclemanager.Kernel: effective-config-dump-complete. {file=/test/greengrass/v2/config/effectiveConfig.yaml}
2023-03-31T04:27:31.170Z [INFO] (main) com.aws.greengrass.lifecyclemanager.KernelLifecycle: system-start. {main=services.main:NEW}
2023-03-31T04:27:31.210Z [INFO] (UpdateSystemPolicyService-lifecycle) com.aws.greengrass.lifecyclemanager.UpdateSystemPolicyService: service-set-state. {serviceName=UpdateSystemPolicyService, currentState=NEW, newState=INSTALLED}
2023-03-31T04:27:31.231Z [INFO] (aws.greengrass.LocalHelloWorld-lifecycle) com.aws.greengrass.lifecyclemanager.GenericExternalService: service-set-state. {serviceName=aws.greengrass.LocalHelloWorld, currentState=NEW, newState=INSTALLED}
2023-03-31T04:27:31.233Z [INFO] (DeploymentService-lifecycle) com.aws.greengrass.deployment.DeploymentService: service-set-state. {serviceName=DeploymentService, currentState=NEW, newState=INSTALLED}
2023-03-31T04:27:31.236Z [INFO] (TelemetryAgent-lifecycle) com.aws.greengrass.telemetry.TelemetryAgent: service-set-state. {serviceName=TelemetryAgent, currentState=NEW, newState=INSTALLED}
2023-03-31T04:27:31.238Z [INFO] (UpdateSystemPolicyService-lifecycle) com.aws.greengrass.lifecyclemanager.UpdateSystemPolicyService: service-set-state. {serviceName=UpdateSystemPolicyService, currentState=INSTALLED, newState=STARTING}
2023-03-31T04:27:31.242Z [INFO] (DeploymentService-lifecycle) com.aws.greengrass.deployment.DeploymentService: service-set-state. {serviceName=DeploymentService, currentState=INSTALLED, newState=STARTING}
2023-03-31T04:27:31.244Z [INFO] (aws.greengrass.LocalHelloWorld-lifecycle) com.aws.greengrass.lifecyclemanager.GenericExternalService: service-set-state. {serviceName=aws.greengrass.LocalHelloWorld, currentState=INSTALLED, newState=STARTING}
2023-03-31T04:27:31.248Z [INFO] (TelemetryAgent-lifecycle) com.aws.greengrass.telemetry.TelemetryAgent: service-set-state. {serviceName=TelemetryAgent, currentState=INSTALLED, newState=STARTING}
2023-03-31T04:27:31.260Z [INFO] (TelemetryAgent-lifecycle) com.aws.greengrass.telemetry.TelemetryAgent: service-set-state. {serviceName=TelemetryAgent, currentState=STARTING, newState=RUNNING}
2023-03-31T04:27:31.266Z [INFO] (UpdateSystemPolicyService-lifecycle) com.aws.greengrass.lifecyclemanager.UpdateSystemPolicyService: service-set-state. {serviceName=UpdateSystemPolicyService, currentState=STARTING, newState=RUNNING}
2023-03-31T04:27:31.269Z [INFO] (main-lifecycle) com.aws.greengrass.lifecyclemanager.GenericExternalService: service-set-state. {serviceName=main, currentState=NEW, newState=INSTALLED}
2023-03-31T04:27:31.269Z [INFO] (aws.greengrass.Nucleus-lifecycle) com.aws.greengrass.lifecyclemanager.GenericExternalService: service-set-state. {serviceName=aws.greengrass.Nucleus, currentState=NEW, newState=INSTALLED}
2023-03-31T04:27:31.274Z [INFO] (DeploymentService-lifecycle) com.aws.greengrass.deployment.DeploymentService: service-set-state. {serviceName=DeploymentService, currentState=STARTING, newState=RUNNING}
2023-03-31T04:27:31.284Z [INFO] (FleetStatusService-lifecycle) com.aws.greengrass.status.FleetStatusService: service-set-state. {serviceName=FleetStatusService, currentState=NEW, newState=INSTALLED}
2023-03-31T04:27:31.292Z [INFO] (aws.greengrass.Nucleus-lifecycle) com.aws.greengrass.lifecyclemanager.GenericExternalService: service-set-state. {serviceName=aws.greengrass.Nucleus, currentState=INSTALLED, newState=STARTING}
2023-03-31T04:27:31.298Z [INFO] (pool-2-thread-15) com.aws.greengrass.lifecyclemanager.GenericExternalService: generic-service-finished. Nothing done. {serviceName=aws.greengrass.Nucleus, currentState=STARTING}
2023-03-31T04:27:31.300Z [INFO] (aws.greengrass.Nucleus-lifecycle) com.aws.greengrass.lifecyclemanager.GenericExternalService: service-set-state. {serviceName=aws.greengrass.Nucleus, currentState=STARTING, newState=FINISHED}
2023-03-31T04:27:31.300Z [INFO] (FleetStatusService-lifecycle) com.aws.greengrass.status.FleetStatusService: service-set-state. {serviceName=FleetStatusService, currentState=INSTALLED, newState=STARTING}
2023-03-31T04:27:31.314Z [INFO] (aws.greengrass.Nucleus-lifecycle) com.aws.greengrass.lifecyclemanager.GenericExternalService: service-set-state. {serviceName=aws.greengrass.Nucleus, currentState=FINISHED, newState=STOPPING}
2023-03-31T04:27:31.318Z [INFO] (FleetStatusService-lifecycle) com.aws.greengrass.status.FleetStatusService: service-set-state. {serviceName=FleetStatusService, currentState=STARTING, newState=RUNNING}
2023-03-31T04:27:31.320Z [INFO] (pool-2-thread-14) com.aws.greengrass.lifecyclemanager.GenericExternalService: Shutdown initiated. {serviceName=aws.greengrass.Nucleus, currentState=STOPPING}
2023-03-31T04:27:31.324Z [INFO] (pool-2-thread-14) com.aws.greengrass.lifecyclemanager.GenericExternalService: generic-service-shutdown. {serviceName=aws.greengrass.Nucleus, currentState=STOPPING}
2023-03-31T04:27:31.327Z [INFO] (aws.greengrass.Nucleus-lifecycle) com.aws.greengrass.lifecyclemanager.GenericExternalService: service-set-state. {serviceName=aws.greengrass.Nucleus, currentState=STOPPING, newState=FINISHED}
2023-03-31T04:27:31.377Z [INFO] (aws.greengrass.LocalHelloWorld-lifecycle) com.aws.greengrass.lifecyclemanager.GenericExternalService: service-set-state. {serviceName=aws.greengrass.LocalHelloWorld, currentState=STARTING, newState=RUNNING}
2023-03-31T04:27:31.380Z [INFO] (main-lifecycle) com.aws.greengrass.lifecyclemanager.GenericExternalService: service-set-state. {serviceName=main, currentState=INSTALLED, newState=STARTING}
2023-03-31T04:27:31.386Z [INFO] (main-lifecycle) com.aws.greengrass.lifecyclemanager.GenericExternalService: service-set-state. {serviceName=main, currentState=STARTING, newState=FINISHED}
2023-03-31T04:27:31.389Z [INFO] (main-lifecycle) com.aws.greengrass.lifecyclemanager.GenericExternalService: service-set-state. {serviceName=main, currentState=FINISHED, newState=STOPPING}
2023-03-31T04:27:31.392Z [INFO] (pool-2-thread-12) com.aws.greengrass.lifecyclemanager.GenericExternalService: generic-service-finished. Nothing done. {serviceName=main, currentState=STOPPING}
2023-03-31T04:27:31.394Z [INFO] (pool-2-thread-16) com.aws.greengrass.lifecyclemanager.GenericExternalService: Shutdown initiated. {serviceName=main, currentState=STOPPING}
2023-03-31T04:27:31.395Z [INFO] (pool-2-thread-16) com.aws.greengrass.lifecyclemanager.GenericExternalService: generic-service-shutdown. {serviceName=main, currentState=STOPPING}
2023-03-31T04:27:31.397Z [INFO] (main-lifecycle) com.aws.greengrass.lifecyclemanager.GenericExternalService: service-set-state. {serviceName=main, currentState=STOPPING, newState=FINISHED}
2023-03-31T04:27:31.409Z [INFO] (main) com.aws.greengrass.status.FleetStatusService: fss-status-update-published. Status update published to FSS. {trigger=NUCLEUS_LAUNCH, serviceName=FleetStatusService, currentState=RUNNING}
2023-03-31T04:27:31.651Z [INFO] (Copier) com.aws.greengrass.lifecyclemanager.GenericExternalService: Run script exited. {exitCode=0, serviceName=aws.greengrass.LocalHelloWorld, currentState=RUNNING}
2023-03-31T04:27:31.654Z [INFO] (Copier) com.aws.greengrass.lifecyclemanager.GenericExternalService: generic-service-stopping. Service finished running. {serviceName=aws.greengrass.LocalHelloWorld, currentState=RUNNING}
2023-03-31T04:27:31.655Z [INFO] (aws.greengrass.LocalHelloWorld-lifecycle) com.aws.greengrass.lifecyclemanager.GenericExternalService: service-set-state. {serviceName=aws.greengrass.LocalHelloWorld, currentState=RUNNING, newState=STOPPING}
2023-03-31T04:27:31.658Z [INFO] (pool-2-thread-12) com.aws.greengrass.lifecyclemanager.GenericExternalService: Shutdown initiated. {serviceName=aws.greengrass.LocalHelloWorld, currentState=STOPPING}
2023-03-31T04:27:31.659Z [INFO] (pool-2-thread-12) com.aws.greengrass.lifecyclemanager.GenericExternalService: generic-service-shutdown. {serviceName=aws.greengrass.LocalHelloWorld, currentState=STOPPING}
2023-03-31T04:27:31.661Z [INFO] (aws.greengrass.LocalHelloWorld-lifecycle) com.aws.greengrass.lifecyclemanager.GenericExternalService: service-set-state. {serviceName=aws.greengrass.LocalHelloWorld, currentState=STOPPING, newState=FINISHED}
2023-03-31T04:27:41.800Z [INFO] (Thread-4) com.aws.greengrass.mqttclient.AwsIotMqttClient: Connecting to AWS IoT Core. {clientId=IM30}
2023-03-31T04:27:41.802Z [INFO] (Thread-4) com.aws.greengrass.mqttclient.AwsIotMqttClient: Connection purposefully interrupted. {clientId=IM30}
2023-03-31T04:27:42.639Z [INFO] (Thread-4) com.aws.greengrass.mqttclient.AwsIotMqttClient: Successfully connected to AWS IoT Core. {clientId=IM30, sessionPresent=false}
2023-03-31T04:27:43.566Z [INFO] (pool-2-thread-3) com.aws.greengrass.deployment.IotJobsHelper: Updating status of persisted deployment. {Status=SUCCEEDED, StatusDetails={detailed-deployment-status=SUCCESSFUL}, ThingName=IM30, JobId=a79484a2-deeb-4032-966d-b01a14e1dfaf}
2023-03-31T04:27:43.858Z [INFO] (Thread-4) com.aws.greengrass.deployment.IotJobsHelper: No deployment job found. {ThingName=IM30}
2023-03-31T04:27:44.711Z [INFO] (Thread-4) com.aws.greengrass.deployment.ShadowDeploymentListener: Deployment was canceled. Ignoring shadow update at startup. {CONFIGURATION_ARN=arn:aws:greengrass:us-west-2:116407744508:configuration:thing/IM30:156}
2023-03-31T04:27:44.720Z [WARN] (Thread-4) com.aws.greengrass.deployment.IotJobsHelper: Job status updated rejected. {Status=SUCCEEDED, ThingName=IM30, JobId=a79484a2-deeb-4032-966d-b01a14e1dfaf}
2023-03-31T04:27:45.249Z [ERROR] (pool-2-thread-3) com.aws.greengrass.deployment.IotJobsHelper: Job status update rejected. {Status=SUCCEEDED, ThingName=IM30, JobId=a79484a2-deeb-4032-966d-b01a14e1dfaf}
java.util.concurrent.ExecutionException: java.lang.Exception: Job a79484a2-deeb-4032-966d-b01a14e1dfaf for IM30 has already finished with status SUCCEEDED
	at java.base/java.util.concurrent.CompletableFuture.reportGet(CompletableFuture.java:396)
	at java.base/java.util.concurrent.CompletableFuture.get(CompletableFuture.java:2096)
	at com.aws.greengrass.deployment.IotJobsHelper.updateJobStatus(IotJobsHelper.java:455)
	at com.aws.greengrass.deployment.IotJobsHelper.deploymentStatusChanged(IotJobsHelper.java:378)
	at com.aws.greengrass.deployment.DeploymentStatusKeeper.lambda$publishPersistedStatusUpdates$2(DeploymentStatusKeeper.java:138)
	at java.base/java.util.stream.MatchOps$1MatchSink.accept(MatchOps.java:90)
	at java.base/java.util.ArrayList$ArrayListSpliterator.tryAdvance(ArrayList.java:1602)
	at java.base/java.util.stream.ReferencePipeline.forEachWithCancel(ReferencePipeline.java:129)
	at java.base/java.util.stream.AbstractPipeline.copyIntoWithCancel(AbstractPipeline.java:527)
	at java.base/java.util.stream.AbstractPipeline.copyInto(AbstractPipeline.java:513)
	at java.base/java.util.stream.AbstractPipeline.wrapAndCopyInto(AbstractPipeline.java:499)
	at java.base/java.util.stream.MatchOps$MatchOp.evaluateSequential(MatchOps.java:230)
	at java.base/java.util.stream.MatchOps$MatchOp.evaluateSequential(MatchOps.java:196)
	at java.base/java.util.stream.AbstractPipeline.evaluate(AbstractPipeline.java:234)
	at java.base/java.util.stream.ReferencePipeline.allMatch(ReferencePipeline.java:637)
	at com.aws.greengrass.deployment.DeploymentStatusKeeper.publishPersistedStatusUpdates(DeploymentStatusKeeper.java:138)
	at com.aws.greengrass.deployment.IotJobsHelper.lambda$setupCommWithIotJobs$5(IotJobsHelper.java:350)
	at java.base/java.util.concurrent.Executors$RunnableAdapter.call(Executors.java:539)
	at java.base/java.util.concurrent.FutureTask.run(FutureTask.java:264)
	at java.base/java.util.concurrent.ThreadPoolExecutor.runWorker(ThreadPoolExecutor.java:1136)
	at java.base/java.util.concurrent.ThreadPoolExecutor$Worker.run(ThreadPoolExecutor.java:635)
	at java.base/java.lang.Thread.run(Thread.java:833)
Caused by: java.lang.Exception: Job a79484a2-deeb-4032-966d-b01a14e1dfaf for IM30 has already finished with status SUCCEEDED
	at com.aws.greengrass.deployment.IotJobsHelper.lambda$updateJobStatus$8(IotJobsHelper.java:431)
	at com.aws.greengrass.deployment.IotJobsClientWrapper.lambda$SubscribeToUpdateJobExecutionRejected$2(IotJobsClientWrapper.java:148)
	at com.aws.greengrass.mqttclient.MqttClient.lambda$getMessageHandlerForClient$15(MqttClient.java:802)
	at java.base/java.lang.Iterable.forEach(Iterable.java:75)
	at com.aws.greengrass.mqttclient.MqttClient.lambda$getMessageHandlerForClient$16(MqttClient.java:800)
	at software.amazon.awssdk.crt.mqtt.MqttClientConnection$MessageHandler.deliver(MqttClientConnection.java:48)

2023-03-31T04:27:45.345Z [INFO] (pool-2-thread-3) com.aws.greengrass.status.FleetStatusService: fss-status-update-published. Status update published to FSS. {trigger=THING_GROUP_DEPLOYMENT, serviceName=FleetStatusService, currentState=RUNNING}
2023-03-31T04:31:43.703Z [WARN] (Thread-1) com.aws.greengrass.lifecyclemanager.Kernel: Shutting down Nucleus due to external signal. {}
2023-03-31T04:31:43.704Z [INFO] (Thread-1) com.aws.greengrass.lifecyclemanager.KernelLifecycle: system-shutdown. {main=services.main:FINISHED}
2023-03-31T04:31:43.715Z [INFO] (pool-2-thread-17) com.aws.greengrass.lifecyclemanager.GenericExternalService: service-close. Service is now closing. {serviceName=main, currentState=FINISHED}
2023-03-31T04:31:43.718Z [INFO] (pool-2-thread-18) com.aws.greengrass.lifecyclemanager.GenericExternalService: service-close. Service is now closing. {serviceName=aws.greengrass.Nucleus, currentState=FINISHED}
2023-03-31T04:31:43.720Z [INFO] (pool-2-thread-19) com.aws.greengrass.telemetry.TelemetryAgent: service-close. Service is now closing. {serviceName=TelemetryAgent, currentState=RUNNING}
2023-03-31T04:31:43.722Z [INFO] (pool-2-thread-20) com.aws.greengrass.deployment.DeploymentService: service-close. Service is now closing. {serviceName=DeploymentService, currentState=RUNNING}
2023-03-31T04:31:43.724Z [INFO] (pool-2-thread-21) com.aws.greengrass.status.FleetStatusService: service-close. Service is now closing. {serviceName=FleetStatusService, currentState=RUNNING}
2023-03-31T04:31:43.729Z [INFO] (FleetStatusService-lifecycle) com.aws.greengrass.status.FleetStatusService: service-set-state. {serviceName=FleetStatusService, currentState=RUNNING, newState=STOPPING}
2023-03-31T04:31:43.731Z [INFO] (pool-2-thread-9) com.aws.greengrass.lifecyclemanager.UpdateSystemPolicyService: service-close. Service is now closing. {serviceName=UpdateSystemPolicyService, currentState=RUNNING}
2023-03-31T04:31:43.732Z [INFO] (Thread-1) com.aws.greengrass.lifecyclemanager.KernelLifecycle: Waiting for services to shutdown. {}
2023-03-31T04:31:43.732Z [INFO] (TelemetryAgent-lifecycle) com.aws.greengrass.telemetry.TelemetryAgent: service-set-state. {serviceName=TelemetryAgent, currentState=RUNNING, newState=STOPPING}
2023-03-31T04:31:43.732Z [INFO] (pool-2-thread-22) com.aws.greengrass.lifecyclemanager.GenericExternalService: service-close. Service is now closing. {serviceName=aws.greengrass.LocalHelloWorld, currentState=FINISHED}
2023-03-31T04:31:43.733Z [INFO] (UpdateSystemPolicyService-lifecycle) com.aws.greengrass.lifecyclemanager.UpdateSystemPolicyService: service-set-state. {serviceName=UpdateSystemPolicyService, currentState=RUNNING, newState=STOPPING}
2023-03-31T04:31:43.734Z [INFO] (pool-2-thread-17) com.aws.greengrass.telemetry.TelemetryAgent: Cancelling all telemetry scheduled tasks.. {serviceName=TelemetryAgent, currentState=STOPPING}
2023-03-31T04:31:43.735Z [INFO] (UpdateSystemPolicyService-lifecycle) com.aws.greengrass.lifecyclemanager.UpdateSystemPolicyService: Stopping backingTask start. {serviceName=UpdateSystemPolicyService, currentState=STOPPING}
2023-03-31T04:31:43.735Z [INFO] (FleetStatusService-lifecycle) com.aws.greengrass.status.FleetStatusService: service-set-state. {serviceName=FleetStatusService, currentState=STOPPING, newState=FINISHED}
2023-03-31T04:31:43.735Z [INFO] (TelemetryAgent-lifecycle) com.aws.greengrass.telemetry.TelemetryAgent: service-set-state. {serviceName=TelemetryAgent, currentState=STOPPING, newState=FINISHED}
2023-03-31T04:31:43.734Z [INFO] (DeploymentService-lifecycle) com.aws.greengrass.deployment.DeploymentService: service-set-state. {serviceName=DeploymentService, currentState=RUNNING, newState=STOPPING}
2023-03-31T04:31:43.736Z [WARN] (pool-2-thread-13) com.aws.greengrass.lifecyclemanager.UpdateSystemPolicyService: service-run-interrupted. Service interrupted while running startup. {serviceName=UpdateSystemPolicyService, currentState=STOPPING}
2023-03-31T04:31:43.738Z [INFO] (DeploymentService-lifecycle) com.aws.greengrass.deployment.DeploymentService: Stopping backingTask start. {serviceName=DeploymentService, currentState=STOPPING}
2023-03-31T04:31:43.738Z [INFO] (UpdateSystemPolicyService-lifecycle) com.aws.greengrass.lifecyclemanager.UpdateSystemPolicyService: service-set-state. {serviceName=UpdateSystemPolicyService, currentState=STOPPING, newState=FINISHED}
2023-03-31T04:31:43.739Z [WARN] (pool-2-thread-10) com.aws.greengrass.deployment.DeploymentService: service-run-interrupted. Service interrupted while running startup. {serviceName=DeploymentService, currentState=STOPPING}
2023-03-31T04:31:43.741Z [INFO] (DeploymentService-lifecycle) com.aws.greengrass.deployment.DeploymentService: service-set-state. {serviceName=DeploymentService, currentState=STOPPING, newState=FINISHED}
2023-03-31T04:31:43.790Z [INFO] (Thread-1) com.aws.greengrass.lifecyclemanager.Kernel: effective-config-dump-complete. {file=/test/greengrass/v2/config/effectiveConfig.yaml}
2023-03-31T04:31:43.794Z [WARN] (pool-2-thread-16) com.aws.greengrass.mqttclient.MqttClient: Shutting down spooler task. {}
2023-03-31T04:31:43.794Z [INFO] (Serialized listener processor) com.aws.greengrass.lifecyclemanager.KernelLifecycle: executor-service-shutdown-initiated. {}
2023-03-31T04:31:43.797Z [INFO] (Thread-1) com.aws.greengrass.lifecyclemanager.KernelLifecycle: Waiting for executors to shutdown. {}
2023-03-31T04:31:43.799Z [INFO] (Thread-1) com.aws.greengrass.lifecyclemanager.KernelLifecycle: executor-service-shutdown-complete. {executor-terminated=true, scheduled-executor-terminated=true}
2023-03-31T04:31:43.801Z [INFO] (Thread-1) com.aws.greengrass.lifecyclemanager.KernelLifecycle: context-shutdown-initiated. {}
2023-03-31T04:31:43.811Z [INFO] (Thread-1) com.aws.greengrass.lifecyclemanager.KernelLifecycle: context-shutdown-complete. {}
