2023-04-11T02:00:50.868Z [INFO] (pool-2-thread-31) com.aws.greengrass.componentmanager.ComponentManager: prepare-package-start. {packageIdentifier=aws.greengrass.Nucleus-v2.9.5}
2023-04-11T02:00:51.051Z [INFO] (pool-2-thread-30) com.aws.greengrass.lifecyclemanager.Kernel: Attempt to load service from plugins. {serviceName=aws.greengrass.IotMqttSubscriber}
2023-04-11T02:00:51.052Z [INFO] (pool-2-thread-30) com.aws.greengrass.lifecyclemanager.Kernel: Attempt to load service from plugins. {serviceName=aws.greengrass.IotMqttPublisher}
2023-04-11T02:00:51.054Z [INFO] (pool-2-thread-30) com.aws.greengrass.deployment.bootstrap.BootstrapManager: Bootstrap required for cleaning up plugin(s). {plugins-to-remove=[aws.greengrass.LambdaManager]}
2023-04-11T02:00:51.066Z [INFO] (pool-2-thread-30) com.aws.greengrass.lifecyclemanager.UpdateSystemPolicyService: register-service-update-action. {action=0d20cc4b-096f-4469-aeee-5f85d038a6d7, serviceName=UpdateSystemPolicyService, currentState=RUNNING}
2023-04-11T02:00:51.068Z [INFO] (pool-2-thread-31) com.aws.greengrass.lifecyclemanager.UpdateSystemPolicyService: service-update-start. {serviceName=UpdateSystemPolicyService, currentState=RUNNING}
2023-04-11T02:00:51.069Z [INFO] (pool-2-thread-31) com.aws.greengrass.lifecyclemanager.Kernel: Attempt to load service from plugins. {serviceName=aws.greengrass.IotMqttSubscriber}
2023-04-11T02:00:51.070Z [INFO] (pool-2-thread-31) com.aws.greengrass.lifecyclemanager.Kernel: Attempt to load service from plugins. {serviceName=aws.greengrass.IotMqttPublisher}
2023-04-11T02:00:51.072Z [INFO] (pool-2-thread-31) com.aws.greengrass.deployment.DeploymentConfigMerger: merge-config. Applying deployment changes, deployment cannot be cancelled now. {deployment=0d20cc4b-096f-4469-aeee-5f85d038a6d7}
2023-04-11T02:00:51.073Z [INFO] (pool-2-thread-31) com.aws.greengrass.deployment.DeploymentDirectoryManager: Persist configuration snapshot. {file=/test/greengrass/v2/deployments/0d20cc4b-096f-4469-aeee-5f85d038a6d7/rollback_snapshot.tlog}
2023-04-11T02:00:51.126Z [INFO] (pool-2-thread-32) com.aws.greengrass.lifecyclemanager.GenericExternalService: service-close. Service is now closing. {serviceName=main, currentState=INSTALLED}
2023-04-11T02:00:51.130Z [INFO] (pool-2-thread-33) com.aws.greengrass.lambdamanager.UserLambdaService: service-close. Service is now closing. {serviceInstance=1, serviceName=idt-ggv2-lambda-function-idt-8441531361292901792, currentState=RUNNING}
2023-04-11T02:00:51.135Z [INFO] (idt-ggv2-lambda-function-idt-8441531361292901792#1-lifecycle) com.aws.greengrass.lambdamanager.UserLambdaService: service-set-state. {serviceInstance=1, serviceName=idt-ggv2-lambda-function-idt-8441531361292901792, currentState=RUNNING, newState=STOPPING}
2023-04-11T02:00:51.139Z [INFO] (pool-2-thread-36) com.aws.greengrass.lambdamanager.UserLambdaService: Shutdown initiated. {serviceInstance=1, serviceName=idt-ggv2-lambda-function-idt-8441531361292901792, currentState=STOPPING}
2023-04-11T02:00:51.141Z [INFO] (main-lifecycle) com.aws.greengrass.lifecyclemanager.GenericExternalService: Stopping backingTask waiting for dependency ready. {serviceName=main, currentState=INSTALLED}
2023-04-11T02:00:51.143Z [WARN] (pool-2-thread-23) com.aws.greengrass.lifecyclemanager.GenericExternalService: service-dependency-error. Got interrupted while waiting for dependency ready. {serviceName=main, currentState=INSTALLED}
2023-04-11T02:00:51.149Z [INFO] (main-lifecycle) com.aws.greengrass.lifecyclemanager.GenericExternalService: service-set-state. {serviceName=main, currentState=INSTALLED, newState=FINISHED}
2023-04-11T02:00:51.154Z [INFO] (pool-2-thread-23) com.aws.greengrass.lifecyclemanager.GenericExternalService: service-close. Service is now closing. {serviceName=aws.greengrass.Nucleus, currentState=FINISHED}
2023-04-11T02:00:51.157Z [INFO] (pool-2-thread-2) com.aws.greengrass.lifecyclemanager.GenericExternalService: service-close. Service is now closing. {serviceName=aws.greengrass.LambdaRuntimes, currentState=FINISHED}
2023-04-11T02:00:51.161Z [INFO] (pool-2-thread-39) com.aws.greengrass.deployment.DeploymentService: service-close. Service is now closing. {serviceName=DeploymentService, currentState=RUNNING}
2023-04-11T02:00:51.161Z [INFO] (pool-2-thread-1) com.aws.greengrass.telemetry.TelemetryAgent: service-close. Service is now closing. {serviceName=TelemetryAgent, currentState=RUNNING}
2023-04-11T02:00:51.162Z [INFO] (DeploymentService-lifecycle) com.aws.greengrass.deployment.DeploymentService: service-set-state. {serviceName=DeploymentService, currentState=RUNNING, newState=STOPPING}
2023-04-11T02:00:51.162Z [INFO] (TelemetryAgent-lifecycle) com.aws.greengrass.telemetry.TelemetryAgent: service-set-state. {serviceName=TelemetryAgent, currentState=RUNNING, newState=STOPPING}
2023-04-11T02:00:51.164Z [INFO] (pool-2-thread-20) com.aws.greengrass.status.FleetStatusService: service-close. Service is now closing. {serviceName=FleetStatusService, currentState=RUNNING}
2023-04-11T02:00:51.164Z [INFO] (DeploymentService-lifecycle) com.aws.greengrass.deployment.DeploymentService: Stopping backingTask start. {serviceName=DeploymentService, currentState=STOPPING}
2023-04-11T02:00:51.163Z [INFO] (pool-2-thread-23) com.aws.greengrass.lifecyclemanager.UpdateSystemPolicyService: service-close. Service is now closing. {serviceName=UpdateSystemPolicyService, currentState=RUNNING}
2023-04-11T02:00:51.165Z [INFO] (DeploymentService-lifecycle) com.aws.greengrass.deployment.DeploymentService: service-set-state. {serviceName=DeploymentService, currentState=STOPPING, newState=FINISHED}
2023-04-11T02:00:51.165Z [WARN] (pool-2-thread-14) com.aws.greengrass.deployment.DeploymentService: service-run-interrupted. Service interrupted while running startup. {serviceName=DeploymentService, currentState=STOPPING}
2023-04-11T02:00:51.166Z [INFO] (FleetStatusService-lifecycle) com.aws.greengrass.status.FleetStatusService: service-set-state. {serviceName=FleetStatusService, currentState=RUNNING, newState=STOPPING}
2023-04-11T02:00:51.166Z [INFO] (pool-2-thread-31) com.aws.greengrass.lifecyclemanager.KernelLifecycle: Waiting for services to shutdown. {}
2023-04-11T02:00:51.168Z [INFO] (UpdateSystemPolicyService-lifecycle) com.aws.greengrass.lifecyclemanager.UpdateSystemPolicyService: service-set-state. {serviceName=UpdateSystemPolicyService, currentState=RUNNING, newState=STOPPING}
2023-04-11T02:00:51.168Z [INFO] (pool-2-thread-32) com.aws.greengrass.lambdamanager.LambdaManager: service-close. Service is now closing. {serviceName=aws.greengrass.LambdaManager, currentState=RUNNING}
2023-04-11T02:00:51.170Z [INFO] (UpdateSystemPolicyService-lifecycle) com.aws.greengrass.lifecyclemanager.UpdateSystemPolicyService: Stopping backingTask start. {serviceName=UpdateSystemPolicyService, currentState=STOPPING}
2023-04-11T02:00:51.171Z [INFO] (FleetStatusService-lifecycle) com.aws.greengrass.status.FleetStatusService: service-set-state. {serviceName=FleetStatusService, currentState=STOPPING, newState=FINISHED}
2023-04-11T02:00:51.171Z [INFO] (UpdateSystemPolicyService-lifecycle) com.aws.greengrass.lifecyclemanager.UpdateSystemPolicyService: service-set-state. {serviceName=UpdateSystemPolicyService, currentState=STOPPING, newState=FINISHED}
2023-04-11T02:00:51.171Z [WARN] (pool-2-thread-8) com.aws.greengrass.lifecyclemanager.UpdateSystemPolicyService: service-run-interrupted. Service interrupted while running startup. {serviceName=UpdateSystemPolicyService, currentState=STOPPING}
2023-04-11T02:00:51.161Z [INFO] (pool-2-thread-34) com.aws.greengrass.lambdamanager.UserLambdaService: service-close. Service is now closing. {serviceInstance=0, serviceName=idt-ggv2-lambda-function-idt-8441531361292901792, currentState=NEW}
2023-04-11T02:00:51.173Z [INFO] (pool-2-thread-35) com.aws.greengrass.lambdamanager.UserLambdaService: service-close. Service is now closing. {serviceInstance=1, serviceName=idt-ggv2-lambda-function-idt-8441531361292901792, currentState=STOPPING}
2023-04-11T02:00:51.175Z [INFO] (pool-2-thread-38) com.aws.greengrass.tes.TokenExchangeService: service-close. Service is now closing. {serviceName=aws.greengrass.TokenExchangeService, currentState=RUNNING}
2023-04-11T02:00:51.173Z [INFO] (pool-2-thread-37) com.aws.greengrass.lifecyclemanager.GenericExternalService: service-close. Service is now closing. {serviceName=aws.greengrass.LambdaLauncher, currentState=FINISHED}
2023-04-11T02:00:51.179Z [INFO] (pool-2-thread-40) com.aws.greengrass.telemetry.TelemetryAgent: Cancelling all telemetry scheduled tasks.. {serviceName=TelemetryAgent, currentState=STOPPING}
2023-04-11T02:00:51.181Z [INFO] (TelemetryAgent-lifecycle) com.aws.greengrass.telemetry.TelemetryAgent: service-set-state. {serviceName=TelemetryAgent, currentState=STOPPING, newState=FINISHED}
2023-04-11T02:00:51.607Z [INFO] (pool-2-thread-17) com.aws.greengrass.lambdamanager.LambdaRequestHandler: get-work-item. Get work operation got interrupted. {arn=arn:aws:lambda:us-west-2:116407744508:function:idt-ggv2-lambda-function-idt-8441531361292901792:1}
2023-04-11T02:00:51.874Z [INFO] (pool-2-thread-36) com.aws.greengrass.lambdamanager.UserLambdaService: generic-service-shutdown. {serviceInstance=1, serviceName=idt-ggv2-lambda-function-idt-8441531361292901792, currentState=STOPPING}
2023-04-11T02:00:51.880Z [INFO] (idt-ggv2-lambda-function-idt-8441531361292901792#1-lifecycle) com.aws.greengrass.lambdamanager.UserLambdaService: service-set-state. {serviceInstance=1, serviceName=idt-ggv2-lambda-function-idt-8441531361292901792, currentState=STOPPING, newState=FINISHED}
2023-04-11T02:00:51.882Z [INFO] (aws.greengrass.TokenExchangeService-lifecycle) com.aws.greengrass.tes.TokenExchangeService: service-set-state. {serviceName=aws.greengrass.TokenExchangeService, currentState=RUNNING, newState=STOPPING}
2023-04-11T02:00:51.882Z [INFO] (aws.greengrass.LambdaManager-lifecycle) com.aws.greengrass.lambdamanager.LambdaManager: service-set-state. {serviceName=aws.greengrass.LambdaManager, currentState=RUNNING, newState=STOPPING}
2023-04-11T02:00:51.883Z [INFO] (pool-2-thread-35) com.aws.greengrass.lambdamanager.LambdaServer: Shutting down lambda server. {}
2023-04-11T02:00:51.883Z [INFO] (pool-2-thread-19) com.aws.greengrass.tes.TokenExchangeService: TokenExchangeService is shutting down!. {serviceName=aws.greengrass.TokenExchangeService, currentState=STOPPING}
2023-04-11T02:00:51.992Z [INFO] (aws.greengrass.LambdaManager-lifecycle) com.aws.greengrass.lambdamanager.LambdaManager: service-set-state. {serviceName=aws.greengrass.LambdaManager, currentState=STOPPING, newState=FINISHED}
2023-04-11T02:00:51.992Z [WARN] (pool-2-thread-22) com.aws.greengrass.lambdamanager.FileSync: file-sync. Thread interrupted while waiting. {}
2023-04-11T02:00:52.887Z [INFO] (pool-2-thread-19) com.aws.greengrass.tes.TokenExchangeService: Stopped server at port 38157. {serviceName=aws.greengrass.TokenExchangeService, currentState=STOPPING}
2023-04-11T02:00:52.888Z [INFO] (aws.greengrass.TokenExchangeService-lifecycle) com.aws.greengrass.tes.TokenExchangeService: service-set-state. {serviceName=aws.greengrass.TokenExchangeService, currentState=STOPPING, newState=FINISHED}
2023-04-11T02:00:52.935Z [INFO] (pool-2-thread-31) com.aws.greengrass.lifecyclemanager.Kernel: effective-config-dump-complete. {file=/test/greengrass/v2/config/effectiveConfig.yaml}
2023-04-11T02:00:52.943Z [INFO] (pool-2-thread-31) com.aws.greengrass.deployment.DeploymentDirectoryManager: Persist configuration snapshot. {file=/test/greengrass/v2/deployments/0d20cc4b-096f-4469-aeee-5f85d038a6d7/target_config.tlog}
2023-04-11T02:00:52.977Z [INFO] (Serialized listener processor) com.aws.greengrass.lifecyclemanager.Kernel: Attempt to load service from plugins. {serviceName=aws.greengrass.IotMqttSubscriber}
2023-04-11T02:00:52.982Z [INFO] (pool-2-thread-31) com.aws.greengrass.deployment.bootstrap.BootstrapManager: Saving bootstrap task list to file. {filePath=/test/greengrass/v2/deployments/0d20cc4b-096f-4469-aeee-5f85d038a6d7/bootstrap_task.json}
2023-04-11T02:00:52.991Z [INFO] (pool-2-thread-31) com.aws.greengrass.deployment.bootstrap.BootstrapManager: Bootstrap task list is saved to file. {filePath=/test/greengrass/v2/deployments/0d20cc4b-096f-4469-aeee-5f85d038a6d7/bootstrap_task.json}
2023-04-11T02:00:52.991Z [INFO] (pool-2-thread-31) com.aws.greengrass.lifecyclemanager.KernelAlternatives: Setting up launch directory for new Nucleus. {}
2023-04-11T02:00:52.999Z [INFO] (Serialized listener processor) com.aws.greengrass.lifecyclemanager.Kernel: Attempt to load service from plugins. {serviceName=aws.greengrass.IotMqttPublisher}
2023-04-11T02:00:53.002Z [INFO] (pool-2-thread-31) com.aws.greengrass.lifecyclemanager.KernelAlternatives: Finished setup of launch directory for new Nucleus. {}
2023-04-11T02:00:53.003Z [INFO] (pool-2-thread-31) com.aws.greengrass.deployment.activator.DeploymentActivator: Completed all bootstrap tasks. Continue to activate deployment changes. {}
2023-04-11T02:00:53.003Z [INFO] (pool-2-thread-31) com.aws.greengrass.deployment.activator.DeploymentActivator: Nucleus restart requested to complete bootstrap task. {}
2023-04-11T02:00:53.004Z [INFO] (pool-2-thread-31) com.aws.greengrass.lifecyclemanager.KernelLifecycle: system-shutdown. {main=services.main:FINISHED}
2023-04-11T02:00:53.261Z [INFO] (pool-2-thread-19) com.aws.greengrass.lifecyclemanager.GenericExternalService: service-close. Service is now closing. {serviceName=main, currentState=FINISHED}
2023-04-11T02:00:53.263Z [INFO] (pool-2-thread-18) com.aws.greengrass.lifecyclemanager.GenericExternalService: service-close. Service is now closing. {serviceName=aws.greengrass.IotMqttSubscriber, currentState=NEW}
2023-04-11T02:00:53.261Z [INFO] (pool-2-thread-22) com.aws.greengrass.lifecyclemanager.GenericExternalService: service-close. Service is now closing. {serviceName=aws.greengrass.IotMqttPublisher, currentState=NEW}
2023-04-11T02:00:53.263Z [INFO] (pool-2-thread-35) com.aws.greengrass.lifecyclemanager.GenericExternalService: service-close. Service is now closing. {serviceName=aws.greengrass.Nucleus, currentState=FINISHED}
2023-04-11T02:00:53.263Z [INFO] (pool-2-thread-32) com.aws.greengrass.deployment.DeploymentService: service-close. Service is now closing. {serviceName=DeploymentService, currentState=FINISHED}
2023-04-11T02:00:53.265Z [INFO] (pool-2-thread-37) com.aws.greengrass.status.FleetStatusService: service-close. Service is now closing. {serviceName=FleetStatusService, currentState=FINISHED}
2023-04-11T02:00:53.265Z [INFO] (pool-2-thread-19) com.aws.greengrass.lifecyclemanager.UpdateSystemPolicyService: service-close. Service is now closing. {serviceName=UpdateSystemPolicyService, currentState=FINISHED}
2023-04-11T02:00:53.265Z [INFO] (pool-2-thread-38) com.aws.greengrass.telemetry.TelemetryAgent: service-close. Service is now closing. {serviceName=TelemetryAgent, currentState=FINISHED}
2023-04-11T02:00:53.266Z [INFO] (pool-2-thread-31) com.aws.greengrass.lifecyclemanager.KernelLifecycle: Waiting for services to shutdown. {}
2023-04-11T02:00:53.307Z [INFO] (pool-2-thread-31) com.aws.greengrass.lifecyclemanager.Kernel: effective-config-dump-complete. {file=/test/greengrass/v2/config/effectiveConfig.yaml}
2023-04-11T02:00:53.311Z [WARN] (pool-2-thread-13) com.aws.greengrass.mqttclient.MqttClient: Shutting down spooler task. {}
2023-04-11T02:00:53.311Z [INFO] (pool-2-thread-31) com.aws.greengrass.lifecyclemanager.KernelLifecycle: Waiting for executors to shutdown. {}
2023-04-11T02:00:53.315Z [INFO] (pool-2-thread-30) com.aws.greengrass.deployment.DeploymentService: deployment-task-execution. Cancelled deployment merge future due to interrupt, update may not get cancelled if it is already being applied. {deploymentId=0d20cc4b-096f-4469-aeee-5f85d038a6d7, serviceName=DeploymentService, currentState=FINISHED}
2023-04-11T02:00:53.312Z [INFO] (Serialized listener processor) com.aws.greengrass.lifecyclemanager.KernelLifecycle: executor-service-shutdown-initiated. {}
2023-04-11T02:01:23.313Z [INFO] (pool-2-thread-31) com.aws.greengrass.lifecyclemanager.KernelLifecycle: executor-service-shutdown-complete. {executor-terminated=false, scheduled-executor-terminated=true}
2023-04-11T02:01:23.315Z [INFO] (pool-2-thread-31) com.aws.greengrass.lifecyclemanager.KernelLifecycle: context-shutdown-initiated. {}
2023-04-11T02:01:23.321Z [INFO] (Thread-4) com.aws.greengrass.mqttclient.AwsIotMqttClient: Connection purposefully interrupted. {clientId=EACIM20}
2023-04-11T02:01:23.323Z [INFO] (pool-2-thread-31) com.aws.greengrass.lifecyclemanager.KernelLifecycle: context-shutdown-complete. {}
2023-04-11T02:01:26.915Z [INFO] (main) com.aws.greengrass.util.platforms.Platform: Getting platform instance com.aws.greengrass.util.platforms.unix.linux.LinuxPlatform.. {}
2023-04-11T02:01:27.291Z [INFO] (main) com.aws.greengrass.config.Configuration: config-loading. Read configuration from a file path. {path=/test/greengrass/v2/deployments/0d20cc4b-096f-4469-aeee-5f85d038a6d7/target_config.tlog}
2023-04-11T02:01:27.899Z [INFO] (main) com.aws.greengrass.lifecyclemanager.Kernel: effective-config-dump-complete. {file=/test/greengrass/v2/config/effectiveConfig.yaml}
2023-04-11T02:01:28.479Z [INFO] (main) com.aws.greengrass.lifecyclemanager.Kernel: Resume deployment. {deploymentStage=KERNEL_ACTIVATION}
2023-04-11T02:01:28.483Z [INFO] (main) com.aws.greengrass.deployment.DeploymentDirectoryManager: Load deployment metadata. {file=/test/greengrass/v2/deployments/0d20cc4b-096f-4469-aeee-5f85d038a6d7/deployment_metadata.json}
2023-04-11T02:01:28.751Z [INFO] (main) com.aws.greengrass.lifecyclemanager.KernelLifecycle: system-start. Launch Nucleus. {configPath=/test/greengrass/v2/config, rootPath=/test/greengrass/v2, version=2.9.5}
2023-04-11T02:01:29.298Z [INFO] (main) software.amazon.awssdk.eventstreamrpc.RpcServer: IpcServer started.... {}
2023-04-11T02:01:29.541Z [INFO] (main) com.aws.greengrass.security.SecurityService: Register crypto key service provider. {keyType=file}
2023-04-11T02:01:29.544Z [INFO] (main) com.aws.greengrass.security.SecurityService: Register crypto key service provider. {keyType=file}
2023-04-11T02:01:29.572Z [INFO] (main) com.aws.greengrass.mqttclient.spool.Spool: Spooler has been configured. {maxSizeInBytes=2621440, storageType=Memory, keepQos0WhenOffline=false}
2023-04-11T02:01:29.692Z [INFO] (main) com.aws.greengrass.lifecyclemanager.KernelLifecycle: serviceImplementors: {UpdateSystemPolicyService:class com.aws.greengrass.lifecyclemanager.UpdateSystemPolicyService...}. {}
2023-04-11T02:01:29.708Z [INFO] (main) com.aws.greengrass.lifecyclemanager.Kernel: Attempt to load service from plugins. {serviceName=aws.greengrass.IotMqttSubscriber}
2023-04-11T02:01:29.816Z [INFO] (main) com.aws.greengrass.lifecyclemanager.Kernel: Attempt to load service from plugins. {serviceName=FleetStatusService}
2023-04-11T02:01:29.861Z [INFO] (main) com.aws.greengrass.lifecyclemanager.Kernel: Attempt to load service from plugins. {serviceName=DeploymentService}
2023-04-11T02:01:30.036Z [INFO] (main) com.aws.greengrass.lifecyclemanager.Kernel: Attempt to load service from plugins. {serviceName=aws.greengrass.IotMqttPublisher}
2023-04-11T02:01:30.092Z [INFO] (main) com.aws.greengrass.lifecyclemanager.Kernel: Attempt to load service from plugins. {serviceName=TelemetryAgent}
2023-04-11T02:01:30.103Z [INFO] (pool-2-thread-4) com.aws.greengrass.mqttclient.AwsIotMqttClient: Connecting to AWS IoT Core. {clientId=EACIM20}
2023-04-11T02:01:30.360Z [INFO] (main) com.aws.greengrass.lifecyclemanager.Kernel: Attempt to load service from plugins. {serviceName=aws.greengrass.Nucleus}
2023-04-11T02:01:30.392Z [INFO] (main) com.aws.greengrass.lifecyclemanager.Kernel: Attempt to load service from plugins. {serviceName=UpdateSystemPolicyService}
2023-04-11T02:01:30.401Z [INFO] (main) com.aws.greengrass.lifecyclemanager.Kernel: Attempt to load service from plugins. {serviceName=main}
2023-04-11T02:01:30.518Z [INFO] (main) com.aws.greengrass.lifecyclemanager.Kernel: effective-config-dump-complete. {file=/test/greengrass/v2/config/effectiveConfig.yaml}
2023-04-11T02:01:30.520Z [INFO] (main) com.aws.greengrass.lifecyclemanager.KernelLifecycle: system-start. {main=services.main:NEW}
2023-04-11T02:01:30.560Z [INFO] (aws.greengrass.IotMqttSubscriber-lifecycle) com.aws.greengrass.lifecyclemanager.GenericExternalService: service-set-state. {serviceName=aws.greengrass.IotMqttSubscriber, currentState=NEW, newState=INSTALLED}
2023-04-11T02:01:30.569Z [INFO] (aws.greengrass.IotMqttPublisher-lifecycle) com.aws.greengrass.lifecyclemanager.GenericExternalService: service-set-state. {serviceName=aws.greengrass.IotMqttPublisher, currentState=NEW, newState=INSTALLED}
2023-04-11T02:01:30.574Z [INFO] (aws.greengrass.IotMqttSubscriber-lifecycle) com.aws.greengrass.lifecyclemanager.GenericExternalService: service-set-state. {serviceName=aws.greengrass.IotMqttSubscriber, currentState=INSTALLED, newState=STARTING}
2023-04-11T02:01:30.576Z [INFO] (FleetStatusService-lifecycle) com.aws.greengrass.status.FleetStatusService: service-set-state. {serviceName=FleetStatusService, currentState=NEW, newState=INSTALLED}
2023-04-11T02:01:30.583Z [INFO] (FleetStatusService-lifecycle) com.aws.greengrass.status.FleetStatusService: service-set-state. {serviceName=FleetStatusService, currentState=INSTALLED, newState=STARTING}
2023-04-11T02:01:30.590Z [INFO] (DeploymentService-lifecycle) com.aws.greengrass.deployment.DeploymentService: service-set-state. {serviceName=DeploymentService, currentState=NEW, newState=INSTALLED}
2023-04-11T02:01:30.595Z [INFO] (FleetStatusService-lifecycle) com.aws.greengrass.status.FleetStatusService: service-set-state. {serviceName=FleetStatusService, currentState=STARTING, newState=RUNNING}
2023-04-11T02:01:30.596Z [INFO] (DeploymentService-lifecycle) com.aws.greengrass.deployment.DeploymentService: service-set-state. {serviceName=DeploymentService, currentState=INSTALLED, newState=STARTING}
2023-04-11T02:01:30.605Z [INFO] (TelemetryAgent-lifecycle) com.aws.greengrass.telemetry.TelemetryAgent: service-set-state. {serviceName=TelemetryAgent, currentState=NEW, newState=INSTALLED}
2023-04-11T02:01:30.608Z [INFO] (main-lifecycle) com.aws.greengrass.lifecyclemanager.GenericExternalService: service-set-state. {serviceName=main, currentState=NEW, newState=INSTALLED}
2023-04-11T02:01:30.623Z [INFO] (TelemetryAgent-lifecycle) com.aws.greengrass.telemetry.TelemetryAgent: service-set-state. {serviceName=TelemetryAgent, currentState=INSTALLED, newState=STARTING}
2023-04-11T02:01:30.626Z [INFO] (DeploymentService-lifecycle) com.aws.greengrass.deployment.DeploymentService: service-set-state. {serviceName=DeploymentService, currentState=STARTING, newState=RUNNING}
2023-04-11T02:01:30.628Z [INFO] (pool-2-thread-14) com.aws.greengrass.deployment.DeploymentService: Received deployment in the queue. {DeploymentId=arn:aws:greengrass:us-west-2:116407744508:configuration:thing/EACIM20:2, GreengrassDeploymentId=0d20cc4b-096f-4469-aeee-5f85d038a6d7, DeploymentType=SHADOW, serviceName=DeploymentService, currentState=STARTING}
2023-04-11T02:01:30.629Z [INFO] (TelemetryAgent-lifecycle) com.aws.greengrass.telemetry.TelemetryAgent: service-set-state. {serviceName=TelemetryAgent, currentState=STARTING, newState=RUNNING}
2023-04-11T02:01:30.636Z [INFO] (aws.greengrass.Nucleus-lifecycle) com.aws.greengrass.lifecyclemanager.GenericExternalService: service-set-state. {serviceName=aws.greengrass.Nucleus, currentState=NEW, newState=INSTALLED}
2023-04-11T02:01:30.641Z [INFO] (UpdateSystemPolicyService-lifecycle) com.aws.greengrass.lifecyclemanager.UpdateSystemPolicyService: service-set-state. {serviceName=UpdateSystemPolicyService, currentState=NEW, newState=INSTALLED}
2023-04-11T02:01:30.648Z [INFO] (UpdateSystemPolicyService-lifecycle) com.aws.greengrass.lifecyclemanager.UpdateSystemPolicyService: service-set-state. {serviceName=UpdateSystemPolicyService, currentState=INSTALLED, newState=STARTING}
2023-04-11T02:01:30.652Z [INFO] (aws.greengrass.Nucleus-lifecycle) com.aws.greengrass.lifecyclemanager.GenericExternalService: service-set-state. {serviceName=aws.greengrass.Nucleus, currentState=INSTALLED, newState=STARTING}
2023-04-11T02:01:30.660Z [INFO] (pool-2-thread-18) com.aws.greengrass.lifecyclemanager.GenericExternalService: generic-service-finished. Nothing done. {serviceName=aws.greengrass.Nucleus, currentState=STARTING}
2023-04-11T02:01:30.662Z [INFO] (aws.greengrass.Nucleus-lifecycle) com.aws.greengrass.lifecyclemanager.GenericExternalService: service-set-state. {serviceName=aws.greengrass.Nucleus, currentState=STARTING, newState=FINISHED}
2023-04-11T02:01:30.666Z [INFO] (aws.greengrass.Nucleus-lifecycle) com.aws.greengrass.lifecyclemanager.GenericExternalService: service-set-state. {serviceName=aws.greengrass.Nucleus, currentState=FINISHED, newState=STOPPING}
2023-04-11T02:01:30.669Z [INFO] (UpdateSystemPolicyService-lifecycle) com.aws.greengrass.lifecyclemanager.UpdateSystemPolicyService: service-set-state. {serviceName=UpdateSystemPolicyService, currentState=STARTING, newState=RUNNING}
2023-04-11T02:01:30.678Z [INFO] (pool-2-thread-17) com.aws.greengrass.lifecyclemanager.GenericExternalService: Shutdown initiated. {serviceName=aws.greengrass.Nucleus, currentState=STOPPING}
2023-04-11T02:01:30.686Z [INFO] (pool-2-thread-17) com.aws.greengrass.lifecyclemanager.GenericExternalService: generic-service-shutdown. {serviceName=aws.greengrass.Nucleus, currentState=STOPPING}
2023-04-11T02:01:30.687Z [INFO] (aws.greengrass.Nucleus-lifecycle) com.aws.greengrass.lifecyclemanager.GenericExternalService: service-set-state. {serviceName=aws.greengrass.Nucleus, currentState=STOPPING, newState=FINISHED}
2023-04-11T02:01:30.749Z [INFO] (main) com.aws.greengrass.status.FleetStatusService: fss-status-update-published. Status update published to FSS. {trigger=NUCLEUS_LAUNCH, serviceName=FleetStatusService, currentState=RUNNING}
2023-04-11T02:01:30.756Z [INFO] (aws.greengrass.IotMqttSubscriber-lifecycle) com.aws.greengrass.lifecyclemanager.GenericExternalService: service-set-state. {serviceName=aws.greengrass.IotMqttSubscriber, currentState=STARTING, newState=RUNNING}
2023-04-11T02:01:30.758Z [INFO] (aws.greengrass.IotMqttPublisher-lifecycle) com.aws.greengrass.lifecyclemanager.GenericExternalService: service-set-state. {serviceName=aws.greengrass.IotMqttPublisher, currentState=INSTALLED, newState=STARTING}
2023-04-11T02:01:30.770Z [INFO] (pool-2-thread-14) com.aws.greengrass.deployment.DeploymentStatusKeeper: Stored deployment status. {DeploymentId=arn:aws:greengrass:us-west-2:116407744508:configuration:thing/EACIM20:2, GreengrassDeploymentId=0d20cc4b-096f-4469-aeee-5f85d038a6d7, DeploymentStatus=IN_PROGRESS}
2023-04-11T02:01:30.835Z [INFO] (pool-2-thread-14) com.aws.greengrass.deployment.ShadowDeploymentListener: Updated reported state for deployment. {CONFIGURATION_ARN=arn:aws:greengrass:us-west-2:116407744508:configuration:thing/EACIM20:2, status=IN_PROGRESS}
2023-04-11T02:01:30.844Z [INFO] (pool-2-thread-14) com.aws.greengrass.deployment.DeploymentService: Started deployment execution. {serviceName=DeploymentService, currentState=RUNNING, deployment=arn:aws:greengrass:us-west-2:116407744508:configuration:thing/EACIM20:2}
2023-04-11T02:01:30.863Z [INFO] (aws.greengrass.IotMqttPublisher-lifecycle) com.aws.greengrass.lifecyclemanager.GenericExternalService: service-set-state. {serviceName=aws.greengrass.IotMqttPublisher, currentState=STARTING, newState=RUNNING}
2023-04-11T02:01:30.870Z [INFO] (main-lifecycle) com.aws.greengrass.lifecyclemanager.GenericExternalService: service-set-state. {serviceName=main, currentState=INSTALLED, newState=STARTING}
2023-04-11T02:01:30.874Z [INFO] (pool-2-thread-16) com.aws.greengrass.lifecyclemanager.GenericExternalService: generic-service-finished. Nothing done. {serviceName=main, currentState=STARTING}
2023-04-11T02:01:30.878Z [INFO] (main-lifecycle) com.aws.greengrass.lifecyclemanager.GenericExternalService: service-set-state. {serviceName=main, currentState=STARTING, newState=FINISHED}
2023-04-11T02:01:30.891Z [INFO] (main-lifecycle) com.aws.greengrass.lifecyclemanager.GenericExternalService: service-set-state. {serviceName=main, currentState=FINISHED, newState=STOPPING}
2023-04-11T02:01:30.895Z [INFO] (pool-2-thread-16) com.aws.greengrass.lifecyclemanager.GenericExternalService: Shutdown initiated. {serviceName=main, currentState=STOPPING}
2023-04-11T02:01:30.896Z [INFO] (pool-2-thread-16) com.aws.greengrass.lifecyclemanager.GenericExternalService: generic-service-shutdown. {serviceName=main, currentState=STOPPING}
2023-04-11T02:01:30.898Z [INFO] (main-lifecycle) com.aws.greengrass.lifecyclemanager.GenericExternalService: service-set-state. {serviceName=main, currentState=STOPPING, newState=FINISHED}
2023-04-11T02:01:31.856Z [INFO] (Thread-5) software.amazon.awssdk.eventstreamrpc.RpcServer: New connection code [AWS_ERROR_SUCCESS] for [Id 37, Class ServerConnection, Refs 1](2023-04-11T02:01:31.854706813Z) - <null>. {}
2023-04-11T02:01:31.895Z [INFO] (Thread-5) software.amazon.awssdk.eventstreamrpc.RpcServer: New connection code [AWS_ERROR_SUCCESS] for [Id 38, Class ServerConnection, Refs 1](2023-04-11T02:01:31.894824711Z) - <null>. {}
2023-04-11T02:01:31.902Z [INFO] (pool-2-thread-13) com.aws.greengrass.componentmanager.ComponentStore: delete-component-finish. {componentIdentifier=aws.greengrass.TokenExchangeService-v2.0.3}
2023-04-11T02:01:31.922Z [INFO] (pool-2-thread-13) com.aws.greengrass.componentmanager.ComponentStore: delete-component-finish. {componentIdentifier=aws.greengrass.LambdaLauncher-v2.0.10}
2023-04-11T02:01:31.958Z [INFO] (pool-2-thread-13) com.aws.greengrass.componentmanager.ComponentStore: delete-component-finish. {componentIdentifier=aws.greengrass.LambdaRuntimes-v2.0.8}
2023-04-11T02:01:32.687Z [INFO] (Thread-5) software.amazon.awssdk.eventstreamrpc.ServiceOperationMappingContinuationHandler: aws.greengrass#GreengrassCoreIPC authenticated identity: aws.greengrass.IotMqttSubscriber. {}
2023-04-11T02:01:32.690Z [INFO] (Thread-5) software.amazon.awssdk.eventstreamrpc.ServiceOperationMappingContinuationHandler: Connection accepted for aws.greengrass.IotMqttSubscriber. {}
2023-04-11T02:01:32.692Z [INFO] (Thread-5) software.amazon.awssdk.eventstreamrpc.ServiceOperationMappingContinuationHandler: Sending connect response for aws.greengrass.IotMqttSubscriber. {}
2023-04-11T02:01:32.698Z [INFO] (Thread-5) software.amazon.awssdk.eventstreamrpc.ServiceOperationMappingContinuationHandler: aws.greengrass#GreengrassCoreIPC authenticated identity: aws.greengrass.IotMqttPublisher. {}
2023-04-11T02:01:32.701Z [INFO] (Thread-5) software.amazon.awssdk.eventstreamrpc.ServiceOperationMappingContinuationHandler: Connection accepted for aws.greengrass.IotMqttPublisher. {}
2023-04-11T02:01:32.703Z [INFO] (Thread-5) software.amazon.awssdk.eventstreamrpc.ServiceOperationMappingContinuationHandler: Sending connect response for aws.greengrass.IotMqttPublisher. {}
2023-04-11T02:01:33.310Z [WARN] (Thread-5) com.aws.greengrass.lifecyclemanager.GenericExternalService: service-invalid-state-error. Invalid reported state. {serviceName=aws.greengrass.IotMqttPublisher, currentState=RUNNING, newState=RUNNING}
2023-04-11T02:01:33.754Z [INFO] (pool-2-thread-13) com.aws.greengrass.componentmanager.ComponentStore: delete-component-finish. {componentIdentifier=idt-ggv2-lambda-function-idt-8441531361292901792-v1.0.0}
2023-04-11T02:01:33.770Z [INFO] (pool-2-thread-13) com.aws.greengrass.componentmanager.ComponentStore: delete-component-finish. {componentIdentifier=aws.greengrass.LambdaManager-v2.2.7}
2023-04-11T02:01:41.178Z [INFO] (Thread-4) com.aws.greengrass.mqttclient.AwsIotMqttClient: Connecting to AWS IoT Core. {clientId=EACIM20}
2023-04-11T02:01:41.181Z [INFO] (Thread-4) com.aws.greengrass.mqttclient.AwsIotMqttClient: Connection purposefully interrupted. {clientId=EACIM20}
2023-04-11T02:01:42.020Z [INFO] (Thread-4) com.aws.greengrass.mqttclient.AwsIotMqttClient: Successfully connected to AWS IoT Core. {clientId=EACIM20, sessionPresent=false}
2023-04-11T02:01:42.480Z [INFO] (Thread-5) software.amazon.awssdk.eventstreamrpc.RpcServer: Server connection closed code [socket is closed.]: [Id 38, Class ServerConnection, Refs 1](2023-04-11T02:01:31.894824711Z) - <null>. {}
2023-04-11T02:01:42.486Z [WARN] (Thread-5) com.aws.greengrass.lifecyclemanager.GenericExternalService: service-invalid-state-error. Invalid reported state. {serviceName=aws.greengrass.IotMqttSubscriber, currentState=RUNNING, newState=RUNNING}
2023-04-11T02:01:43.832Z [INFO] (Copier) com.aws.greengrass.lifecyclemanager.GenericExternalService: Run script exited. {exitCode=0, serviceName=aws.greengrass.IotMqttPublisher, currentState=RUNNING}
2023-04-11T02:01:43.835Z [INFO] (Copier) com.aws.greengrass.lifecyclemanager.GenericExternalService: generic-service-stopping. Service finished running. {serviceName=aws.greengrass.IotMqttPublisher, currentState=RUNNING}
2023-04-11T02:01:43.837Z [INFO] (aws.greengrass.IotMqttPublisher-lifecycle) com.aws.greengrass.lifecyclemanager.GenericExternalService: service-set-state. {serviceName=aws.greengrass.IotMqttPublisher, currentState=RUNNING, newState=STOPPING}
2023-04-11T02:01:43.841Z [INFO] (pool-2-thread-4) com.aws.greengrass.lifecyclemanager.GenericExternalService: Shutdown initiated. {serviceName=aws.greengrass.IotMqttPublisher, currentState=STOPPING}
2023-04-11T02:01:43.843Z [INFO] (pool-2-thread-4) com.aws.greengrass.lifecyclemanager.GenericExternalService: generic-service-shutdown. {serviceName=aws.greengrass.IotMqttPublisher, currentState=STOPPING}
2023-04-11T02:01:43.845Z [INFO] (aws.greengrass.IotMqttPublisher-lifecycle) com.aws.greengrass.lifecyclemanager.GenericExternalService: service-set-state. {serviceName=aws.greengrass.IotMqttPublisher, currentState=STOPPING, newState=FINISHED}
2023-04-11T02:01:44.087Z [INFO] (Thread-4) com.aws.greengrass.deployment.IotJobsHelper: No deployment job found. {ThingName=EACIM20}
2023-04-11T02:01:44.447Z [INFO] (Thread-4) com.aws.greengrass.deployment.ShadowDeploymentListener: Duplicate deployment notification. Ignoring shadow update. {CONFIGURATION_ARN=arn:aws:greengrass:us-west-2:116407744508:configuration:thing/EACIM20:2}
2023-04-11T02:01:45.846Z [INFO] (pool-2-thread-14) com.aws.greengrass.deployment.DeploymentService: Current deployment finished. {DeploymentId=arn:aws:greengrass:us-west-2:116407744508:configuration:thing/EACIM20:2, GreengrassDeploymentId=0d20cc4b-096f-4469-aeee-5f85d038a6d7, serviceName=DeploymentService, currentState=RUNNING}
2023-04-11T02:01:46.038Z [INFO] (pool-2-thread-14) com.aws.greengrass.deployment.DeploymentStatusKeeper: Stored deployment status. {DeploymentId=arn:aws:greengrass:us-west-2:116407744508:configuration:thing/EACIM20:2, GreengrassDeploymentId=0d20cc4b-096f-4469-aeee-5f85d038a6d7, DeploymentStatus=SUCCEEDED}
2023-04-11T02:01:46.044Z [INFO] (pool-2-thread-14) com.aws.greengrass.deployment.ShadowDeploymentListener: Updated reported state for deployment. {CONFIGURATION_ARN=arn:aws:greengrass:us-west-2:116407744508:configuration:thing/EACIM20:2, status=SUCCEEDED}
2023-04-11T02:01:46.095Z [INFO] (pool-2-thread-14) com.aws.greengrass.status.FleetStatusService: fss-status-update-published. Status update published to FSS. {trigger=THING_DEPLOYMENT, serviceName=FleetStatusService, currentState=RUNNING}
2023-04-11T02:01:46.100Z [INFO] (pool-2-thread-14) com.aws.greengrass.deployment.DeploymentDirectoryManager: Persist link to last deployment. {link=/test/greengrass/v2/deployments/previous-success}
2023-04-11T02:01:46.101Z [INFO] (pool-2-thread-14) com.aws.greengrass.deployment.DeploymentDirectoryManager: Clean up link to earlier deployment. {link=/test/greengrass/v2/deployments/previous-success}
2023-04-11T02:01:53.230Z [INFO] (Thread-4) com.aws.greengrass.deployment.ShadowDeploymentListener: Added shadow deployment job. {ID=arn:aws:greengrass:us-west-2:116407744508:configuration:thing/EACIM20:3}
2023-04-11T02:02:01.107Z [INFO] (pool-2-thread-14) com.aws.greengrass.deployment.DeploymentService: Received deployment in the queue. {DeploymentId=arn:aws:greengrass:us-west-2:116407744508:configuration:thing/EACIM20:3, GreengrassDeploymentId=null, DeploymentType=SHADOW, serviceName=DeploymentService, currentState=RUNNING}
2023-04-11T02:02:01.108Z [INFO] (pool-2-thread-14) com.aws.greengrass.deployment.DeploymentService: Received deployment document in queue. {document={"deploymentId":"d88ad2df-1079-4285-8cdb-674539c1d589","schemaDate":"2021-05-17","deploymentName":"EmptyDeployment","configurationArn":"arn:aws:greengrass:us-west-2:116407744508:configuration:thing/EACIM20:3","creationTimestamp":1681178513046,"components":{},"failureHandlingPolicy":"ROLLBACK","requiredCapabilities":[],"componentUpdatePolicy":{"timeout":60,"action":"NOTIFY_COMPONENTS"},"configurationValidationPolicy":{"timeout":60}}, serviceName=DeploymentService, currentState=RUNNING}
2023-04-11T02:02:01.184Z [INFO] (pool-2-thread-14) com.aws.greengrass.deployment.DeploymentStatusKeeper: Stored deployment status. {DeploymentId=arn:aws:greengrass:us-west-2:116407744508:configuration:thing/EACIM20:3, GreengrassDeploymentId=d88ad2df-1079-4285-8cdb-674539c1d589, DeploymentStatus=IN_PROGRESS}
2023-04-11T02:02:01.189Z [INFO] (pool-2-thread-14) com.aws.greengrass.deployment.ShadowDeploymentListener: Updated reported state for deployment. {CONFIGURATION_ARN=arn:aws:greengrass:us-west-2:116407744508:configuration:thing/EACIM20:3, status=IN_PROGRESS}
2023-04-11T02:02:01.193Z [INFO] (pool-2-thread-14) com.aws.greengrass.deployment.DeploymentDirectoryManager: Create work directory for new deployment. {deploymentId=d88ad2df-1079-4285-8cdb-674539c1d589, link=/test/greengrass/v2/deployments/ongoing, directory=/test/greengrass/v2/deployments/d88ad2df-1079-4285-8cdb-674539c1d589}
2023-04-11T02:02:01.196Z [INFO] (pool-2-thread-14) com.aws.greengrass.deployment.DeploymentDirectoryManager: Persist deployment metadata. {file=/test/greengrass/v2/deployments/d88ad2df-1079-4285-8cdb-674539c1d589/deployment_metadata.json, deploymentId=d88ad2df-1079-4285-8cdb-674539c1d589}
2023-04-11T02:02:01.264Z [INFO] (pool-2-thread-14) com.aws.greengrass.deployment.DeploymentService: Started deployment execution. {serviceName=DeploymentService, currentState=RUNNING, deployment=arn:aws:greengrass:us-west-2:116407744508:configuration:thing/EACIM20:3}
2023-04-11T02:02:01.265Z [INFO] (pool-2-thread-5) com.aws.greengrass.deployment.DeploymentService: deployment-task-execution. Starting deployment task. {Deployment service config={ComponentToGroups={aws.greengrass.IotMqttPublisher={arn:aws:greengrass:us-west-2:116407744508:configuration:thing/EACIM20:2=thing/EACIM20}, aws.greengrass.IotMqttSubscriber={arn:aws:greengrass:us-west-2:116407744508:configuration:thing/EACIM20:2=thing/EACIM20}, aws.greengrass.Nucleus={arn:aws:greengrass:us-west-2:116407744508:configuration:thing/EACIM20:2=thing/EACIM20}}, dependencies=[], GroupToLastDeployment={thing/EACIM20={configArn=arn:aws:greengrass:us-west-2:116407744508:configuration:thing/EACIM20:2, timestamp=1681178313175}}, GroupToRootComponents={thing/EACIM20={aws.greengrass.IotMqttPublisher={groupConfigArn=arn:aws:greengrass:us-west-2:116407744508:configuration:thing/EACIM20:2, groupConfigName=thing/EACIM20, version=1.0.0-95f3c8b5022756a46308}, aws.greengrass.IotMqttSubscriber={groupConfigArn=arn:aws:greengrass:us-west-2:116407744508:configuration:thing/EACIM20:2, groupConfigName=thing/EACIM20, version=1.0.0-95f3c8b5022756a46308}, aws.greengrass.Nucleus={groupConfigArn=arn:aws:greengrass:us-west-2:116407744508:configuration:thing/EACIM20:2, groupConfigName=thing/EACIM20, version=2.9.5}}}, runtime={ProcessedDeployments={}}, version=0.0.0}, deploymentId=d88ad2df-1079-4285-8cdb-674539c1d589, serviceName=DeploymentService, currentState=RUNNING}
2023-04-11T02:02:06.659Z [INFO] (pool-2-thread-4) com.aws.greengrass.componentmanager.DependencyResolver: resolve-group-dependencies-start. Start to resolve group dependencies. {targetComponents=[], componentToVersionRequirements={}}
2023-04-11T02:02:06.667Z [INFO] (pool-2-thread-4) com.aws.greengrass.componentmanager.DependencyResolver: resolve-group-dependencies-finish. Finish resolving group dependencies. {resolvedComponents={}, componentToVersionRequirements={}}
2023-04-11T02:02:06.692Z [INFO] (pool-2-thread-5) com.aws.greengrass.lifecyclemanager.UpdateSystemPolicyService: register-service-update-action. {action=d88ad2df-1079-4285-8cdb-674539c1d589, serviceName=UpdateSystemPolicyService, currentState=RUNNING}
2023-04-11T02:02:06.701Z [INFO] (pool-2-thread-4) com.aws.greengrass.lifecyclemanager.UpdateSystemPolicyService: service-update-start. {serviceName=UpdateSystemPolicyService, currentState=RUNNING}
2023-04-11T02:02:06.708Z [INFO] (pool-2-thread-4) com.aws.greengrass.deployment.DeploymentConfigMerger: merge-config. Applying deployment changes, deployment cannot be cancelled now. {deployment=d88ad2df-1079-4285-8cdb-674539c1d589}
2023-04-11T02:02:06.710Z [INFO] (pool-2-thread-4) com.aws.greengrass.deployment.DeploymentDirectoryManager: Persist configuration snapshot. {file=/test/greengrass/v2/deployments/d88ad2df-1079-4285-8cdb-674539c1d589/rollback_snapshot.tlog}
2023-04-11T02:02:06.803Z [INFO] (Serialized listener processor) com.aws.greengrass.lifecyclemanager.GenericExternalService: service-config-change. Requesting restart for component. {configNode=services.main.lifecycle, serviceName=main, currentState=FINISHED}
2023-04-11T02:02:06.804Z [INFO] (main-lifecycle) com.aws.greengrass.lifecyclemanager.GenericExternalService: service-set-state. {serviceName=main, currentState=FINISHED, newState=INSTALLED}
2023-04-11T02:02:06.869Z [INFO] (main-lifecycle) com.aws.greengrass.lifecyclemanager.GenericExternalService: service-set-state. {serviceName=main, currentState=INSTALLED, newState=STARTING}
2023-04-11T02:02:06.871Z [INFO] (pool-2-thread-4) com.aws.greengrass.deployment.DeploymentConfigMerger: merge-config. Removing services. {service-to-remove=[aws.greengrass.IotMqttSubscriber, aws.greengrass.IotMqttPublisher]}
2023-04-11T02:02:06.873Z [INFO] (pool-2-thread-13) com.aws.greengrass.lifecyclemanager.GenericExternalService: generic-service-finished. Nothing done. {serviceName=main, currentState=STARTING}
2023-04-11T02:02:06.873Z [INFO] (main-lifecycle) com.aws.greengrass.lifecyclemanager.GenericExternalService: service-set-state. {serviceName=main, currentState=STARTING, newState=FINISHED}
2023-04-11T02:02:06.875Z [INFO] (main-lifecycle) com.aws.greengrass.lifecyclemanager.GenericExternalService: service-set-state. {serviceName=main, currentState=FINISHED, newState=STOPPING}
2023-04-11T02:02:06.877Z [INFO] (pool-2-thread-13) com.aws.greengrass.lifecyclemanager.GenericExternalService: Shutdown initiated. {serviceName=main, currentState=STOPPING}
2023-04-11T02:02:06.878Z [INFO] (pool-2-thread-13) com.aws.greengrass.lifecyclemanager.GenericExternalService: generic-service-shutdown. {serviceName=main, currentState=STOPPING}
2023-04-11T02:02:06.880Z [INFO] (main-lifecycle) com.aws.greengrass.lifecyclemanager.GenericExternalService: service-set-state. {serviceName=main, currentState=STOPPING, newState=FINISHED}
2023-04-11T02:02:06.883Z [INFO] (pool-2-thread-13) com.aws.greengrass.lifecyclemanager.GenericExternalService: service-close. Service is now closing. {serviceName=aws.greengrass.IotMqttSubscriber, currentState=RUNNING}
2023-04-11T02:02:06.892Z [INFO] (aws.greengrass.IotMqttSubscriber-lifecycle) com.aws.greengrass.lifecyclemanager.GenericExternalService: service-set-state. {serviceName=aws.greengrass.IotMqttSubscriber, currentState=RUNNING, newState=STOPPING}
2023-04-11T02:02:06.894Z [INFO] (pool-2-thread-16) com.aws.greengrass.lifecyclemanager.GenericExternalService: Shutdown initiated. {serviceName=aws.greengrass.IotMqttSubscriber, currentState=STOPPING}
2023-04-11T02:02:06.896Z [INFO] (pool-2-thread-16) com.aws.greengrass.lifecyclemanager.GenericExternalService: Shutting down process ["java -Dipc.operation=\u0022mqttPubsub\u0022 -DcomponentName=\u0022IotMqttSubscriber\u0022 -jar  /t..."]. {serviceName=aws.greengrass.IotMqttSubscriber, currentState=STOPPING}
2023-04-11T02:02:06.897Z [INFO] (pool-2-thread-16) com.aws.greengrass.util.platforms.Platform: Killing child processes of pid 98460, force is false. {}
2023-04-11T02:02:07.334Z [INFO] (pool-2-thread-16) com.aws.greengrass.util.platforms.Platform: Killing child processes of pid 98460, force is true. {}
2023-04-11T02:02:07.607Z [WARN] (pool-2-thread-16) com.aws.greengrass.util.platforms.Platform: kill exited non-zero (process not found or other error). {stdout=, pid=98460, exit-code=1, stderr=kill: (98460): No such process}
2023-04-11T02:02:07.608Z [INFO] (pool-2-thread-16) com.aws.greengrass.lifecyclemanager.GenericExternalService: Shutdown completed for process ["java -Dipc.operation=\u0022mqttPubsub\u0022 -DcomponentName=\u0022IotMqttSubscriber\u0022 -jar  /t..."]. {serviceName=aws.greengrass.IotMqttSubscriber, currentState=STOPPING}
2023-04-11T02:02:07.609Z [INFO] (pool-2-thread-16) com.aws.greengrass.lifecyclemanager.GenericExternalService: generic-service-shutdown. {serviceName=aws.greengrass.IotMqttSubscriber, currentState=STOPPING}
2023-04-11T02:02:07.610Z [INFO] (Copier) com.aws.greengrass.lifecyclemanager.GenericExternalService: Run script exited. {exitCode=137, serviceName=aws.greengrass.IotMqttSubscriber, currentState=STOPPING}
2023-04-11T02:02:07.613Z [INFO] (aws.greengrass.IotMqttSubscriber-lifecycle) com.aws.greengrass.lifecyclemanager.GenericExternalService: service-set-state. {serviceName=aws.greengrass.IotMqttSubscriber, currentState=STOPPING, newState=FINISHED}
2023-04-11T02:02:07.615Z [INFO] (pool-2-thread-13) com.aws.greengrass.lifecyclemanager.GenericExternalService: service-close. Service is now closing. {serviceName=aws.greengrass.IotMqttPublisher, currentState=FINISHED}
2023-04-11T02:02:07.619Z [WARN] (pool-2-thread-4) com.aws.greengrass.deployment.DeploymentConfigMerger: Service topics node doesn't exist.. {serviceName=aws.greengrass.IotMqttSubscriber}
2023-04-11T02:02:07.620Z [WARN] (pool-2-thread-4) com.aws.greengrass.deployment.DeploymentConfigMerger: Service topics node doesn't exist.. {serviceName=aws.greengrass.IotMqttPublisher}
2023-04-11T02:02:07.620Z [INFO] (pool-2-thread-4) com.aws.greengrass.deployment.activator.DeploymentActivator: merge-config. All services updated. {deploymentId=d88ad2df-1079-4285-8cdb-674539c1d589}
2023-04-11T02:02:07.622Z [INFO] (pool-2-thread-5) com.aws.greengrass.deployment.DeploymentService: deployment-task-execution. Finished deployment task. {deploymentId=d88ad2df-1079-4285-8cdb-674539c1d589, serviceName=DeploymentService, currentState=RUNNING}
2023-04-11T02:02:07.625Z [INFO] (pool-2-thread-4) com.aws.greengrass.lifecyclemanager.UpdateSystemPolicyService: service-update-finish. {serviceName=UpdateSystemPolicyService, currentState=RUNNING}
2023-04-11T02:02:07.653Z [INFO] (pool-2-thread-5) com.aws.greengrass.componentmanager.ComponentStore: delete-component-finish. {componentIdentifier=aws.greengrass.IotMqttSubscriber-v1.0.0-95f3c8b5022756a46308}
2023-04-11T02:02:07.682Z [INFO] (pool-2-thread-5) com.aws.greengrass.componentmanager.ComponentStore: delete-component-finish. {componentIdentifier=aws.greengrass.IotMqttPublisher-v1.0.0-95f3c8b5022756a46308}
2023-04-11T02:02:07.782Z [INFO] (Thread-5) software.amazon.awssdk.eventstreamrpc.RpcServer: Server connection closed code [socket is closed.]: [Id 37, Class ServerConnection, Refs 1](2023-04-11T02:01:31.854706813Z) - <null>. {}
2023-04-11T02:02:16.265Z [INFO] (pool-2-thread-14) com.aws.greengrass.deployment.DeploymentService: Current deployment finished. {DeploymentId=arn:aws:greengrass:us-west-2:116407744508:configuration:thing/EACIM20:3, GreengrassDeploymentId=d88ad2df-1079-4285-8cdb-674539c1d589, serviceName=DeploymentService, currentState=RUNNING}
2023-04-11T02:02:16.349Z [INFO] (pool-2-thread-14) com.aws.greengrass.deployment.DeploymentStatusKeeper: Stored deployment status. {DeploymentId=arn:aws:greengrass:us-west-2:116407744508:configuration:thing/EACIM20:3, GreengrassDeploymentId=d88ad2df-1079-4285-8cdb-674539c1d589, DeploymentStatus=SUCCEEDED}
2023-04-11T02:02:16.354Z [INFO] (pool-2-thread-14) com.aws.greengrass.deployment.ShadowDeploymentListener: Updated reported state for deployment. {CONFIGURATION_ARN=arn:aws:greengrass:us-west-2:116407744508:configuration:thing/EACIM20:3, status=SUCCEEDED}
2023-04-11T02:02:16.359Z [INFO] (pool-2-thread-14) com.aws.greengrass.lifecyclemanager.Kernel: Attempt to load service from plugins. {serviceName=aws.greengrass.IotMqttSubscriber}
2023-04-11T02:02:16.361Z [INFO] (pool-2-thread-14) com.aws.greengrass.lifecyclemanager.Kernel: Attempt to load service from plugins. {serviceName=aws.greengrass.IotMqttPublisher}
2023-04-11T02:02:16.374Z [INFO] (pool-2-thread-14) com.aws.greengrass.status.FleetStatusService: fss-status-update-published. Status update published to FSS. {trigger=THING_DEPLOYMENT, serviceName=FleetStatusService, currentState=RUNNING}
2023-04-11T02:02:16.375Z [INFO] (pool-2-thread-14) com.aws.greengrass.deployment.DeploymentDirectoryManager: Persist link to last deployment. {link=/test/greengrass/v2/deployments/previous-success}
2023-04-11T02:02:16.377Z [INFO] (pool-2-thread-14) com.aws.greengrass.deployment.DeploymentDirectoryManager: Clean up link to earlier deployment. {link=/test/greengrass/v2/deployments/previous-success}
2023-04-11T02:02:18.377Z [INFO] (Thread-4) com.aws.greengrass.deployment.IotJobsHelper: Received new deployment notification. Requesting details. {ThingName=EACIM20}
2023-04-11T02:02:18.693Z [INFO] (Thread-4) com.aws.greengrass.deployment.IotJobsHelper: Received Iot job description. {Status=QUEUED, queueAt=Tue Apr 11 02:02:18 GMT 2023, ThingName=EACIM20, JobId=0af28af8-ed3b-403c-b1a7-c605bd86152d}
2023-04-11T02:02:18.719Z [INFO] (Thread-4) com.aws.greengrass.deployment.IotJobsHelper: Added the job to the queue. {ThingName=EACIM20, JobId=0af28af8-ed3b-403c-b1a7-c605bd86152d}
2023-04-11T02:02:31.384Z [INFO] (pool-2-thread-14) com.aws.greengrass.deployment.DeploymentService: Received deployment in the queue. {DeploymentId=0af28af8-ed3b-403c-b1a7-c605bd86152d, GreengrassDeploymentId=null, DeploymentType=IOT_JOBS, serviceName=DeploymentService, currentState=RUNNING}
2023-04-11T02:02:31.386Z [INFO] (pool-2-thread-14) com.aws.greengrass.deployment.DeploymentService: Received deployment document in queue. {document={"configurationValidationPolicy":{"timeout":60.0},"components":{},"componentUpdatePolicy":{"timeout":60.0,"action":"NOTIFY_COMPONENTS"},"schemaDate":"2021-05-17","deploymentId":"a5c9781f-dd45-41fb-a910-48a0cd85aa8b","creationTimestamp":1.681178537011E12,"deploymentName":"EmptyDeployment","failureHandlingPolicy":"ROLLBACK","configurationArn":"arn:aws:greengrass:us-west-2:116407744508:configuration:thinggroup/GreengrassQuickStartGroup_test:100","requiredCapabilities":[]}, serviceName=DeploymentService, currentState=RUNNING}
2023-04-11T02:02:31.441Z [INFO] (pool-2-thread-14) com.aws.greengrass.deployment.DeploymentStatusKeeper: Stored deployment status. {DeploymentId=0af28af8-ed3b-403c-b1a7-c605bd86152d, GreengrassDeploymentId=a5c9781f-dd45-41fb-a910-48a0cd85aa8b, DeploymentStatus=IN_PROGRESS}
2023-04-11T02:02:31.446Z [INFO] (pool-2-thread-14) com.aws.greengrass.deployment.IotJobsHelper: Updating status of persisted deployment. {Status=IN_PROGRESS, StatusDetails={}, ThingName=EACIM20, JobId=0af28af8-ed3b-403c-b1a7-c605bd86152d}
2023-04-11T02:02:32.028Z [INFO] (Thread-4) com.aws.greengrass.deployment.IotJobsHelper: Job status update was accepted. {Status=IN_PROGRESS, ThingName=EACIM20, JobId=0af28af8-ed3b-403c-b1a7-c605bd86152d}
2023-04-11T02:02:32.379Z [INFO] (pool-2-thread-14) com.aws.greengrass.deployment.DeploymentDirectoryManager: Create work directory for new deployment. {deploymentId=a5c9781f-dd45-41fb-a910-48a0cd85aa8b, link=/test/greengrass/v2/deployments/ongoing, directory=/test/greengrass/v2/deployments/a5c9781f-dd45-41fb-a910-48a0cd85aa8b}
2023-04-11T02:02:32.381Z [INFO] (pool-2-thread-14) com.aws.greengrass.deployment.DeploymentDirectoryManager: Persist deployment metadata. {file=/test/greengrass/v2/deployments/a5c9781f-dd45-41fb-a910-48a0cd85aa8b/deployment_metadata.json, deploymentId=a5c9781f-dd45-41fb-a910-48a0cd85aa8b}
2023-04-11T02:02:32.394Z [INFO] (pool-2-thread-14) com.aws.greengrass.deployment.DeploymentService: Started deployment execution. {serviceName=DeploymentService, currentState=RUNNING, deployment=0af28af8-ed3b-403c-b1a7-c605bd86152d}
2023-04-11T02:02:32.394Z [INFO] (pool-2-thread-5) com.aws.greengrass.deployment.DeploymentService: deployment-task-execution. Starting deployment task. {Deployment service config={ComponentToGroups={}, dependencies=[], GroupToLastDeployment={thing/EACIM20={configArn=arn:aws:greengrass:us-west-2:116407744508:configuration:thing/EACIM20:3, timestamp=1681178513046}, thinggroup/GreengrassQuickStartGroup_test={}}, GroupToRootComponents={thing/EACIM20={}}, runtime={ProcessedDeployments={}}, version=0.0.0}, deploymentId=a5c9781f-dd45-41fb-a910-48a0cd85aa8b, serviceName=DeploymentService, currentState=RUNNING}
2023-04-11T02:02:33.277Z [INFO] (pool-2-thread-4) com.aws.greengrass.componentmanager.DependencyResolver: resolve-group-dependencies-start. Start to resolve group dependencies. {targetComponents=[], componentToVersionRequirements={}}
2023-04-11T02:02:33.279Z [INFO] (pool-2-thread-4) com.aws.greengrass.componentmanager.DependencyResolver: resolve-group-dependencies-finish. Finish resolving group dependencies. {resolvedComponents={}, componentToVersionRequirements={}}
2023-04-11T02:02:33.284Z [INFO] (pool-2-thread-5) com.aws.greengrass.lifecyclemanager.UpdateSystemPolicyService: register-service-update-action. {action=a5c9781f-dd45-41fb-a910-48a0cd85aa8b, serviceName=UpdateSystemPolicyService, currentState=RUNNING}
2023-04-11T02:02:33.287Z [INFO] (pool-2-thread-4) com.aws.greengrass.lifecyclemanager.UpdateSystemPolicyService: service-update-start. {serviceName=UpdateSystemPolicyService, currentState=RUNNING}
2023-04-11T02:02:33.290Z [INFO] (pool-2-thread-4) com.aws.greengrass.deployment.DeploymentConfigMerger: merge-config. Applying deployment changes, deployment cannot be cancelled now. {deployment=a5c9781f-dd45-41fb-a910-48a0cd85aa8b}
2023-04-11T02:02:33.291Z [INFO] (pool-2-thread-4) com.aws.greengrass.deployment.DeploymentDirectoryManager: Persist configuration snapshot. {file=/test/greengrass/v2/deployments/a5c9781f-dd45-41fb-a910-48a0cd85aa8b/rollback_snapshot.tlog}
2023-04-11T02:02:33.378Z [INFO] (pool-2-thread-4) com.aws.greengrass.deployment.DeploymentConfigMerger: merge-config. Removing services. {service-to-remove=[]}
2023-04-11T02:02:33.379Z [INFO] (pool-2-thread-4) com.aws.greengrass.deployment.activator.DeploymentActivator: merge-config. All services updated. {deploymentId=a5c9781f-dd45-41fb-a910-48a0cd85aa8b}
2023-04-11T02:02:33.381Z [INFO] (pool-2-thread-4) com.aws.greengrass.lifecyclemanager.UpdateSystemPolicyService: service-update-finish. {serviceName=UpdateSystemPolicyService, currentState=RUNNING}
2023-04-11T02:02:33.381Z [INFO] (pool-2-thread-5) com.aws.greengrass.deployment.DeploymentService: deployment-task-execution. Finished deployment task. {deploymentId=a5c9781f-dd45-41fb-a910-48a0cd85aa8b, serviceName=DeploymentService, currentState=RUNNING}
2023-04-11T02:02:47.395Z [INFO] (pool-2-thread-14) com.aws.greengrass.deployment.DeploymentService: Current deployment finished. {DeploymentId=0af28af8-ed3b-403c-b1a7-c605bd86152d, GreengrassDeploymentId=a5c9781f-dd45-41fb-a910-48a0cd85aa8b, serviceName=DeploymentService, currentState=RUNNING}
2023-04-11T02:02:47.469Z [INFO] (pool-2-thread-14) com.aws.greengrass.deployment.DeploymentStatusKeeper: Stored deployment status. {DeploymentId=0af28af8-ed3b-403c-b1a7-c605bd86152d, GreengrassDeploymentId=a5c9781f-dd45-41fb-a910-48a0cd85aa8b, DeploymentStatus=SUCCEEDED}
2023-04-11T02:02:47.471Z [INFO] (pool-2-thread-14) com.aws.greengrass.deployment.IotJobsHelper: Updating status of persisted deployment. {Status=SUCCEEDED, StatusDetails={detailed-deployment-status=SUCCESSFUL}, ThingName=EACIM20, JobId=0af28af8-ed3b-403c-b1a7-c605bd86152d}
2023-04-11T02:02:48.011Z [INFO] (Thread-4) com.aws.greengrass.deployment.IotJobsHelper: Job status update was accepted. {Status=SUCCEEDED, ThingName=EACIM20, JobId=0af28af8-ed3b-403c-b1a7-c605bd86152d}
2023-04-11T02:02:48.439Z [INFO] (pool-2-thread-14) com.aws.greengrass.status.FleetStatusService: fss-status-update-published. Status update published to FSS. {trigger=THING_GROUP_DEPLOYMENT, serviceName=FleetStatusService, currentState=RUNNING}
2023-04-11T02:02:48.440Z [INFO] (pool-2-thread-14) com.aws.greengrass.deployment.DeploymentDirectoryManager: Persist link to last deployment. {link=/test/greengrass/v2/deployments/previous-success}
2023-04-11T02:02:48.442Z [INFO] (pool-2-thread-14) com.aws.greengrass.deployment.DeploymentDirectoryManager: Clean up link to earlier deployment. {link=/test/greengrass/v2/deployments/previous-success}
2023-04-11T02:02:49.279Z [INFO] (Thread-4) com.aws.greengrass.deployment.IotJobsHelper: Received empty jobs in notification . {ThingName=EACIM20}
2023-04-11T02:03:17.560Z [WARN] (Thread-1) com.aws.greengrass.lifecyclemanager.Kernel: Shutting down Nucleus due to external signal. {}
2023-04-11T02:03:17.562Z [INFO] (Thread-1) com.aws.greengrass.lifecyclemanager.KernelLifecycle: system-shutdown. {main=services.main:FINISHED}
2023-04-11T02:03:17.563Z [INFO] (pool-2-thread-5) com.aws.greengrass.lifecyclemanager.GenericExternalService: service-close. Service is now closing. {serviceName=main, currentState=FINISHED}
2023-04-11T02:03:17.565Z [INFO] (pool-2-thread-4) com.aws.greengrass.lifecyclemanager.GenericExternalService: service-close. Service is now closing. {serviceName=aws.greengrass.Nucleus, currentState=FINISHED}
2023-04-11T02:03:17.566Z [INFO] (pool-2-thread-5) com.aws.greengrass.telemetry.TelemetryAgent: service-close. Service is now closing. {serviceName=TelemetryAgent, currentState=RUNNING}
2023-04-11T02:03:17.565Z [INFO] (pool-2-thread-10) com.aws.greengrass.lifecyclemanager.UpdateSystemPolicyService: service-close. Service is now closing. {serviceName=UpdateSystemPolicyService, currentState=RUNNING}
2023-04-11T02:03:17.569Z [INFO] (TelemetryAgent-lifecycle) com.aws.greengrass.telemetry.TelemetryAgent: service-set-state. {serviceName=TelemetryAgent, currentState=RUNNING, newState=STOPPING}
2023-04-11T02:03:17.569Z [INFO] (pool-2-thread-20) com.aws.greengrass.deployment.DeploymentService: service-close. Service is now closing. {serviceName=DeploymentService, currentState=RUNNING}
2023-04-11T02:03:17.570Z [INFO] (UpdateSystemPolicyService-lifecycle) com.aws.greengrass.lifecyclemanager.UpdateSystemPolicyService: service-set-state. {serviceName=UpdateSystemPolicyService, currentState=RUNNING, newState=STOPPING}
2023-04-11T02:03:17.570Z [INFO] (pool-2-thread-4) com.aws.greengrass.telemetry.TelemetryAgent: Cancelling all telemetry scheduled tasks.. {serviceName=TelemetryAgent, currentState=STOPPING}
2023-04-11T02:03:17.570Z [INFO] (Thread-1) com.aws.greengrass.lifecyclemanager.KernelLifecycle: Waiting for services to shutdown. {}
2023-04-11T02:03:17.571Z [INFO] (UpdateSystemPolicyService-lifecycle) com.aws.greengrass.lifecyclemanager.UpdateSystemPolicyService: Stopping backingTask start. {serviceName=UpdateSystemPolicyService, currentState=STOPPING}
2023-04-11T02:03:17.572Z [INFO] (TelemetryAgent-lifecycle) com.aws.greengrass.telemetry.TelemetryAgent: service-set-state. {serviceName=TelemetryAgent, currentState=STOPPING, newState=FINISHED}
2023-04-11T02:03:17.570Z [INFO] (pool-2-thread-19) com.aws.greengrass.status.FleetStatusService: service-close. Service is now closing. {serviceName=FleetStatusService, currentState=RUNNING}
2023-04-11T02:03:17.573Z [WARN] (pool-2-thread-18) com.aws.greengrass.lifecyclemanager.UpdateSystemPolicyService: service-run-interrupted. Service interrupted while running startup. {serviceName=UpdateSystemPolicyService, currentState=STOPPING}
2023-04-11T02:03:17.574Z [INFO] (FleetStatusService-lifecycle) com.aws.greengrass.status.FleetStatusService: service-set-state. {serviceName=FleetStatusService, currentState=RUNNING, newState=STOPPING}
2023-04-11T02:03:17.574Z [INFO] (UpdateSystemPolicyService-lifecycle) com.aws.greengrass.lifecyclemanager.UpdateSystemPolicyService: service-set-state. {serviceName=UpdateSystemPolicyService, currentState=STOPPING, newState=FINISHED}
2023-04-11T02:03:17.574Z [INFO] (DeploymentService-lifecycle) com.aws.greengrass.deployment.DeploymentService: service-set-state. {serviceName=DeploymentService, currentState=RUNNING, newState=STOPPING}
2023-04-11T02:03:17.575Z [INFO] (DeploymentService-lifecycle) com.aws.greengrass.deployment.DeploymentService: Stopping backingTask start. {serviceName=DeploymentService, currentState=STOPPING}
2023-04-11T02:03:17.576Z [INFO] (FleetStatusService-lifecycle) com.aws.greengrass.status.FleetStatusService: service-set-state. {serviceName=FleetStatusService, currentState=STOPPING, newState=FINISHED}
2023-04-11T02:03:17.577Z [WARN] (pool-2-thread-14) com.aws.greengrass.deployment.DeploymentService: service-run-interrupted. Service interrupted while running startup. {serviceName=DeploymentService, currentState=STOPPING}
2023-04-11T02:03:17.576Z [INFO] (DeploymentService-lifecycle) com.aws.greengrass.deployment.DeploymentService: service-set-state. {serviceName=DeploymentService, currentState=STOPPING, newState=FINISHED}
2023-04-11T02:03:17.613Z [INFO] (Thread-1) com.aws.greengrass.lifecyclemanager.Kernel: effective-config-dump-complete. {file=/test/greengrass/v2/config/effectiveConfig.yaml}
2023-04-11T02:03:17.616Z [INFO] (Serialized listener processor) com.aws.greengrass.lifecyclemanager.KernelLifecycle: executor-service-shutdown-initiated. {}
2023-04-11T02:03:17.617Z [WARN] (pool-2-thread-17) com.aws.greengrass.mqttclient.MqttClient: Shutting down spooler task. {}
2023-04-11T02:03:17.618Z [INFO] (Thread-1) com.aws.greengrass.lifecyclemanager.KernelLifecycle: Waiting for executors to shutdown. {}
2023-04-11T02:03:17.619Z [INFO] (Thread-1) com.aws.greengrass.lifecyclemanager.KernelLifecycle: executor-service-shutdown-complete. {executor-terminated=true, scheduled-executor-terminated=true}
2023-04-11T02:03:17.621Z [INFO] (Thread-1) com.aws.greengrass.lifecyclemanager.KernelLifecycle: context-shutdown-initiated. {}
2023-04-11T02:03:17.630Z [INFO] (Thread-1) com.aws.greengrass.lifecyclemanager.KernelLifecycle: context-shutdown-complete. {}
