[INFO] [2023-04-07 10:55:35]: Connecting to devices...
[INFO] [2023-04-07 10:55:41]: generated test level report for test result for test name pretestvalidation successfully
[INFO] [2023-04-07 10:55:41]: Disconnecting from devices
[INFO] [2023-04-07 10:55:41]: Connecting to devices...
[INFO] [2023-04-07 10:55:43]: generated test level report for test result for test name javaversion successfully
[INFO] [2023-04-07 10:55:44]: Disconnecting from devices
[INFO] [2023-04-07 10:55:44]: Connecting to devices...
[INFO] [2023-04-07 10:55:46]: generated test level report for test result for test name versionCompatibility successfully
[INFO] [2023-04-07 10:55:46]: Disconnecting from devices
[INFO] [2023-04-07 10:55:46]: Connecting to devices...
[INFO] [2023-04-07 11:01:05]: generated test level report for test result for test name mqttpubsub successfully
[INFO] [2023-04-07 11:01:05]: Disconnecting from devices
[INFO] [2023-04-07 11:01:05]: Connecting to devices...
[INFO] [2023-04-07 11:05:35]: generated test level report for test result for test name localcomponent successfully
[INFO] [2023-04-07 11:05:35]: Disconnecting from devices
[INFO] [2023-04-07 11:05:35]: Connecting to devices...
[INFO] [2023-04-07 11:11:01]: generated test level report for test result for test name lambdadeploymenttest successfully
[INFO] [2023-04-07 11:11:03]: Disconnecting from devices
[INFO] [2023-04-07 11:11:03]: Connecting to devices...
[INFO] [2023-04-07 11:20:02]: generated test level report for test result for test name cloudcomponent successfully
[INFO] [2023-04-07 11:20:06]: Disconnecting from devices
[ERROR] [2023-04-07 11:20:08]: accept tcp 127.0.0.1:42939: use of closed network connection
