[INFO] [2023-03-31 10:24:56]: Connecting to devices...
[INFO] [2023-03-31 10:25:02]: generated test level report for test result for test name pretestvalidation successfully
[INFO] [2023-03-31 10:25:02]: Disconnecting from devices
[INFO] [2023-03-31 10:25:02]: Connecting to devices...
[INFO] [2023-03-31 10:25:04]: generated test level report for test result for test name javaversion successfully
[INFO] [2023-03-31 10:25:04]: Disconnecting from devices
[INFO] [2023-03-31 10:25:04]: Connecting to devices...
[INFO] [2023-03-31 10:25:07]: generated test level report for test result for test name versionCompatibility successfully
[INFO] [2023-03-31 10:25:07]: Disconnecting from devices
[INFO] [2023-03-31 10:25:07]: Connecting to devices...
[INFO] [2023-03-31 10:40:54]: generated test level report for test result for test name mqttpubsub successfully
[INFO] [2023-03-31 10:40:54]: Disconnecting from devices
[INFO] [2023-03-31 10:40:54]: Connecting to devices...
[INFO] [2023-03-31 11:05:48]: generated test level report for test result for test name lambdadeploymenttest successfully
[INFO] [2023-03-31 11:05:51]: Disconnecting from devices
[INFO] [2023-03-31 11:05:51]: Connecting to devices...
[INFO] [2023-03-31 11:22:32]: generated test level report for test result for test name localcomponent successfully
[INFO] [2023-03-31 11:22:33]: Disconnecting from devices
[INFO] [2023-03-31 11:22:33]: Connecting to devices...
[INFO] [2023-03-31 12:27:27]: generated test level report for test result for test name cloudcomponent successfully
[INFO] [2023-03-31 12:27:30]: Disconnecting from devices
[ERROR] [2023-03-31 12:27:33]: accept tcp 127.0.0.1:34619: use of closed network connection
