[INFO] [2023-03-30 09:31:34]: Connecting to devices...
[INFO] [2023-03-30 09:31:40]: generated test level report for test result for test name pretestvalidation successfully
[INFO] [2023-03-30 09:31:41]: Disconnecting from devices
[INFO] [2023-03-30 09:31:41]: Connecting to devices...
[INFO] [2023-03-30 09:31:43]: generated test level report for test result for test name javaversion successfully
[INFO] [2023-03-30 09:31:43]: Disconnecting from devices
[INFO] [2023-03-30 09:31:43]: Connecting to devices...
[INFO] [2023-03-30 09:31:45]: generated test level report for test result for test name versionCompatibility successfully
[INFO] [2023-03-30 09:31:46]: Disconnecting from devices
[INFO] [2023-03-30 09:31:46]: Connecting to devices...
[INFO] [2023-03-30 09:40:34]: generated test level report for test result for test name localcomponent successfully
[INFO] [2023-03-30 09:40:34]: Disconnecting from devices
[INFO] [2023-03-30 09:40:34]: Connecting to devices...
[INFO] [2023-03-30 09:52:13]: generated test level report for test result for test name lambdadeploymenttest successfully
[INFO] [2023-03-30 09:52:15]: Disconnecting from devices
[INFO] [2023-03-30 09:52:15]: Connecting to devices...
[INFO] [2023-03-30 10:22:40]: generated test level report for test result for test name cloudcomponent successfully
[INFO] [2023-03-30 10:22:43]: Disconnecting from devices
[INFO] [2023-03-30 10:22:43]: Connecting to devices...
[INFO] [2023-03-30 10:31:31]: generated test level report for test result for test name mqttpubsub successfully
[INFO] [2023-03-30 10:31:32]: Disconnecting from devices
[ERROR] [2023-03-30 10:31:34]: accept tcp 127.0.0.1:38171: use of closed network connection
