[INFO] [2023-04-07 15:25:18]: Connecting to devices...
[INFO] [2023-04-07 15:25:24]: generated test level report for test result for test name pretestvalidation successfully
[INFO] [2023-04-07 15:25:24]: Disconnecting from devices
[INFO] [2023-04-07 15:25:24]: Connecting to devices...
[INFO] [2023-04-07 15:25:26]: generated test level report for test result for test name javaversion successfully
[INFO] [2023-04-07 15:25:27]: Disconnecting from devices
[INFO] [2023-04-07 15:25:27]: Connecting to devices...
[INFO] [2023-04-07 15:25:30]: generated test level report for test result for test name versionCompatibility successfully
[INFO] [2023-04-07 15:25:31]: Disconnecting from devices
[INFO] [2023-04-07 15:25:31]: Connecting to devices...
[INFO] [2023-04-07 15:30:42]: generated test level report for test result for test name lambdadeploymenttest successfully
[INFO] [2023-04-07 15:30:44]: Disconnecting from devices
[INFO] [2023-04-07 15:30:44]: Connecting to devices...
[INFO] [2023-04-07 15:36:00]: generated test level report for test result for test name localcomponent successfully
[INFO] [2023-04-07 15:36:00]: Disconnecting from devices
[INFO] [2023-04-07 15:36:00]: Connecting to devices...
[INFO] [2023-04-07 15:44:25]: generated test level report for test result for test name cloudcomponent successfully
[INFO] [2023-04-07 15:44:25]: Disconnecting from devices
[INFO] [2023-04-07 15:44:25]: Connecting to devices...
[INFO] [2023-04-07 15:49:15]: generated test level report for test result for test name mqttpubsub successfully
[INFO] [2023-04-07 15:49:15]: Disconnecting from devices
[ERROR] [2023-04-07 15:49:17]: accept tcp 127.0.0.1:45345: use of closed network connection
