2023-03-31T01:50:04.760Z [INFO] (main) com.aws.greengrass.util.platforms.Platform: Getting platform instance com.aws.greengrass.util.platforms.unix.linux.LinuxPlatform.. {}
2023-03-31T01:50:04.883Z [INFO] (main) com.aws.greengrass.lifecyclemanager.Kernel: No ongoing deployment detected. Proceed as default. {}
2023-03-31T01:50:04.900Z [WARN] (main) com.aws.greengrass.lifecyclemanager.KernelLifecycle: Transaction log /test/greengrass/v2/config/config.tlog is invalid and no usable backup transaction log exists. Either an initial Nucleus setup is ongoing or all config tlogs were corrupted. {}
2023-03-31T01:50:05.258Z [INFO] (main) com.aws.greengrass.lifecyclemanager.Kernel: effective-config-dump-complete. {file=/test/greengrass/v2/config/effectiveConfig.yaml}
2023-03-31T01:50:05.379Z [INFO] (main) com.aws.greengrass.deployment.DeviceConfiguration: Successfully setup Nucleus launch parameters. {}
2023-03-31T01:50:06.038Z [INFO] (main) com.aws.greengrass.deployment.DeviceConfiguration: Nucleus lifecycle has been initialized successfully. {}
2023-03-31T01:50:06.227Z [INFO] (main) com.aws.greengrass.deployment.DeviceConfiguration: Copy Nucleus artifacts to component store. {destination=/test/greengrass/v2/packages/artifacts-unarchived/aws.greengrass.Nucleus/2.9.4/aws.greengrass.nucleus, source=/test/GreengrassInstaller}
2023-03-31T01:50:33.028Z [INFO] (main) com.aws.greengrass.lifecyclemanager.KernelLifecycle: Waiting for services to shutdown. {}
2023-03-31T01:50:33.055Z [INFO] (main) com.aws.greengrass.lifecyclemanager.Kernel: effective-config-dump-complete. {file=/test/greengrass/v2/config/effectiveConfig.yaml}
2023-03-31T01:50:34.273Z [ERROR] (Copier) com.aws.greengrass.util.orchestration.SystemdUtils: systemd-setup. {stderr=Created symlink /etc/systemd/system/multi-user.target.wants/greengrass.service → /etc/systemd/system/greengrass.service., command=systemctl enable greengrass.service}
2023-03-31T01:50:34.963Z [INFO] (main) com.aws.greengrass.util.orchestration.SystemdUtils: systemd-setup. Successfully set up systemd service. {}
2023-03-31T01:50:34.965Z [INFO] (main) com.aws.greengrass.lifecyclemanager.KernelLifecycle: system-shutdown. {main=null}
2023-03-31T01:50:34.970Z [INFO] (main) com.aws.greengrass.lifecyclemanager.KernelLifecycle: Waiting for services to shutdown. {}
2023-03-31T01:50:35.007Z [INFO] (main) com.aws.greengrass.lifecyclemanager.Kernel: effective-config-dump-complete. {file=/test/greengrass/v2/config/effectiveConfig.yaml}
2023-03-31T01:50:35.011Z [INFO] (Serialized listener processor) com.aws.greengrass.lifecyclemanager.KernelLifecycle: executor-service-shutdown-initiated. {}
2023-03-31T01:50:35.012Z [INFO] (main) com.aws.greengrass.lifecyclemanager.KernelLifecycle: Waiting for executors to shutdown. {}
2023-03-31T01:50:35.014Z [INFO] (main) com.aws.greengrass.lifecyclemanager.KernelLifecycle: executor-service-shutdown-complete. {executor-terminated=true, scheduled-executor-terminated=true}
2023-03-31T01:50:35.015Z [INFO] (main) com.aws.greengrass.lifecyclemanager.KernelLifecycle: context-shutdown-initiated. {}
2023-03-31T01:50:35.019Z [INFO] (main) com.aws.greengrass.lifecyclemanager.KernelLifecycle: context-shutdown-complete. {}
2023-03-31T01:50:36.899Z [INFO] (main) com.aws.greengrass.util.platforms.Platform: Getting platform instance com.aws.greengrass.util.platforms.unix.linux.LinuxPlatform.. {}
2023-03-31T01:50:37.010Z [INFO] (main) com.aws.greengrass.lifecyclemanager.Kernel: No ongoing deployment detected. Proceed as default. {}
2023-03-31T01:50:37.383Z [INFO] (main) com.aws.greengrass.config.Configuration: config-loading. Read configuration from a file path. {path=/test/greengrass/v2/config/config.tlog}
2023-03-31T01:50:37.619Z [INFO] (main) com.aws.greengrass.lifecyclemanager.Kernel: effective-config-dump-complete. {file=/test/greengrass/v2/config/effectiveConfig.yaml}
2023-03-31T01:50:38.207Z [INFO] (main) com.aws.greengrass.lifecyclemanager.KernelLifecycle: system-start. Launch Nucleus. {configPath=/test/greengrass/v2/config, rootPath=/test/greengrass/v2, version=2.9.4}
2023-03-31T01:50:38.742Z [INFO] (main) software.amazon.awssdk.eventstreamrpc.RpcServer: IpcServer started.... {}
2023-03-31T01:50:38.947Z [INFO] (main) com.aws.greengrass.security.SecurityService: Register crypto key service provider. {keyType=file}
2023-03-31T01:50:38.951Z [INFO] (main) com.aws.greengrass.security.SecurityService: Register crypto key service provider. {keyType=file}
2023-03-31T01:50:38.979Z [INFO] (main) com.aws.greengrass.mqttclient.spool.Spool: Spooler has been configured. {maxSizeInBytes=2621440, storageType=Memory, keepQos0WhenOffline=false}
2023-03-31T01:50:39.113Z [INFO] (main) com.aws.greengrass.lifecyclemanager.KernelLifecycle: serviceImplementors: {UpdateSystemPolicyService:class com.aws.greengrass.lifecyclemanager.UpdateSystemPolicyService...}. {}
2023-03-31T01:50:39.123Z [INFO] (main) com.aws.greengrass.lifecyclemanager.Kernel: Attempt to load service from plugins. {serviceName=aws.greengrass.Nucleus}
2023-03-31T01:50:39.225Z [INFO] (main) com.aws.greengrass.lifecyclemanager.Kernel: Attempt to load service from plugins. {serviceName=main}
2023-03-31T01:50:39.285Z [INFO] (main) com.aws.greengrass.lifecyclemanager.Kernel: Attempt to load service from plugins. {serviceName=UpdateSystemPolicyService}
2023-03-31T01:50:39.292Z [INFO] (main) com.aws.greengrass.lifecyclemanager.Kernel: Attempt to load service from plugins. {serviceName=DeploymentService}
2023-03-31T01:50:39.536Z [INFO] (main) com.aws.greengrass.lifecyclemanager.Kernel: Attempt to load service from plugins. {serviceName=TelemetryAgent}
2023-03-31T01:50:39.600Z [INFO] (pool-2-thread-6) com.aws.greengrass.mqttclient.AwsIotMqttClient: Connecting to AWS IoT Core. {clientId=IM30}
2023-03-31T01:50:39.831Z [INFO] (main) com.aws.greengrass.lifecyclemanager.Kernel: effective-config-dump-complete. {file=/test/greengrass/v2/config/effectiveConfig.yaml}
2023-03-31T01:50:39.833Z [INFO] (main) com.aws.greengrass.lifecyclemanager.KernelLifecycle: system-start. {main=services.main:NEW}
2023-03-31T01:50:39.852Z [INFO] (UpdateSystemPolicyService-lifecycle) com.aws.greengrass.lifecyclemanager.UpdateSystemPolicyService: service-set-state. {serviceName=UpdateSystemPolicyService, currentState=NEW, newState=INSTALLED}
2023-03-31T01:50:39.854Z [INFO] (aws.greengrass.Nucleus-lifecycle) com.aws.greengrass.lifecyclemanager.GenericExternalService: service-set-state. {serviceName=aws.greengrass.Nucleus, currentState=NEW, newState=INSTALLED}
2023-03-31T01:50:39.863Z [INFO] (DeploymentService-lifecycle) com.aws.greengrass.deployment.DeploymentService: service-set-state. {serviceName=DeploymentService, currentState=NEW, newState=INSTALLED}
2023-03-31T01:50:39.863Z [INFO] (TelemetryAgent-lifecycle) com.aws.greengrass.telemetry.TelemetryAgent: service-set-state. {serviceName=TelemetryAgent, currentState=NEW, newState=INSTALLED}
2023-03-31T01:50:39.856Z [INFO] (FleetStatusService-lifecycle) com.aws.greengrass.status.FleetStatusService: service-set-state. {serviceName=FleetStatusService, currentState=NEW, newState=INSTALLED}
2023-03-31T01:50:39.875Z [INFO] (aws.greengrass.Nucleus-lifecycle) com.aws.greengrass.lifecyclemanager.GenericExternalService: service-set-state. {serviceName=aws.greengrass.Nucleus, currentState=INSTALLED, newState=STARTING}
2023-03-31T01:50:39.877Z [INFO] (TelemetryAgent-lifecycle) com.aws.greengrass.telemetry.TelemetryAgent: service-set-state. {serviceName=TelemetryAgent, currentState=INSTALLED, newState=STARTING}
2023-03-31T01:50:39.881Z [INFO] (UpdateSystemPolicyService-lifecycle) com.aws.greengrass.lifecyclemanager.UpdateSystemPolicyService: service-set-state. {serviceName=UpdateSystemPolicyService, currentState=INSTALLED, newState=STARTING}
2023-03-31T01:50:39.881Z [INFO] (main-lifecycle) com.aws.greengrass.lifecyclemanager.GenericExternalService: service-set-state. {serviceName=main, currentState=NEW, newState=INSTALLED}
2023-03-31T01:50:39.879Z [INFO] (DeploymentService-lifecycle) com.aws.greengrass.deployment.DeploymentService: service-set-state. {serviceName=DeploymentService, currentState=INSTALLED, newState=STARTING}
2023-03-31T01:50:39.886Z [INFO] (FleetStatusService-lifecycle) com.aws.greengrass.status.FleetStatusService: service-set-state. {serviceName=FleetStatusService, currentState=INSTALLED, newState=STARTING}
2023-03-31T01:50:39.899Z [INFO] (TelemetryAgent-lifecycle) com.aws.greengrass.telemetry.TelemetryAgent: service-set-state. {serviceName=TelemetryAgent, currentState=STARTING, newState=RUNNING}
2023-03-31T01:50:39.901Z [INFO] (DeploymentService-lifecycle) com.aws.greengrass.deployment.DeploymentService: service-set-state. {serviceName=DeploymentService, currentState=STARTING, newState=RUNNING}
2023-03-31T01:50:39.903Z [INFO] (UpdateSystemPolicyService-lifecycle) com.aws.greengrass.lifecyclemanager.UpdateSystemPolicyService: service-set-state. {serviceName=UpdateSystemPolicyService, currentState=STARTING, newState=RUNNING}
2023-03-31T01:50:39.909Z [INFO] (FleetStatusService-lifecycle) com.aws.greengrass.status.FleetStatusService: service-set-state. {serviceName=FleetStatusService, currentState=STARTING, newState=RUNNING}
2023-03-31T01:50:39.921Z [INFO] (aws.greengrass.Nucleus-lifecycle) com.aws.greengrass.lifecyclemanager.GenericExternalService: service-set-state. {serviceName=aws.greengrass.Nucleus, currentState=STARTING, newState=FINISHED}
2023-03-31T01:50:39.923Z [INFO] (pool-2-thread-10) com.aws.greengrass.lifecyclemanager.GenericExternalService: generic-service-finished. Nothing done. {serviceName=aws.greengrass.Nucleus, currentState=STARTING}
2023-03-31T01:50:39.926Z [INFO] (main-lifecycle) com.aws.greengrass.lifecyclemanager.GenericExternalService: service-set-state. {serviceName=main, currentState=INSTALLED, newState=STARTING}
2023-03-31T01:50:39.933Z [INFO] (pool-2-thread-11) com.aws.greengrass.lifecyclemanager.GenericExternalService: generic-service-finished. Nothing done. {serviceName=main, currentState=STARTING}
2023-03-31T01:50:39.935Z [INFO] (main-lifecycle) com.aws.greengrass.lifecyclemanager.GenericExternalService: service-set-state. {serviceName=main, currentState=STARTING, newState=FINISHED}
2023-03-31T01:50:39.939Z [INFO] (main-lifecycle) com.aws.greengrass.lifecyclemanager.GenericExternalService: service-set-state. {serviceName=main, currentState=FINISHED, newState=STOPPING}
2023-03-31T01:50:39.941Z [INFO] (aws.greengrass.Nucleus-lifecycle) com.aws.greengrass.lifecyclemanager.GenericExternalService: service-set-state. {serviceName=aws.greengrass.Nucleus, currentState=FINISHED, newState=STOPPING}
2023-03-31T01:50:39.945Z [INFO] (pool-2-thread-11) com.aws.greengrass.lifecyclemanager.GenericExternalService: Shutdown initiated. {serviceName=main, currentState=STOPPING}
2023-03-31T01:50:39.949Z [INFO] (pool-2-thread-11) com.aws.greengrass.lifecyclemanager.GenericExternalService: generic-service-shutdown. {serviceName=main, currentState=STOPPING}
2023-03-31T01:50:39.953Z [INFO] (main-lifecycle) com.aws.greengrass.lifecyclemanager.GenericExternalService: service-set-state. {serviceName=main, currentState=STOPPING, newState=FINISHED}
2023-03-31T01:50:39.953Z [INFO] (pool-2-thread-11) com.aws.greengrass.lifecyclemanager.GenericExternalService: Shutdown initiated. {serviceName=aws.greengrass.Nucleus, currentState=STOPPING}
2023-03-31T01:50:39.955Z [INFO] (pool-2-thread-11) com.aws.greengrass.lifecyclemanager.GenericExternalService: generic-service-shutdown. {serviceName=aws.greengrass.Nucleus, currentState=STOPPING}
2023-03-31T01:50:39.957Z [INFO] (aws.greengrass.Nucleus-lifecycle) com.aws.greengrass.lifecyclemanager.GenericExternalService: service-set-state. {serviceName=aws.greengrass.Nucleus, currentState=STOPPING, newState=FINISHED}
2023-03-31T01:50:39.984Z [INFO] (main) com.aws.greengrass.status.FleetStatusService: fss-status-update-published. Status update published to FSS. {trigger=NUCLEUS_LAUNCH, serviceName=FleetStatusService, currentState=RUNNING}
2023-03-31T01:50:50.677Z [INFO] (Thread-4) com.aws.greengrass.mqttclient.AwsIotMqttClient: Connecting to AWS IoT Core. {clientId=IM30}
2023-03-31T01:50:50.679Z [INFO] (Thread-4) com.aws.greengrass.mqttclient.AwsIotMqttClient: Connection purposefully interrupted. {clientId=IM30}
2023-03-31T01:50:51.522Z [INFO] (Thread-4) com.aws.greengrass.mqttclient.AwsIotMqttClient: Successfully connected to AWS IoT Core. {clientId=IM30, sessionPresent=false}
2023-03-31T01:50:53.046Z [INFO] (Thread-4) com.aws.greengrass.deployment.IotJobsHelper: No deployment job found. {ThingName=IM30}
2023-03-31T01:50:53.390Z [INFO] (Thread-4) com.aws.greengrass.deployment.ShadowDeploymentListener: Deployment was canceled. Ignoring shadow update at startup. {CONFIGURATION_ARN=arn:aws:greengrass:us-west-2:116407744508:configuration:thing/IM30:138}
2023-03-31T01:56:29.928Z [INFO] (Thread-4) com.aws.greengrass.deployment.ShadowDeploymentListener: Added shadow deployment job. {ID=arn:aws:greengrass:us-west-2:116407744508:configuration:thing/IM30:139}
2023-03-31T01:56:39.910Z [INFO] (pool-2-thread-8) com.aws.greengrass.deployment.DeploymentService: Received deployment in the queue. {DeploymentId=arn:aws:greengrass:us-west-2:116407744508:configuration:thing/IM30:139, GreengrassDeploymentId=null, DeploymentType=SHADOW, serviceName=DeploymentService, currentState=RUNNING}
2023-03-31T01:56:39.912Z [INFO] (pool-2-thread-8) com.aws.greengrass.deployment.DeploymentService: Received deployment document in queue. {document={"deploymentId":"18729fee-6e6d-4615-8244-6f5b9ac53b46","schemaDate":"2021-05-17","configurationArn":"arn:aws:greengrass:us-west-2:116407744508:configuration:thing/IM30:139","creationTimestamp":1680227789685,"components":{"aws.greengrass.Nucleus":{"version":"2.9.4"},"idt-ggv2-lambda-function-idt-885417641319892027":{"version":"1.0.0"}},"failureHandlingPolicy":"ROLLBACK","requiredCapabilities":[],"componentUpdatePolicy":{"timeout":60,"action":"NOTIFY_COMPONENTS"},"configurationValidationPolicy":{"timeout":60}}, serviceName=DeploymentService, currentState=RUNNING}
2023-03-31T01:56:40.076Z [INFO] (pool-2-thread-8) com.aws.greengrass.deployment.DeploymentStatusKeeper: Stored deployment status. {DeploymentId=arn:aws:greengrass:us-west-2:116407744508:configuration:thing/IM30:139, GreengrassDeploymentId=18729fee-6e6d-4615-8244-6f5b9ac53b46, DeploymentStatus=IN_PROGRESS}
2023-03-31T01:56:40.096Z [INFO] (pool-2-thread-8) com.aws.greengrass.deployment.ShadowDeploymentListener: Updated reported state for deployment. {CONFIGURATION_ARN=arn:aws:greengrass:us-west-2:116407744508:configuration:thing/IM30:139, status=IN_PROGRESS}
2023-03-31T01:56:40.103Z [INFO] (pool-2-thread-8) com.aws.greengrass.deployment.DeploymentDirectoryManager: Create work directory for new deployment. {deploymentId=18729fee-6e6d-4615-8244-6f5b9ac53b46, link=/test/greengrass/v2/deployments/ongoing, directory=/test/greengrass/v2/deployments/18729fee-6e6d-4615-8244-6f5b9ac53b46}
2023-03-31T01:56:40.108Z [INFO] (pool-2-thread-8) com.aws.greengrass.deployment.DeploymentDirectoryManager: Persist deployment metadata. {file=/test/greengrass/v2/deployments/18729fee-6e6d-4615-8244-6f5b9ac53b46/deployment_metadata.json, deploymentId=18729fee-6e6d-4615-8244-6f5b9ac53b46}
2023-03-31T01:56:40.232Z [INFO] (pool-2-thread-8) com.aws.greengrass.deployment.DeploymentService: Started deployment execution. {serviceName=DeploymentService, currentState=RUNNING, deployment=arn:aws:greengrass:us-west-2:116407744508:configuration:thing/IM30:139}
2023-03-31T01:56:40.233Z [INFO] (pool-2-thread-13) com.aws.greengrass.deployment.DeploymentService: deployment-task-execution. Starting deployment task. {Deployment service config={ComponentToGroups={}, dependencies=[], GroupToRootComponents={}, runtime={ProcessedDeployments={}}, version=0.0.0}, deploymentId=18729fee-6e6d-4615-8244-6f5b9ac53b46, serviceName=DeploymentService, currentState=RUNNING}
2023-03-31T01:56:46.126Z [INFO] (pool-2-thread-14) com.aws.greengrass.componentmanager.DependencyResolver: resolve-group-dependencies-start. Start to resolve group dependencies. {targetComponents=[aws.greengrass.Nucleus, idt-ggv2-lambda-function-idt-885417641319892027], componentToVersionRequirements={aws.greengrass.Nucleus={thing/IM30==2.9.4}, idt-ggv2-lambda-function-idt-885417641319892027={thing/IM30==1.0.0}}}
2023-03-31T01:56:46.140Z [INFO] (pool-2-thread-14) com.aws.greengrass.componentmanager.ComponentManager: Found running component which meets the requirement and use it.. {ComponentIdentifier=aws.greengrass.Nucleus-v2.9.4}
2023-03-31T01:56:46.141Z [INFO] (pool-2-thread-14) com.aws.greengrass.componentmanager.ComponentManager: Found the best local candidate that satisfies the requirement.. {LocalCandidateId=aws.greengrass.Nucleus-v2.9.4}
2023-03-31T01:56:47.387Z [INFO] (pool-2-thread-14) com.aws.greengrass.componentmanager.ComponentManager: resolve-component-version-end. Resolved component version.. {ResolvedComponent=aws.greengrass.Nucleus-v2.9.4}
2023-03-31T01:56:47.444Z [INFO] (pool-2-thread-14) com.aws.greengrass.componentmanager.ComponentManager: No running component satisfies the requirement. Searching in the local component store.. {}
2023-03-31T01:56:47.447Z [INFO] (pool-2-thread-14) com.aws.greengrass.componentmanager.ComponentManager: Can't find a local candidate that satisfies the requirement.. {}
2023-03-31T01:56:48.324Z [INFO] (pool-2-thread-14) com.aws.greengrass.componentmanager.ComponentManager: resolve-component-version-end. Resolved component version.. {ResolvedComponent=idt-ggv2-lambda-function-idt-885417641319892027-v1.0.0}
2023-03-31T01:56:48.388Z [INFO] (pool-2-thread-14) com.aws.greengrass.componentmanager.ComponentManager: No running component satisfies the requirement. Searching in the local component store.. {}
2023-03-31T01:56:48.389Z [INFO] (pool-2-thread-14) com.aws.greengrass.componentmanager.ComponentManager: Can't find a local candidate that satisfies the requirement.. {}
2023-03-31T01:56:49.247Z [INFO] (pool-2-thread-14) com.aws.greengrass.componentmanager.ComponentManager: resolve-component-version-end. Resolved component version.. {ResolvedComponent=aws.greengrass.LambdaLauncher-v2.0.10}
2023-03-31T01:56:49.315Z [INFO] (pool-2-thread-14) com.aws.greengrass.componentmanager.ComponentManager: No running component satisfies the requirement. Searching in the local component store.. {}
2023-03-31T01:56:49.317Z [INFO] (pool-2-thread-14) com.aws.greengrass.componentmanager.ComponentManager: Can't find a local candidate that satisfies the requirement.. {}
2023-03-31T01:56:50.116Z [INFO] (pool-2-thread-14) com.aws.greengrass.componentmanager.ComponentManager: resolve-component-version-end. Resolved component version.. {ResolvedComponent=aws.greengrass.TokenExchangeService-v2.0.3}
2023-03-31T01:56:50.129Z [INFO] (pool-2-thread-14) com.aws.greengrass.componentmanager.ComponentManager: No running component satisfies the requirement. Searching in the local component store.. {}
2023-03-31T01:56:50.130Z [INFO] (pool-2-thread-14) com.aws.greengrass.componentmanager.ComponentManager: Can't find a local candidate that satisfies the requirement.. {}
2023-03-31T01:56:50.917Z [INFO] (pool-2-thread-14) com.aws.greengrass.componentmanager.ComponentManager: resolve-component-version-end. Resolved component version.. {ResolvedComponent=aws.greengrass.LambdaRuntimes-v2.0.8}
2023-03-31T01:56:50.928Z [INFO] (pool-2-thread-14) com.aws.greengrass.componentmanager.ComponentManager: No running component satisfies the requirement. Searching in the local component store.. {}
2023-03-31T01:56:50.930Z [INFO] (pool-2-thread-14) com.aws.greengrass.componentmanager.ComponentManager: Can't find a local candidate that satisfies the requirement.. {}
2023-03-31T01:56:51.721Z [INFO] (pool-2-thread-14) com.aws.greengrass.componentmanager.ComponentManager: resolve-component-version-end. Resolved component version.. {ResolvedComponent=aws.greengrass.LambdaManager-v2.2.7}
2023-03-31T01:56:51.742Z [INFO] (pool-2-thread-14) com.aws.greengrass.componentmanager.ComponentManager: Found running component which meets the requirement and use it.. {ComponentIdentifier=aws.greengrass.Nucleus-v2.9.4}
2023-03-31T01:56:51.743Z [INFO] (pool-2-thread-14) com.aws.greengrass.componentmanager.ComponentManager: Found the best local candidate that satisfies the requirement.. {LocalCandidateId=aws.greengrass.Nucleus-v2.9.4}
2023-03-31T01:56:52.577Z [INFO] (pool-2-thread-14) com.aws.greengrass.componentmanager.ComponentManager: resolve-component-version-end. Resolved component version.. {ResolvedComponent=aws.greengrass.Nucleus-v2.9.4}
2023-03-31T01:56:52.729Z [INFO] (pool-2-thread-14) com.aws.greengrass.componentmanager.DependencyResolver: resolve-group-dependencies-finish. Finish resolving group dependencies. {resolvedComponents={aws.greengrass.LambdaLauncher=ComponentMetadata(componentIdentifier=aws.greengrass.LambdaLauncher-v2.0.10, dependencies={aws.greengrass.LambdaManager=>=2.0.0 <2.3.0}), aws.greengrass.TokenExchangeService=ComponentMetadata(componentIdentifier=aws.greengrass.TokenExchangeService-v2.0.3, dependencies={}), aws.greengrass.LambdaRuntimes=ComponentMetadata(componentIdentifier=aws.greengrass.LambdaRuntimes-v2.0.8, dependencies={}), aws.greengrass.LambdaManager=ComponentMetadata(componentIdentifier=aws.greengrass.LambdaManager-v2.2.7, dependencies={aws.greengrass.Nucleus=>=2.0.0 <2.10.0}), aws.greengrass.Nucleus=ComponentMetadata(componentIdentifier=aws.greengrass.Nucleus-v2.9.4, dependencies={}), idt-ggv2-lambda-function-idt-885417641319892027=ComponentMetadata(componentIdentifier=idt-ggv2-lambda-function-idt-885417641319892027-v1.0.0, dependencies={aws.greengrass.LambdaLauncher=>=2.0.0 <3.0.0, aws.greengrass.TokenExchangeService=>=2.0.0 <3.0.0, aws.greengrass.LambdaRuntimes=>=2.0.0 <3.0.0})}, componentToVersionRequirements={aws.greengrass.LambdaLauncher={idt-ggv2-lambda-function-idt-885417641319892027=>=2.0.0 <3.0.0}, aws.greengrass.TokenExchangeService={idt-ggv2-lambda-function-idt-885417641319892027=>=2.0.0 <3.0.0}, aws.greengrass.LambdaRuntimes={idt-ggv2-lambda-function-idt-885417641319892027=>=2.0.0 <3.0.0}, aws.greengrass.LambdaManager={aws.greengrass.LambdaLauncher=>=2.0.0 <2.3.0}, aws.greengrass.Nucleus={thing/IM30==2.9.4, aws.greengrass.LambdaManager=>=2.0.0 <2.10.0}, idt-ggv2-lambda-function-idt-885417641319892027={thing/IM30==1.0.0}}}
2023-03-31T01:56:52.823Z [INFO] (pool-2-thread-14) com.aws.greengrass.componentmanager.ComponentManager: prepare-package-start. {packageIdentifier=aws.greengrass.LambdaLauncher-v2.0.10}
2023-03-31T01:57:13.240Z [INFO] (pool-2-thread-14) com.aws.greengrass.componentmanager.ComponentManager: prepare-package-start. {packageIdentifier=aws.greengrass.TokenExchangeService-v2.0.3}
2023-03-31T01:57:13.253Z [INFO] (pool-2-thread-14) com.aws.greengrass.componentmanager.ComponentManager: prepare-package-start. {packageIdentifier=aws.greengrass.LambdaRuntimes-v2.0.8}
2023-03-31T01:57:16.664Z [INFO] (pool-2-thread-14) com.aws.greengrass.componentmanager.ComponentManager: prepare-package-start. {packageIdentifier=aws.greengrass.LambdaManager-v2.2.7}
2023-03-31T01:57:22.296Z [INFO] (pool-2-thread-14) com.aws.greengrass.componentmanager.ComponentManager: prepare-package-start. {packageIdentifier=aws.greengrass.Nucleus-v2.9.4}
2023-03-31T01:57:44.857Z [INFO] (pool-2-thread-14) com.aws.greengrass.componentmanager.ComponentManager: prepare-package-start. {packageIdentifier=idt-ggv2-lambda-function-idt-885417641319892027-v1.0.0}
2023-03-31T01:58:34.014Z [INFO] (pool-2-thread-13) com.aws.greengrass.lifecyclemanager.Kernel: Attempt to load service from plugins. {serviceName=aws.greengrass.LambdaLauncher}
2023-03-31T01:58:34.016Z [INFO] (pool-2-thread-13) com.aws.greengrass.lifecyclemanager.Kernel: Attempt to load service from plugins. {serviceName=aws.greengrass.TokenExchangeService}
2023-03-31T01:58:34.047Z [INFO] (pool-2-thread-13) com.aws.greengrass.lifecyclemanager.Kernel: Attempt to load service from plugins. {serviceName=aws.greengrass.LambdaRuntimes}
2023-03-31T01:58:34.049Z [INFO] (pool-2-thread-13) com.aws.greengrass.lifecyclemanager.Kernel: Attempt to load service from plugins. {serviceName=aws.greengrass.LambdaManager}
2023-03-31T01:58:34.051Z [INFO] (pool-2-thread-13) com.aws.greengrass.lifecyclemanager.Kernel: Attempt to load service from plugins. {serviceName=idt-ggv2-lambda-function-idt-885417641319892027}
2023-03-31T01:58:34.068Z [INFO] (pool-2-thread-13) com.aws.greengrass.lifecyclemanager.UpdateSystemPolicyService: register-service-update-action. {action=18729fee-6e6d-4615-8244-6f5b9ac53b46, serviceName=UpdateSystemPolicyService, currentState=RUNNING}
2023-03-31T01:58:34.079Z [INFO] (pool-2-thread-15) com.aws.greengrass.lifecyclemanager.UpdateSystemPolicyService: service-update-start. {serviceName=UpdateSystemPolicyService, currentState=RUNNING}
2023-03-31T01:58:34.080Z [INFO] (pool-2-thread-15) com.aws.greengrass.lifecyclemanager.Kernel: Attempt to load service from plugins. {serviceName=aws.greengrass.LambdaLauncher}
2023-03-31T01:58:34.081Z [INFO] (pool-2-thread-15) com.aws.greengrass.lifecyclemanager.Kernel: Attempt to load service from plugins. {serviceName=aws.greengrass.LambdaRuntimes}
2023-03-31T01:58:34.083Z [INFO] (pool-2-thread-15) com.aws.greengrass.lifecyclemanager.Kernel: Attempt to load service from plugins. {serviceName=aws.greengrass.LambdaManager}
2023-03-31T01:58:34.085Z [INFO] (pool-2-thread-15) com.aws.greengrass.lifecyclemanager.Kernel: Attempt to load service from plugins. {serviceName=idt-ggv2-lambda-function-idt-885417641319892027}
2023-03-31T01:58:34.089Z [INFO] (pool-2-thread-15) com.aws.greengrass.deployment.DeploymentConfigMerger: merge-config. Applying deployment changes, deployment cannot be cancelled now. {deployment=18729fee-6e6d-4615-8244-6f5b9ac53b46}
2023-03-31T01:58:34.091Z [INFO] (pool-2-thread-15) com.aws.greengrass.deployment.DeploymentDirectoryManager: Persist configuration snapshot. {file=/test/greengrass/v2/deployments/18729fee-6e6d-4615-8244-6f5b9ac53b46/rollback_snapshot.tlog}
2023-03-31T01:58:39.304Z [INFO] (Serialized listener processor) com.aws.greengrass.lifecyclemanager.Kernel: Attempt to load service from plugins. {serviceName=aws.greengrass.LambdaLauncher}
2023-03-31T01:58:39.329Z [INFO] (Serialized listener processor) com.aws.greengrass.lifecyclemanager.Kernel: Attempt to load service from plugins. {serviceName=aws.greengrass.LambdaRuntimes}
2023-03-31T01:58:39.402Z [INFO] (main-lifecycle) com.aws.greengrass.lifecyclemanager.GenericExternalService: service-set-state. {serviceName=main, currentState=FINISHED, newState=INSTALLED}
2023-03-31T01:58:39.412Z [INFO] (Serialized listener processor) com.aws.greengrass.lifecyclemanager.GenericExternalService: service-config-change. Requesting restart for component. {configNode=services.main.lifecycle, serviceName=main, currentState=INSTALLED}
2023-03-31T01:58:39.441Z [INFO] (Serialized listener processor) com.aws.greengrass.lifecyclemanager.GenericExternalService: service-config-change. Requesting restart for component. {configNode=services.aws.greengrass.Nucleus.lifecycle.bootstrap.requiresPrivilege, serviceName=aws.greengrass.Nucleus, currentState=FINISHED}
2023-03-31T01:58:39.443Z [INFO] (aws.greengrass.Nucleus-lifecycle) com.aws.greengrass.lifecyclemanager.GenericExternalService: service-set-state. {serviceName=aws.greengrass.Nucleus, currentState=FINISHED, newState=INSTALLED}
2023-03-31T01:58:39.512Z [INFO] (Serialized listener processor) com.aws.greengrass.lambdamanager.UserLambdaService: service-config-change. Requesting restart for component. {configNode=services.idt-ggv2-lambda-function-idt-885417641319892027.lifecycle.startup.requiresPrivilege, serviceInstance=0, serviceName=idt-ggv2-lambda-function-idt-885417641319892027, currentState=NEW}
2023-03-31T01:58:39.515Z [INFO] (Serialized listener processor) com.aws.greengrass.lambdamanager.UserLambdaService: service-config-change. Requesting restart for component. {configNode=services.idt-ggv2-lambda-function-idt-885417641319892027.lifecycle.startup.requiresPrivilege, serviceInstance=0, serviceName=idt-ggv2-lambda-function-idt-885417641319892027, currentState=NEW}
2023-03-31T01:58:39.520Z [INFO] (Serialized listener processor) com.aws.greengrass.lambdamanager.UserLambdaService: service-config-change. Requesting restart for component. {configNode=services.idt-ggv2-lambda-function-idt-885417641319892027.lifecycle.startup.script, serviceInstance=0, serviceName=idt-ggv2-lambda-function-idt-885417641319892027, currentState=NEW}
2023-03-31T01:58:39.534Z [INFO] (Serialized listener processor) com.aws.greengrass.lambdamanager.UserLambdaService: service-config-change. Requesting restart for component. {configNode=services.idt-ggv2-lambda-function-idt-885417641319892027.lifecycle.startup.script, serviceInstance=0, serviceName=idt-ggv2-lambda-function-idt-885417641319892027, currentState=NEW}
2023-03-31T01:58:39.543Z [INFO] (Serialized listener processor) com.aws.greengrass.lambdamanager.UserLambdaService: service-config-change. Requesting restart for component. {configNode=services.idt-ggv2-lambda-function-idt-885417641319892027.lifecycle.setenv.AWS_GREENGRASS_LAMBDA_CONTAINER_MODE, serviceInstance=0, serviceName=idt-ggv2-lambda-function-idt-885417641319892027, currentState=NEW}
2023-03-31T01:58:39.554Z [INFO] (Serialized listener processor) com.aws.greengrass.lambdamanager.UserLambdaService: service-config-change. Requesting restart for component. {configNode=services.idt-ggv2-lambda-function-idt-885417641319892027.lifecycle.setenv.AWS_GREENGRASS_LAMBDA_CONTAINER_MODE, serviceInstance=0, serviceName=idt-ggv2-lambda-function-idt-885417641319892027, currentState=NEW}
2023-03-31T01:58:39.559Z [INFO] (Serialized listener processor) com.aws.greengrass.lambdamanager.UserLambdaService: service-config-change. Requesting restart for component. {configNode=services.idt-ggv2-lambda-function-idt-885417641319892027.lifecycle.setenv.AWS_GREENGRASS_LAMBDA_ARN, serviceInstance=0, serviceName=idt-ggv2-lambda-function-idt-885417641319892027, currentState=NEW}
2023-03-31T01:58:39.563Z [INFO] (Serialized listener processor) com.aws.greengrass.lambdamanager.UserLambdaService: service-config-change. Requesting restart for component. {configNode=services.idt-ggv2-lambda-function-idt-885417641319892027.lifecycle.setenv.AWS_GREENGRASS_LAMBDA_ARN, serviceInstance=0, serviceName=idt-ggv2-lambda-function-idt-885417641319892027, currentState=NEW}
2023-03-31T01:58:39.566Z [INFO] (Serialized listener processor) com.aws.greengrass.lambdamanager.UserLambdaService: service-config-change. Requesting restart for component. {configNode=services.idt-ggv2-lambda-function-idt-885417641319892027.lifecycle.setenv.AWS_GREENGRASS_LAMBDA_FUNCTION_HANDLER, serviceInstance=0, serviceName=idt-ggv2-lambda-function-idt-885417641319892027, currentState=NEW}
2023-03-31T01:58:39.570Z [INFO] (Serialized listener processor) com.aws.greengrass.lambdamanager.UserLambdaService: service-config-change. Requesting restart for component. {configNode=services.idt-ggv2-lambda-function-idt-885417641319892027.lifecycle.setenv.AWS_GREENGRASS_LAMBDA_FUNCTION_HANDLER, serviceInstance=0, serviceName=idt-ggv2-lambda-function-idt-885417641319892027, currentState=NEW}
2023-03-31T01:58:39.576Z [INFO] (Serialized listener processor) com.aws.greengrass.lambdamanager.UserLambdaService: service-config-change. Requesting restart for component. {configNode=services.idt-ggv2-lambda-function-idt-885417641319892027.lifecycle.setenv.AWS_GREENGRASS_LAMBDA_ARTIFACT_PATH, serviceInstance=0, serviceName=idt-ggv2-lambda-function-idt-885417641319892027, currentState=NEW}
2023-03-31T01:58:39.579Z [INFO] (Serialized listener processor) com.aws.greengrass.lambdamanager.UserLambdaService: service-config-change. Requesting restart for component. {configNode=services.idt-ggv2-lambda-function-idt-885417641319892027.lifecycle.setenv.AWS_GREENGRASS_LAMBDA_ARTIFACT_PATH, serviceInstance=0, serviceName=idt-ggv2-lambda-function-idt-885417641319892027, currentState=NEW}
2023-03-31T01:58:39.583Z [INFO] (Serialized listener processor) com.aws.greengrass.lambdamanager.UserLambdaService: service-config-change. Requesting restart for component. {configNode=services.idt-ggv2-lambda-function-idt-885417641319892027.lifecycle.setenv.AWS_GREENGRASS_LAMBDA_CONTAINER_PARAMS, serviceInstance=0, serviceName=idt-ggv2-lambda-function-idt-885417641319892027, currentState=NEW}
2023-03-31T01:58:39.591Z [INFO] (Serialized listener processor) com.aws.greengrass.lambdamanager.UserLambdaService: service-config-change. Requesting restart for component. {configNode=services.idt-ggv2-lambda-function-idt-885417641319892027.lifecycle.setenv.AWS_GREENGRASS_LAMBDA_CONTAINER_PARAMS, serviceInstance=0, serviceName=idt-ggv2-lambda-function-idt-885417641319892027, currentState=NEW}
2023-03-31T01:58:39.595Z [INFO] (Serialized listener processor) com.aws.greengrass.lambdamanager.UserLambdaService: service-config-change. Requesting restart for component. {configNode=services.idt-ggv2-lambda-function-idt-885417641319892027.lifecycle.setenv.AWS_GREENGRASS_LAMBDA_STATUS_TIMEOUT_SECONDS, serviceInstance=0, serviceName=idt-ggv2-lambda-function-idt-885417641319892027, currentState=NEW}
2023-03-31T01:58:39.598Z [INFO] (Serialized listener processor) com.aws.greengrass.lambdamanager.UserLambdaService: service-config-change. Requesting restart for component. {configNode=services.idt-ggv2-lambda-function-idt-885417641319892027.lifecycle.setenv.AWS_GREENGRASS_LAMBDA_STATUS_TIMEOUT_SECONDS, serviceInstance=0, serviceName=idt-ggv2-lambda-function-idt-885417641319892027, currentState=NEW}
2023-03-31T01:58:39.602Z [INFO] (Serialized listener processor) com.aws.greengrass.lambdamanager.UserLambdaService: service-config-change. Requesting restart for component. {configNode=services.idt-ggv2-lambda-function-idt-885417641319892027.lifecycle.setenv.AWS_GREENGRASS_LAMBDA_ENCODING_TYPE, serviceInstance=0, serviceName=idt-ggv2-lambda-function-idt-885417641319892027, currentState=NEW}
2023-03-31T01:58:39.606Z [INFO] (Serialized listener processor) com.aws.greengrass.lambdamanager.UserLambdaService: service-config-change. Requesting restart for component. {configNode=services.idt-ggv2-lambda-function-idt-885417641319892027.lifecycle.setenv.AWS_GREENGRASS_LAMBDA_ENCODING_TYPE, serviceInstance=0, serviceName=idt-ggv2-lambda-function-idt-885417641319892027, currentState=NEW}
2023-03-31T01:58:39.611Z [INFO] (Serialized listener processor) com.aws.greengrass.lambdamanager.UserLambdaService: service-config-change. Requesting restart for component. {configNode=services.idt-ggv2-lambda-function-idt-885417641319892027.lifecycle.setenv.AWS_GREENGRASS_LAMBDA_PARAMS, serviceInstance=0, serviceName=idt-ggv2-lambda-function-idt-885417641319892027, currentState=NEW}
2023-03-31T01:58:39.617Z [INFO] (Serialized listener processor) com.aws.greengrass.lambdamanager.UserLambdaService: service-config-change. Requesting restart for component. {configNode=services.idt-ggv2-lambda-function-idt-885417641319892027.lifecycle.setenv.AWS_GREENGRASS_LAMBDA_PARAMS, serviceInstance=0, serviceName=idt-ggv2-lambda-function-idt-885417641319892027, currentState=NEW}
2023-03-31T01:58:39.620Z [INFO] (Serialized listener processor) com.aws.greengrass.lambdamanager.UserLambdaService: service-config-change. Requesting restart for component. {configNode=services.idt-ggv2-lambda-function-idt-885417641319892027.lifecycle.setenv.AWS_GREENGRASS_LAMBDA_RUNTIME_PATH, serviceInstance=0, serviceName=idt-ggv2-lambda-function-idt-885417641319892027, currentState=NEW}
2023-03-31T01:58:39.626Z [INFO] (Serialized listener processor) com.aws.greengrass.lambdamanager.UserLambdaService: service-config-change. Requesting restart for component. {configNode=services.idt-ggv2-lambda-function-idt-885417641319892027.lifecycle.setenv.AWS_GREENGRASS_LAMBDA_RUNTIME_PATH, serviceInstance=0, serviceName=idt-ggv2-lambda-function-idt-885417641319892027, currentState=NEW}
2023-03-31T01:58:39.630Z [INFO] (Serialized listener processor) com.aws.greengrass.lambdamanager.UserLambdaService: service-config-change. Requesting restart for component. {configNode=services.idt-ggv2-lambda-function-idt-885417641319892027.lifecycle.setenv.AWS_GREENGRASS_LAMBDA_EXEC_ARGS, serviceInstance=0, serviceName=idt-ggv2-lambda-function-idt-885417641319892027, currentState=NEW}
2023-03-31T01:58:39.633Z [INFO] (Serialized listener processor) com.aws.greengrass.lambdamanager.UserLambdaService: service-config-change. Requesting restart for component. {configNode=services.idt-ggv2-lambda-function-idt-885417641319892027.lifecycle.setenv.AWS_GREENGRASS_LAMBDA_EXEC_ARGS, serviceInstance=0, serviceName=idt-ggv2-lambda-function-idt-885417641319892027, currentState=NEW}
2023-03-31T01:58:39.642Z [INFO] (Serialized listener processor) com.aws.greengrass.lambdamanager.UserLambdaService: service-config-change. Requesting restart for component. {configNode=services.idt-ggv2-lambda-function-idt-885417641319892027.lifecycle.setenv.AWS_GREENGRASS_LAMBDA_RUNTIME, serviceInstance=0, serviceName=idt-ggv2-lambda-function-idt-885417641319892027, currentState=NEW}
2023-03-31T01:58:39.646Z [INFO] (Serialized listener processor) com.aws.greengrass.lambdamanager.UserLambdaService: service-config-change. Requesting restart for component. {configNode=services.idt-ggv2-lambda-function-idt-885417641319892027.lifecycle.setenv.AWS_GREENGRASS_LAMBDA_RUNTIME, serviceInstance=0, serviceName=idt-ggv2-lambda-function-idt-885417641319892027, currentState=NEW}
2023-03-31T01:58:39.741Z [INFO] (Serialized listener processor) com.aws.greengrass.lambdamanager.UserLambdaService: service-config-change. Requesting reinstallation for component. {configNode=services.idt-ggv2-lambda-function-idt-885417641319892027.version, serviceInstance=0, serviceName=idt-ggv2-lambda-function-idt-885417641319892027, currentState=NEW}
2023-03-31T01:58:39.744Z [INFO] (Serialized listener processor) com.aws.greengrass.lambdamanager.UserLambdaService: service-config-change. Requesting reinstallation for component. {configNode=services.idt-ggv2-lambda-function-idt-885417641319892027.version, serviceInstance=0, serviceName=idt-ggv2-lambda-function-idt-885417641319892027, currentState=NEW}
2023-03-31T01:58:39.760Z [INFO] (aws.greengrass.Nucleus-lifecycle) com.aws.greengrass.lifecyclemanager.GenericExternalService: service-set-state. {serviceName=aws.greengrass.Nucleus, currentState=INSTALLED, newState=STARTING}
2023-03-31T01:58:39.763Z [INFO] (aws.greengrass.Nucleus-lifecycle) com.aws.greengrass.lifecyclemanager.GenericExternalService: Stopping backingTask waiting for dependency ready. {serviceName=aws.greengrass.Nucleus, currentState=STARTING}
2023-03-31T01:58:39.770Z [INFO] (aws.greengrass.TokenExchangeService-lifecycle) com.aws.greengrass.tes.TokenExchangeService: service-set-state. {serviceName=aws.greengrass.TokenExchangeService, currentState=NEW, newState=INSTALLED}
2023-03-31T01:58:39.776Z [INFO] (aws.greengrass.TokenExchangeService-lifecycle) com.aws.greengrass.tes.TokenExchangeService: service-set-state. {serviceName=aws.greengrass.TokenExchangeService, currentState=INSTALLED, newState=STARTING}
2023-03-31T01:58:39.784Z [INFO] (idt-ggv2-lambda-function-idt-885417641319892027-lifecycle) com.aws.greengrass.lambdamanager.UserLambdaService: service-set-state. {serviceInstance=0, serviceName=idt-ggv2-lambda-function-idt-885417641319892027, currentState=NEW, newState=INSTALLED}
2023-03-31T01:58:39.786Z [INFO] (pool-2-thread-23) com.aws.greengrass.tes.TokenExchangeService: Attempting to start server at configured port 0. {iotRoleAlias=GreengrassV2TokenExchangeRoleAlias, port=0, serviceName=aws.greengrass.TokenExchangeService, currentState=STARTING}
2023-03-31T01:58:39.786Z [INFO] (aws.greengrass.LambdaRuntimes-lifecycle) com.aws.greengrass.lifecyclemanager.GenericExternalService: service-set-state. {serviceName=aws.greengrass.LambdaRuntimes, currentState=NEW, newState=INSTALLED}
2023-03-31T01:58:39.794Z [INFO] (aws.greengrass.LambdaRuntimes-lifecycle) com.aws.greengrass.lifecyclemanager.GenericExternalService: service-set-state. {serviceName=aws.greengrass.LambdaRuntimes, currentState=INSTALLED, newState=STARTING}
2023-03-31T01:58:39.794Z [INFO] (aws.greengrass.LambdaLauncher-lifecycle) com.aws.greengrass.lifecyclemanager.GenericExternalService: service-set-state. {serviceName=aws.greengrass.LambdaLauncher, currentState=NEW, newState=INSTALLED}
2023-03-31T01:58:39.799Z [INFO] (pool-2-thread-24) com.aws.greengrass.lifecyclemanager.GenericExternalService: generic-service-finished. Nothing done. {serviceName=aws.greengrass.LambdaRuntimes, currentState=STARTING}
2023-03-31T01:58:39.800Z [INFO] (aws.greengrass.LambdaRuntimes-lifecycle) com.aws.greengrass.lifecyclemanager.GenericExternalService: service-set-state. {serviceName=aws.greengrass.LambdaRuntimes, currentState=STARTING, newState=FINISHED}
2023-03-31T01:58:39.803Z [INFO] (aws.greengrass.LambdaRuntimes-lifecycle) com.aws.greengrass.lifecyclemanager.GenericExternalService: service-set-state. {serviceName=aws.greengrass.LambdaRuntimes, currentState=FINISHED, newState=STOPPING}
2023-03-31T01:58:39.803Z [INFO] (aws.greengrass.Nucleus-lifecycle) com.aws.greengrass.lifecyclemanager.GenericExternalService: service-set-state. {serviceName=aws.greengrass.Nucleus, currentState=STARTING, newState=FINISHED}
2023-03-31T01:58:39.804Z [INFO] (pool-2-thread-27) com.aws.greengrass.lifecyclemanager.GenericExternalService: generic-service-finished. Nothing done. {serviceName=aws.greengrass.Nucleus, currentState=STARTING}
2023-03-31T01:58:39.815Z [INFO] (aws.greengrass.Nucleus-lifecycle) com.aws.greengrass.lifecyclemanager.GenericExternalService: service-set-state. {serviceName=aws.greengrass.Nucleus, currentState=FINISHED, newState=STOPPING}
2023-03-31T01:58:39.818Z [INFO] (pool-2-thread-24) com.aws.greengrass.lifecyclemanager.GenericExternalService: Shutdown initiated. {serviceName=aws.greengrass.Nucleus, currentState=STOPPING}
2023-03-31T01:58:39.818Z [INFO] (pool-2-thread-24) com.aws.greengrass.lifecyclemanager.GenericExternalService: generic-service-shutdown. {serviceName=aws.greengrass.Nucleus, currentState=STOPPING}
2023-03-31T01:58:39.820Z [INFO] (pool-2-thread-27) com.aws.greengrass.lifecyclemanager.GenericExternalService: Shutdown initiated. {serviceName=aws.greengrass.LambdaRuntimes, currentState=STOPPING}
2023-03-31T01:58:39.821Z [INFO] (pool-2-thread-27) com.aws.greengrass.lifecyclemanager.GenericExternalService: generic-service-shutdown. {serviceName=aws.greengrass.LambdaRuntimes, currentState=STOPPING}
2023-03-31T01:58:39.822Z [INFO] (aws.greengrass.Nucleus-lifecycle) com.aws.greengrass.lifecyclemanager.GenericExternalService: service-set-state. {serviceName=aws.greengrass.Nucleus, currentState=STOPPING, newState=FINISHED}
2023-03-31T01:58:39.823Z [INFO] (aws.greengrass.LambdaRuntimes-lifecycle) com.aws.greengrass.lifecyclemanager.GenericExternalService: service-set-state. {serviceName=aws.greengrass.LambdaRuntimes, currentState=STOPPING, newState=FINISHED}
2023-03-31T01:58:39.906Z [INFO] (pool-2-thread-23) com.aws.greengrass.tes.TokenExchangeService: Started server at port 46485. {serviceName=aws.greengrass.TokenExchangeService, currentState=STARTING}
2023-03-31T01:58:39.908Z [INFO] (aws.greengrass.TokenExchangeService-lifecycle) com.aws.greengrass.tes.TokenExchangeService: service-set-state. {serviceName=aws.greengrass.TokenExchangeService, currentState=STARTING, newState=RUNNING}
2023-03-31T01:58:40.027Z [INFO] (aws.greengrass.LambdaManager-lifecycle) com.aws.greengrass.lambdamanager.LambdaManager: service-set-state. {serviceName=aws.greengrass.LambdaManager, currentState=NEW, newState=INSTALLED}
2023-03-31T01:58:40.030Z [INFO] (aws.greengrass.LambdaManager-lifecycle) com.aws.greengrass.lambdamanager.LambdaManager: service-set-state. {serviceName=aws.greengrass.LambdaManager, currentState=INSTALLED, newState=STARTING}
2023-03-31T01:58:40.033Z [INFO] (pool-2-thread-22) com.aws.greengrass.lambdamanager.LambdaManager: sync-dns-config. {source=/etc/resolv.conf, serviceName=aws.greengrass.LambdaManager, currentState=STARTING}
2023-03-31T01:58:40.038Z [INFO] (pool-2-thread-23) com.aws.greengrass.lambdamanager.FileSync: file-sync. start sync. {file=resolv.conf, source=/etc}
2023-03-31T01:58:40.832Z [INFO] (pool-2-thread-22) com.aws.greengrass.lambdamanager.LambdaServer: Lambda server ready to accept connections on port 43855. {}
2023-03-31T01:58:40.833Z [INFO] (aws.greengrass.LambdaManager-lifecycle) com.aws.greengrass.lambdamanager.LambdaManager: service-set-state. {serviceName=aws.greengrass.LambdaManager, currentState=STARTING, newState=RUNNING}
2023-03-31T01:58:40.835Z [INFO] (aws.greengrass.LambdaLauncher-lifecycle) com.aws.greengrass.lifecyclemanager.GenericExternalService: service-set-state. {serviceName=aws.greengrass.LambdaLauncher, currentState=INSTALLED, newState=STARTING}
2023-03-31T01:58:40.839Z [INFO] (pool-2-thread-22) com.aws.greengrass.lifecyclemanager.GenericExternalService: generic-service-finished. Nothing done. {serviceName=aws.greengrass.LambdaLauncher, currentState=STARTING}
2023-03-31T01:58:40.840Z [INFO] (aws.greengrass.LambdaLauncher-lifecycle) com.aws.greengrass.lifecyclemanager.GenericExternalService: service-set-state. {serviceName=aws.greengrass.LambdaLauncher, currentState=STARTING, newState=FINISHED}
2023-03-31T01:58:40.841Z [INFO] (aws.greengrass.LambdaLauncher-lifecycle) com.aws.greengrass.lifecyclemanager.GenericExternalService: service-set-state. {serviceName=aws.greengrass.LambdaLauncher, currentState=FINISHED, newState=STOPPING}
2023-03-31T01:58:40.841Z [INFO] (idt-ggv2-lambda-function-idt-885417641319892027-lifecycle) com.aws.greengrass.lambdamanager.UserLambdaService: service-set-state. {serviceInstance=0, serviceName=idt-ggv2-lambda-function-idt-885417641319892027, currentState=INSTALLED, newState=STARTING}
2023-03-31T01:58:40.843Z [INFO] (pool-2-thread-20) com.aws.greengrass.lifecyclemanager.GenericExternalService: Shutdown initiated. {serviceName=aws.greengrass.LambdaLauncher, currentState=STOPPING}
2023-03-31T01:58:40.845Z [INFO] (pool-2-thread-20) com.aws.greengrass.lifecyclemanager.GenericExternalService: generic-service-shutdown. {serviceName=aws.greengrass.LambdaLauncher, currentState=STOPPING}
2023-03-31T01:58:40.846Z [INFO] (idt-ggv2-lambda-function-idt-885417641319892027-lifecycle) com.aws.greengrass.lambdamanager.UserLambdaService: service-set-state. {serviceInstance=0, serviceName=idt-ggv2-lambda-function-idt-885417641319892027, currentState=STARTING, newState=FINISHED}
2023-03-31T01:58:40.847Z [INFO] (aws.greengrass.LambdaLauncher-lifecycle) com.aws.greengrass.lifecyclemanager.GenericExternalService: service-set-state. {serviceName=aws.greengrass.LambdaLauncher, currentState=STOPPING, newState=FINISHED}
2023-03-31T01:58:40.848Z [INFO] (idt-ggv2-lambda-function-idt-885417641319892027-lifecycle) com.aws.greengrass.lambdamanager.UserLambdaService: service-set-state. {serviceInstance=0, serviceName=idt-ggv2-lambda-function-idt-885417641319892027, currentState=FINISHED, newState=STOPPING}
2023-03-31T01:58:40.848Z [INFO] (main-lifecycle) com.aws.greengrass.lifecyclemanager.GenericExternalService: service-set-state. {serviceName=main, currentState=INSTALLED, newState=STARTING}
2023-03-31T01:58:40.851Z [INFO] (idt-ggv2-lambda-function-idt-885417641319892027-lifecycle) com.aws.greengrass.lambdamanager.UserLambdaService: service-set-state. {serviceInstance=0, serviceName=idt-ggv2-lambda-function-idt-885417641319892027, currentState=STOPPING, newState=FINISHED}
2023-03-31T01:58:40.852Z [INFO] (pool-2-thread-21) com.aws.greengrass.lifecyclemanager.GenericExternalService: generic-service-finished. Nothing done. {serviceName=main, currentState=STARTING}
2023-03-31T01:58:40.853Z [INFO] (main-lifecycle) com.aws.greengrass.lifecyclemanager.GenericExternalService: service-set-state. {serviceName=main, currentState=STARTING, newState=FINISHED}
2023-03-31T01:58:40.856Z [INFO] (main-lifecycle) com.aws.greengrass.lifecyclemanager.GenericExternalService: service-set-state. {serviceName=main, currentState=FINISHED, newState=STOPPING}
2023-03-31T01:58:40.858Z [INFO] (pool-2-thread-21) com.aws.greengrass.lifecyclemanager.GenericExternalService: Shutdown initiated. {serviceName=main, currentState=STOPPING}
2023-03-31T01:58:40.859Z [INFO] (pool-2-thread-21) com.aws.greengrass.lifecyclemanager.GenericExternalService: generic-service-shutdown. {serviceName=main, currentState=STOPPING}
2023-03-31T01:58:40.860Z [INFO] (main-lifecycle) com.aws.greengrass.lifecyclemanager.GenericExternalService: service-set-state. {serviceName=main, currentState=STOPPING, newState=FINISHED}
2023-03-31T01:58:41.763Z [INFO] (pool-2-thread-15) com.aws.greengrass.deployment.DeploymentConfigMerger: merge-config. Removing services. {service-to-remove=[]}
2023-03-31T01:58:41.766Z [INFO] (pool-2-thread-15) com.aws.greengrass.deployment.activator.DeploymentActivator: merge-config. All services updated. {deploymentId=18729fee-6e6d-4615-8244-6f5b9ac53b46}
2023-03-31T01:58:41.770Z [INFO] (pool-2-thread-13) com.aws.greengrass.deployment.DeploymentService: deployment-task-execution. Finished deployment task. {deploymentId=18729fee-6e6d-4615-8244-6f5b9ac53b46, serviceName=DeploymentService, currentState=RUNNING}
2023-03-31T01:58:41.771Z [INFO] (pool-2-thread-15) com.aws.greengrass.lifecyclemanager.UpdateSystemPolicyService: service-update-finish. {serviceName=UpdateSystemPolicyService, currentState=RUNNING}
2023-03-31T01:58:55.238Z [INFO] (pool-2-thread-8) com.aws.greengrass.deployment.DeploymentService: Current deployment finished. {DeploymentId=arn:aws:greengrass:us-west-2:116407744508:configuration:thing/IM30:139, GreengrassDeploymentId=18729fee-6e6d-4615-8244-6f5b9ac53b46, serviceName=DeploymentService, currentState=RUNNING}
2023-03-31T01:58:55.415Z [INFO] (pool-2-thread-8) com.aws.greengrass.deployment.DeploymentStatusKeeper: Stored deployment status. {DeploymentId=arn:aws:greengrass:us-west-2:116407744508:configuration:thing/IM30:139, GreengrassDeploymentId=18729fee-6e6d-4615-8244-6f5b9ac53b46, DeploymentStatus=SUCCEEDED}
2023-03-31T01:58:55.420Z [INFO] (pool-2-thread-8) com.aws.greengrass.deployment.ShadowDeploymentListener: Updated reported state for deployment. {CONFIGURATION_ARN=arn:aws:greengrass:us-west-2:116407744508:configuration:thing/IM30:139, status=SUCCEEDED}
2023-03-31T01:58:55.483Z [INFO] (pool-2-thread-8) com.aws.greengrass.status.FleetStatusService: fss-status-update-published. Status update published to FSS. {trigger=THING_DEPLOYMENT, serviceName=FleetStatusService, currentState=RUNNING}
2023-03-31T01:58:55.488Z [INFO] (pool-2-thread-8) com.aws.greengrass.deployment.DeploymentDirectoryManager: Persist link to last deployment. {link=/test/greengrass/v2/deployments/previous-success}
2023-03-31T01:59:01.544Z [INFO] (idt-ggv2-lambda-function-idt-885417641319892027#1-lifecycle) com.aws.greengrass.lambdamanager.UserLambdaService: service-set-state. {serviceInstance=1, serviceName=idt-ggv2-lambda-function-idt-885417641319892027, currentState=NEW, newState=INSTALLED}
2023-03-31T01:59:01.547Z [INFO] (idt-ggv2-lambda-function-idt-885417641319892027#1-lifecycle) com.aws.greengrass.lambdamanager.UserLambdaService: service-set-state. {serviceInstance=1, serviceName=idt-ggv2-lambda-function-idt-885417641319892027, currentState=INSTALLED, newState=STARTING}
2023-03-31T01:59:03.225Z [INFO] (Copier) com.aws.greengrass.lambdamanager.UserLambdaService: Startup script exited. {exitCode=0, serviceInstance=1, serviceName=idt-ggv2-lambda-function-idt-885417641319892027, currentState=STARTING}
2023-03-31T01:59:03.228Z [INFO] (idt-ggv2-lambda-function-idt-885417641319892027#1-lifecycle) com.aws.greengrass.lambdamanager.UserLambdaService: service-set-state. {serviceInstance=1, serviceName=idt-ggv2-lambda-function-idt-885417641319892027, currentState=STARTING, newState=RUNNING}
2023-03-31T01:59:17.163Z [INFO] (Thread-4) com.aws.greengrass.deployment.ShadowDeploymentListener: Added shadow deployment job. {ID=6d108eb1-bebc-40f9-9c45-cb40ac737958}
2023-03-31T01:59:47.135Z [INFO] (Thread-4) com.aws.greengrass.deployment.ShadowDeploymentListener: Added shadow deployment job. {ID=arn:aws:greengrass:us-west-2:116407744508:configuration:thing/IM30:140}
2023-03-31T01:59:55.493Z [INFO] (pool-2-thread-8) com.aws.greengrass.deployment.DeploymentService: Received deployment in the queue. {DeploymentId=arn:aws:greengrass:us-west-2:116407744508:configuration:thing/IM30:140, GreengrassDeploymentId=null, DeploymentType=SHADOW, serviceName=DeploymentService, currentState=RUNNING}
2023-03-31T01:59:55.494Z [INFO] (pool-2-thread-8) com.aws.greengrass.deployment.DeploymentService: Received deployment document in queue. {document={"deploymentId":"0b41d8f9-c53f-4ef2-b25d-7f353a649c8c","schemaDate":"2021-05-17","deploymentName":"idt-95a2b183b11be3081194-gg-deployment","configurationArn":"arn:aws:greengrass:us-west-2:116407744508:configuration:thing/IM30:140","creationTimestamp":1680227986959,"components":{"aws.greengrass.Cli":{"version":"2.9.4"},"aws.greengrass.Nucleus":{"version":"2.9.4"}},"failureHandlingPolicy":"ROLLBACK","requiredCapabilities":[],"componentUpdatePolicy":{"timeout":60,"action":"NOTIFY_COMPONENTS"},"configurationValidationPolicy":{"timeout":60}}, serviceName=DeploymentService, currentState=RUNNING}
2023-03-31T01:59:55.542Z [INFO] (pool-2-thread-8) com.aws.greengrass.deployment.DeploymentStatusKeeper: Stored deployment status. {DeploymentId=arn:aws:greengrass:us-west-2:116407744508:configuration:thing/IM30:140, GreengrassDeploymentId=0b41d8f9-c53f-4ef2-b25d-7f353a649c8c, DeploymentStatus=IN_PROGRESS}
2023-03-31T01:59:55.546Z [INFO] (pool-2-thread-8) com.aws.greengrass.deployment.ShadowDeploymentListener: Updated reported state for deployment. {CONFIGURATION_ARN=arn:aws:greengrass:us-west-2:116407744508:configuration:thing/IM30:140, status=IN_PROGRESS}
2023-03-31T01:59:55.549Z [INFO] (pool-2-thread-8) com.aws.greengrass.deployment.DeploymentDirectoryManager: Create work directory for new deployment. {deploymentId=0b41d8f9-c53f-4ef2-b25d-7f353a649c8c, link=/test/greengrass/v2/deployments/ongoing, directory=/test/greengrass/v2/deployments/0b41d8f9-c53f-4ef2-b25d-7f353a649c8c}
2023-03-31T01:59:55.551Z [INFO] (pool-2-thread-8) com.aws.greengrass.deployment.DeploymentDirectoryManager: Persist deployment metadata. {file=/test/greengrass/v2/deployments/0b41d8f9-c53f-4ef2-b25d-7f353a649c8c/deployment_metadata.json, deploymentId=0b41d8f9-c53f-4ef2-b25d-7f353a649c8c}
2023-03-31T01:59:55.561Z [INFO] (pool-2-thread-8) com.aws.greengrass.deployment.DeploymentService: Started deployment execution. {serviceName=DeploymentService, currentState=RUNNING, deployment=arn:aws:greengrass:us-west-2:116407744508:configuration:thing/IM30:140}
2023-03-31T01:59:55.561Z [INFO] (pool-2-thread-28) com.aws.greengrass.deployment.DeploymentService: deployment-task-execution. Starting deployment task. {Deployment service config={ComponentToGroups={aws.greengrass.LambdaLauncher={arn:aws:greengrass:us-west-2:116407744508:configuration:thing/IM30:139=thing/IM30}, aws.greengrass.LambdaManager={arn:aws:greengrass:us-west-2:116407744508:configuration:thing/IM30:139=thing/IM30}, aws.greengrass.LambdaRuntimes={arn:aws:greengrass:us-west-2:116407744508:configuration:thing/IM30:139=thing/IM30}, aws.greengrass.Nucleus={arn:aws:greengrass:us-west-2:116407744508:configuration:thing/IM30:139=thing/IM30}, aws.greengrass.TokenExchangeService={arn:aws:greengrass:us-west-2:116407744508:configuration:thing/IM30:139=thing/IM30}, idt-ggv2-lambda-function-idt-885417641319892027={arn:aws:greengrass:us-west-2:116407744508:configuration:thing/IM30:139=thing/IM30}}, dependencies=[], GroupToLastDeployment={thing/IM30={configArn=arn:aws:greengrass:us-west-2:116407744508:configuration:thing/IM30:139, timestamp=1680227789685}}, GroupToRootComponents={thing/IM30={aws.greengrass.Nucleus={groupConfigArn=arn:aws:greengrass:us-west-2:116407744508:configuration:thing/IM30:139, groupConfigName=thing/IM30, version=2.9.4}, idt-ggv2-lambda-function-idt-885417641319892027={groupConfigArn=arn:aws:greengrass:us-west-2:116407744508:configuration:thing/IM30:139, groupConfigName=thing/IM30, version=1.0.0}}}, runtime={ProcessedDeployments={}}, version=0.0.0}, deploymentId=0b41d8f9-c53f-4ef2-b25d-7f353a649c8c, serviceName=DeploymentService, currentState=RUNNING}
2023-03-31T01:59:56.370Z [INFO] (pool-2-thread-29) com.aws.greengrass.componentmanager.DependencyResolver: resolve-group-dependencies-start. Start to resolve group dependencies. {targetComponents=[aws.greengrass.Cli, aws.greengrass.Nucleus], componentToVersionRequirements={aws.greengrass.Cli={thing/IM30==2.9.4}, aws.greengrass.Nucleus={thing/IM30==2.9.4}}}
2023-03-31T01:59:56.372Z [INFO] (pool-2-thread-29) com.aws.greengrass.componentmanager.ComponentManager: No running component satisfies the requirement. Searching in the local component store.. {}
2023-03-31T01:59:56.374Z [INFO] (pool-2-thread-29) com.aws.greengrass.componentmanager.ComponentManager: Can't find a local candidate that satisfies the requirement.. {}
2023-03-31T01:59:57.156Z [INFO] (pool-2-thread-29) com.aws.greengrass.componentmanager.ComponentManager: resolve-component-version-end. Resolved component version.. {ResolvedComponent=aws.greengrass.Cli-v2.9.4}
2023-03-31T01:59:57.178Z [INFO] (pool-2-thread-29) com.aws.greengrass.componentmanager.ComponentManager: Found running component which meets the requirement and use it.. {ComponentIdentifier=aws.greengrass.Nucleus-v2.9.4}
2023-03-31T01:59:57.179Z [INFO] (pool-2-thread-29) com.aws.greengrass.componentmanager.ComponentManager: Found the best local candidate that satisfies the requirement.. {LocalCandidateId=aws.greengrass.Nucleus-v2.9.4}
2023-03-31T01:59:57.979Z [INFO] (pool-2-thread-29) com.aws.greengrass.componentmanager.ComponentManager: resolve-component-version-end. Resolved component version.. {ResolvedComponent=aws.greengrass.Nucleus-v2.9.4}
2023-03-31T01:59:57.995Z [INFO] (pool-2-thread-29) com.aws.greengrass.componentmanager.ComponentManager: Found running component which meets the requirement and use it.. {ComponentIdentifier=aws.greengrass.Nucleus-v2.9.4}
2023-03-31T01:59:57.996Z [INFO] (pool-2-thread-29) com.aws.greengrass.componentmanager.ComponentManager: Found the best local candidate that satisfies the requirement.. {LocalCandidateId=aws.greengrass.Nucleus-v2.9.4}
2023-03-31T01:59:58.824Z [INFO] (pool-2-thread-29) com.aws.greengrass.componentmanager.ComponentManager: resolve-component-version-end. Resolved component version.. {ResolvedComponent=aws.greengrass.Nucleus-v2.9.4}
2023-03-31T01:59:58.869Z [INFO] (pool-2-thread-29) com.aws.greengrass.componentmanager.DependencyResolver: resolve-group-dependencies-finish. Finish resolving group dependencies. {resolvedComponents={aws.greengrass.Cli=ComponentMetadata(componentIdentifier=aws.greengrass.Cli-v2.9.4, dependencies={aws.greengrass.Nucleus=>=2.5.0 <2.10.0}), aws.greengrass.Nucleus=ComponentMetadata(componentIdentifier=aws.greengrass.Nucleus-v2.9.4, dependencies={})}, componentToVersionRequirements={aws.greengrass.Cli={thing/IM30==2.9.4}, aws.greengrass.Nucleus={aws.greengrass.Cli=>=2.5.0 <2.10.0, thing/IM30==2.9.4}}}
2023-03-31T01:59:58.897Z [INFO] (pool-2-thread-29) com.aws.greengrass.componentmanager.ComponentManager: prepare-package-start. {packageIdentifier=aws.greengrass.Cli-v2.9.4}
