2023-03-31T06:12:59.343Z [INFO] (Thread-4) com.aws.greengrass.deployment.ShadowDeploymentListener: Added shadow deployment job. {ID=arn:aws:greengrass:us-west-2:116407744508:configuration:thing/IM30:157}
2023-03-31T06:13:12.024Z [INFO] (pool-2-thread-15) com.aws.greengrass.deployment.DeploymentService: Received deployment in the queue. {DeploymentId=arn:aws:greengrass:us-west-2:116407744508:configuration:thing/IM30:157, GreengrassDeploymentId=null, DeploymentType=SHADOW, serviceName=DeploymentService, currentState=RUNNING}
2023-03-31T06:13:12.026Z [INFO] (pool-2-thread-15) com.aws.greengrass.deployment.DeploymentService: Received deployment document in queue. {document={"deploymentId":"8b4523e2-8b97-4f32-8619-6d088f03d9b6","schemaDate":"2021-05-17","deploymentName":"idt-accc1f327d2a58985099-gg-deployment","configurationArn":"arn:aws:greengrass:us-west-2:116407744508:configuration:thing/IM30:157","creationTimestamp":1680243179120,"components":{"aws.greengrass.IotMqttSubscriber":{"version":"1.0.0-accc1f327d2a58985099"},"aws.greengrass.IotMqttPublisher":{"version":"1.0.0-accc1f327d2a58985099"},"aws.greengrass.Nucleus":{"version":"2.9.4"}},"failureHandlingPolicy":"ROLLBACK","requiredCapabilities":[],"componentUpdatePolicy":{"timeout":60,"action":"NOTIFY_COMPONENTS"},"configurationValidationPolicy":{"timeout":60}}, serviceName=DeploymentService, currentState=RUNNING}
2023-03-31T06:13:12.180Z [INFO] (pool-2-thread-15) com.aws.greengrass.deployment.DeploymentStatusKeeper: Stored deployment status. {DeploymentId=arn:aws:greengrass:us-west-2:116407744508:configuration:thing/IM30:157, GreengrassDeploymentId=8b4523e2-8b97-4f32-8619-6d088f03d9b6, DeploymentStatus=IN_PROGRESS}
2023-03-31T06:13:12.198Z [INFO] (pool-2-thread-15) com.aws.greengrass.deployment.ShadowDeploymentListener: Updated reported state for deployment. {CONFIGURATION_ARN=arn:aws:greengrass:us-west-2:116407744508:configuration:thing/IM30:157, status=IN_PROGRESS}
2023-03-31T06:13:12.201Z [INFO] (pool-2-thread-15) com.aws.greengrass.deployment.DeploymentDirectoryManager: Create work directory for new deployment. {deploymentId=8b4523e2-8b97-4f32-8619-6d088f03d9b6, link=/test/greengrass/v2/deployments/ongoing, directory=/test/greengrass/v2/deployments/8b4523e2-8b97-4f32-8619-6d088f03d9b6}
2023-03-31T06:13:12.205Z [INFO] (pool-2-thread-15) com.aws.greengrass.deployment.DeploymentDirectoryManager: Persist deployment metadata. {file=/test/greengrass/v2/deployments/8b4523e2-8b97-4f32-8619-6d088f03d9b6/deployment_metadata.json, deploymentId=8b4523e2-8b97-4f32-8619-6d088f03d9b6}
2023-03-31T06:13:12.320Z [INFO] (pool-2-thread-15) com.aws.greengrass.deployment.DeploymentService: Started deployment execution. {serviceName=DeploymentService, currentState=RUNNING, deployment=arn:aws:greengrass:us-west-2:116407744508:configuration:thing/IM30:157}
2023-03-31T06:13:12.321Z [INFO] (pool-2-thread-17) com.aws.greengrass.deployment.DeploymentService: deployment-task-execution. Starting deployment task. {Deployment service config={ComponentToGroups={aws.greengrass.LocalHelloWorld={2f9a86d3-c4c2-4da6-8d22-fd08a2c71f56=LOCAL_DEPLOYMENT}}, dependencies=[], GroupToLastDeployment={LOCAL_DEPLOYMENT={configArn=null, timestamp=1680232100090}, thing/IM30={configArn=arn:aws:greengrass:us-west-2:116407744508:configuration:thing/IM30:156, timestamp=1680236070399}, thinggroup/GreengrassQuickStartGroup_test={configArn=arn:aws:greengrass:us-west-2:116407744508:configuration:thinggroup/GreengrassQuickStartGroup_test:76, timestamp=1680236097879}}, GroupToRootComponents={LOCAL_DEPLOYMENT={aws.greengrass.LocalHelloWorld={groupConfigArn=2f9a86d3-c4c2-4da6-8d22-fd08a2c71f56, groupConfigName=LOCAL_DEPLOYMENT, version=1.0.0}}, thing/IM30={}, thinggroup/GreengrassQuickStartGroup_test={}}, runtime={ProcessedDeployments={}}, version=0.0.0}, deploymentId=8b4523e2-8b97-4f32-8619-6d088f03d9b6, serviceName=DeploymentService, currentState=RUNNING}
2023-03-31T06:13:18.074Z [INFO] (pool-2-thread-18) com.aws.greengrass.componentmanager.DependencyResolver: resolve-group-dependencies-start. Start to resolve group dependencies. {targetComponents=[aws.greengrass.IotMqttSubscriber, aws.greengrass.IotMqttPublisher, aws.greengrass.Nucleus], componentToVersionRequirements={aws.greengrass.IotMqttSubscriber={thing/IM30==1.0.0-accc1f327d2a58985099}, aws.greengrass.LocalHelloWorld={LOCAL_DEPLOYMENT==1.0.0}, aws.greengrass.IotMqttPublisher={thing/IM30==1.0.0-accc1f327d2a58985099}, aws.greengrass.Nucleus={thing/IM30==2.9.4}}}
2023-03-31T06:13:18.083Z [INFO] (pool-2-thread-18) com.aws.greengrass.componentmanager.ComponentManager: No running component satisfies the requirement. Searching in the local component store.. {}
2023-03-31T06:13:18.086Z [INFO] (pool-2-thread-18) com.aws.greengrass.componentmanager.ComponentManager: Can't find a local candidate that satisfies the requirement.. {}
2023-03-31T06:13:19.295Z [INFO] (pool-2-thread-18) com.aws.greengrass.componentmanager.ComponentManager: resolve-component-version-end. Resolved component version.. {ResolvedComponent=aws.greengrass.IotMqttSubscriber-v1.0.0-accc1f327d2a58985099}
2023-03-31T06:13:19.325Z [INFO] (pool-2-thread-18) com.aws.greengrass.componentmanager.ComponentManager: No running component satisfies the requirement. Searching in the local component store.. {}
2023-03-31T06:13:19.326Z [INFO] (pool-2-thread-18) com.aws.greengrass.componentmanager.ComponentManager: Can't find a local candidate that satisfies the requirement.. {}
2023-03-31T06:13:20.148Z [INFO] (pool-2-thread-18) com.aws.greengrass.componentmanager.ComponentManager: resolve-component-version-end. Resolved component version.. {ResolvedComponent=aws.greengrass.IotMqttPublisher-v1.0.0-accc1f327d2a58985099}
2023-03-31T06:13:20.173Z [INFO] (pool-2-thread-18) com.aws.greengrass.componentmanager.ComponentManager: No running component satisfies the requirement. Searching in the local component store.. {}
2023-03-31T06:13:20.177Z [INFO] (pool-2-thread-18) com.aws.greengrass.componentmanager.ComponentManager: Found the best local candidate that satisfies the requirement.. {LocalCandidateId=aws.greengrass.IotMqttSubscriber-v1.0.0-accc1f327d2a58985099}
2023-03-31T06:13:20.981Z [INFO] (pool-2-thread-18) com.aws.greengrass.componentmanager.ComponentManager: resolve-component-version-end. Resolved component version.. {ResolvedComponent=aws.greengrass.IotMqttSubscriber-v1.0.0-accc1f327d2a58985099}
2023-03-31T06:13:21.006Z [INFO] (pool-2-thread-18) com.aws.greengrass.componentmanager.ComponentManager: Found running component which meets the requirement and use it.. {ComponentIdentifier=aws.greengrass.Nucleus-v2.9.4}
2023-03-31T06:13:21.007Z [INFO] (pool-2-thread-18) com.aws.greengrass.componentmanager.ComponentManager: Found the best local candidate that satisfies the requirement.. {LocalCandidateId=aws.greengrass.Nucleus-v2.9.4}
2023-03-31T06:13:21.885Z [INFO] (pool-2-thread-18) com.aws.greengrass.componentmanager.ComponentManager: resolve-component-version-end. Resolved component version.. {ResolvedComponent=aws.greengrass.Nucleus-v2.9.4}
2023-03-31T06:13:22.046Z [INFO] (pool-2-thread-18) com.aws.greengrass.componentmanager.DependencyResolver: resolve-group-dependencies-finish. Finish resolving group dependencies. {resolvedComponents={aws.greengrass.IotMqttSubscriber=ComponentMetadata(componentIdentifier=aws.greengrass.IotMqttSubscriber-v1.0.0-accc1f327d2a58985099, dependencies={}), aws.greengrass.LocalHelloWorld=ComponentMetadata(componentIdentifier=aws.greengrass.LocalHelloWorld-v1.0.0, dependencies={}), aws.greengrass.IotMqttPublisher=ComponentMetadata(componentIdentifier=aws.greengrass.IotMqttPublisher-v1.0.0-accc1f327d2a58985099, dependencies={aws.greengrass.IotMqttSubscriber==1.0.0-accc1f327d2a58985099}), aws.greengrass.Nucleus=ComponentMetadata(componentIdentifier=aws.greengrass.Nucleus-v2.9.4, dependencies={})}, componentToVersionRequirements={aws.greengrass.IotMqttSubscriber={aws.greengrass.IotMqttPublisher==1.0.0-accc1f327d2a58985099, thing/IM30==1.0.0-accc1f327d2a58985099}, aws.greengrass.LocalHelloWorld={LOCAL_DEPLOYMENT==1.0.0}, aws.greengrass.IotMqttPublisher={thing/IM30==1.0.0-accc1f327d2a58985099}, aws.greengrass.Nucleus={thing/IM30==2.9.4}}}
2023-03-31T06:13:22.140Z [INFO] (pool-2-thread-18) com.aws.greengrass.componentmanager.ComponentManager: prepare-package-start. {packageIdentifier=aws.greengrass.IotMqttSubscriber-v1.0.0-accc1f327d2a58985099}
2023-03-31T06:13:24.003Z [INFO] (pool-2-thread-18) com.aws.greengrass.tes.CredentialRequestHandler: Received IAM credentials that will be cached until 2023-03-31T07:08:23Z. {iotCredentialsPath=/role-aliases/GreengrassV2TokenExchangeRoleAlias/credentials}
2023-03-31T06:13:47.974Z [INFO] (pool-2-thread-18) com.aws.greengrass.componentmanager.ComponentManager: prepare-package-start. {packageIdentifier=aws.greengrass.LocalHelloWorld-v1.0.0}
2023-03-31T06:13:47.989Z [INFO] (pool-2-thread-18) com.aws.greengrass.componentmanager.ComponentManager: prepare-package-start. {packageIdentifier=aws.greengrass.IotMqttPublisher-v1.0.0-accc1f327d2a58985099}
2023-03-31T06:14:13.020Z [INFO] (pool-2-thread-18) com.aws.greengrass.componentmanager.ComponentManager: prepare-package-start. {packageIdentifier=aws.greengrass.Nucleus-v2.9.4}
2023-03-31T06:14:13.382Z [INFO] (pool-2-thread-17) com.aws.greengrass.lifecyclemanager.Kernel: Attempt to load service from plugins. {serviceName=aws.greengrass.IotMqttSubscriber}
2023-03-31T06:14:13.384Z [INFO] (pool-2-thread-17) com.aws.greengrass.lifecyclemanager.Kernel: Attempt to load service from plugins. {serviceName=aws.greengrass.IotMqttPublisher}
2023-03-31T06:14:13.402Z [INFO] (pool-2-thread-17) com.aws.greengrass.lifecyclemanager.UpdateSystemPolicyService: register-service-update-action. {action=8b4523e2-8b97-4f32-8619-6d088f03d9b6, serviceName=UpdateSystemPolicyService, currentState=RUNNING}
2023-03-31T06:14:13.412Z [INFO] (pool-2-thread-18) com.aws.greengrass.lifecyclemanager.UpdateSystemPolicyService: service-update-start. {serviceName=UpdateSystemPolicyService, currentState=RUNNING}
2023-03-31T06:14:13.414Z [INFO] (pool-2-thread-18) com.aws.greengrass.lifecyclemanager.Kernel: Attempt to load service from plugins. {serviceName=aws.greengrass.IotMqttSubscriber}
2023-03-31T06:14:13.416Z [INFO] (pool-2-thread-18) com.aws.greengrass.lifecyclemanager.Kernel: Attempt to load service from plugins. {serviceName=aws.greengrass.IotMqttPublisher}
2023-03-31T06:14:13.423Z [INFO] (pool-2-thread-18) com.aws.greengrass.deployment.DeploymentConfigMerger: merge-config. Applying deployment changes, deployment cannot be cancelled now. {deployment=8b4523e2-8b97-4f32-8619-6d088f03d9b6}
2023-03-31T06:14:13.424Z [INFO] (pool-2-thread-18) com.aws.greengrass.deployment.DeploymentDirectoryManager: Persist configuration snapshot. {file=/test/greengrass/v2/deployments/8b4523e2-8b97-4f32-8619-6d088f03d9b6/rollback_snapshot.tlog}
2023-03-31T06:14:13.649Z [INFO] (Serialized listener processor) com.aws.greengrass.lifecyclemanager.Kernel: Attempt to load service from plugins. {serviceName=aws.greengrass.IotMqttSubscriber}
2023-03-31T06:14:13.680Z [INFO] (Serialized listener processor) com.aws.greengrass.lifecyclemanager.Kernel: Attempt to load service from plugins. {serviceName=aws.greengrass.IotMqttPublisher}
2023-03-31T06:14:13.718Z [INFO] (main-lifecycle) com.aws.greengrass.lifecyclemanager.GenericExternalService: service-set-state. {serviceName=main, currentState=FINISHED, newState=INSTALLED}
2023-03-31T06:14:13.725Z [INFO] (Serialized listener processor) com.aws.greengrass.lifecyclemanager.GenericExternalService: service-config-change. Requesting restart for component. {configNode=services.main.lifecycle, serviceName=main, currentState=INSTALLED}
2023-03-31T06:14:13.783Z [INFO] (aws.greengrass.IotMqttSubscriber-lifecycle) com.aws.greengrass.lifecyclemanager.GenericExternalService: service-set-state. {serviceName=aws.greengrass.IotMqttSubscriber, currentState=NEW, newState=INSTALLED}
2023-03-31T06:14:13.798Z [INFO] (aws.greengrass.IotMqttPublisher-lifecycle) com.aws.greengrass.lifecyclemanager.GenericExternalService: service-set-state. {serviceName=aws.greengrass.IotMqttPublisher, currentState=NEW, newState=INSTALLED}
2023-03-31T06:14:13.802Z [INFO] (aws.greengrass.IotMqttSubscriber-lifecycle) com.aws.greengrass.lifecyclemanager.GenericExternalService: service-set-state. {serviceName=aws.greengrass.IotMqttSubscriber, currentState=INSTALLED, newState=STARTING}
2023-03-31T06:14:13.805Z [INFO] (aws.greengrass.IotMqttSubscriber-lifecycle) com.aws.greengrass.lifecyclemanager.GenericExternalService: Stopping backingTask waiting for dependency ready. {serviceName=aws.greengrass.IotMqttSubscriber, currentState=STARTING}
2023-03-31T06:14:13.830Z [INFO] (aws.greengrass.IotMqttSubscriber-lifecycle) com.aws.greengrass.lifecyclemanager.GenericExternalService: service-set-state. {serviceName=aws.greengrass.IotMqttSubscriber, currentState=STARTING, newState=RUNNING}
2023-03-31T06:14:13.834Z [INFO] (aws.greengrass.IotMqttPublisher-lifecycle) com.aws.greengrass.lifecyclemanager.GenericExternalService: service-set-state. {serviceName=aws.greengrass.IotMqttPublisher, currentState=INSTALLED, newState=STARTING}
2023-03-31T06:14:13.871Z [INFO] (aws.greengrass.IotMqttPublisher-lifecycle) com.aws.greengrass.lifecyclemanager.GenericExternalService: service-set-state. {serviceName=aws.greengrass.IotMqttPublisher, currentState=STARTING, newState=RUNNING}
2023-03-31T06:14:13.873Z [INFO] (main-lifecycle) com.aws.greengrass.lifecyclemanager.GenericExternalService: service-set-state. {serviceName=main, currentState=INSTALLED, newState=STARTING}
2023-03-31T06:14:13.880Z [INFO] (pool-2-thread-21) com.aws.greengrass.lifecyclemanager.GenericExternalService: generic-service-finished. Nothing done. {serviceName=main, currentState=STARTING}
2023-03-31T06:14:13.882Z [INFO] (main-lifecycle) com.aws.greengrass.lifecyclemanager.GenericExternalService: service-set-state. {serviceName=main, currentState=STARTING, newState=FINISHED}
2023-03-31T06:14:13.884Z [INFO] (main-lifecycle) com.aws.greengrass.lifecyclemanager.GenericExternalService: service-set-state. {serviceName=main, currentState=FINISHED, newState=STOPPING}
2023-03-31T06:14:13.887Z [INFO] (pool-2-thread-21) com.aws.greengrass.lifecyclemanager.GenericExternalService: Shutdown initiated. {serviceName=main, currentState=STOPPING}
2023-03-31T06:14:13.888Z [INFO] (pool-2-thread-21) com.aws.greengrass.lifecyclemanager.GenericExternalService: generic-service-shutdown. {serviceName=main, currentState=STOPPING}
2023-03-31T06:14:13.889Z [INFO] (main-lifecycle) com.aws.greengrass.lifecyclemanager.GenericExternalService: service-set-state. {serviceName=main, currentState=STOPPING, newState=FINISHED}
2023-03-31T06:14:14.784Z [INFO] (pool-2-thread-18) com.aws.greengrass.deployment.DeploymentConfigMerger: merge-config. Removing services. {service-to-remove=[]}
2023-03-31T06:14:14.787Z [INFO] (pool-2-thread-18) com.aws.greengrass.deployment.activator.DeploymentActivator: merge-config. All services updated. {deploymentId=8b4523e2-8b97-4f32-8619-6d088f03d9b6}
2023-03-31T06:14:14.791Z [INFO] (pool-2-thread-17) com.aws.greengrass.deployment.DeploymentService: deployment-task-execution. Finished deployment task. {deploymentId=8b4523e2-8b97-4f32-8619-6d088f03d9b6, serviceName=DeploymentService, currentState=RUNNING}
2023-03-31T06:14:14.802Z [INFO] (pool-2-thread-18) com.aws.greengrass.lifecyclemanager.UpdateSystemPolicyService: service-update-finish. {serviceName=UpdateSystemPolicyService, currentState=RUNNING}
2023-03-31T06:14:14.909Z [INFO] (Thread-9) software.amazon.awssdk.eventstreamrpc.RpcServer: New connection code [AWS_ERROR_SUCCESS] for [Id 37, Class ServerConnection, Refs 1](2023-03-31T06:14:14.907526797Z) - <null>. {}
2023-03-31T06:14:14.941Z [INFO] (Thread-9) software.amazon.awssdk.eventstreamrpc.RpcServer: New connection code [AWS_ERROR_SUCCESS] for [Id 38, Class ServerConnection, Refs 1](2023-03-31T06:14:14.940714372Z) - <null>. {}
2023-03-31T06:14:15.522Z [INFO] (Thread-9) software.amazon.awssdk.eventstreamrpc.ServiceOperationMappingContinuationHandler: aws.greengrass#GreengrassCoreIPC authenticated identity: aws.greengrass.IotMqttSubscriber. {}
2023-03-31T06:14:15.525Z [INFO] (Thread-9) software.amazon.awssdk.eventstreamrpc.ServiceOperationMappingContinuationHandler: Connection accepted for aws.greengrass.IotMqttSubscriber. {}
2023-03-31T06:14:15.527Z [INFO] (Thread-9) software.amazon.awssdk.eventstreamrpc.ServiceOperationMappingContinuationHandler: Sending connect response for aws.greengrass.IotMqttSubscriber. {}
2023-03-31T06:14:15.535Z [INFO] (Thread-9) software.amazon.awssdk.eventstreamrpc.ServiceOperationMappingContinuationHandler: aws.greengrass#GreengrassCoreIPC authenticated identity: aws.greengrass.IotMqttPublisher. {}
2023-03-31T06:14:15.536Z [INFO] (Thread-9) software.amazon.awssdk.eventstreamrpc.ServiceOperationMappingContinuationHandler: Connection accepted for aws.greengrass.IotMqttPublisher. {}
2023-03-31T06:14:15.537Z [INFO] (Thread-9) software.amazon.awssdk.eventstreamrpc.ServiceOperationMappingContinuationHandler: Sending connect response for aws.greengrass.IotMqttPublisher. {}
2023-03-31T06:14:16.043Z [WARN] (Thread-9) com.aws.greengrass.lifecyclemanager.GenericExternalService: service-invalid-state-error. Invalid reported state. {serviceName=aws.greengrass.IotMqttPublisher, currentState=RUNNING, newState=RUNNING}
2023-03-31T06:14:16.287Z [INFO] (Thread-9) software.amazon.awssdk.eventstreamrpc.RpcServer: Server connection closed code [socket is closed.]: [Id 38, Class ServerConnection, Refs 1](2023-03-31T06:14:14.940714372Z) - <null>. {}
2023-03-31T06:14:16.291Z [WARN] (Thread-9) com.aws.greengrass.lifecyclemanager.GenericExternalService: service-invalid-state-error. Invalid reported state. {serviceName=aws.greengrass.IotMqttSubscriber, currentState=RUNNING, newState=RUNNING}
2023-03-31T06:14:17.634Z [INFO] (Copier) com.aws.greengrass.lifecyclemanager.GenericExternalService: Run script exited. {exitCode=0, serviceName=aws.greengrass.IotMqttPublisher, currentState=RUNNING}
2023-03-31T06:14:17.636Z [INFO] (Copier) com.aws.greengrass.lifecyclemanager.GenericExternalService: generic-service-stopping. Service finished running. {serviceName=aws.greengrass.IotMqttPublisher, currentState=RUNNING}
2023-03-31T06:14:17.638Z [INFO] (aws.greengrass.IotMqttPublisher-lifecycle) com.aws.greengrass.lifecyclemanager.GenericExternalService: service-set-state. {serviceName=aws.greengrass.IotMqttPublisher, currentState=RUNNING, newState=STOPPING}
2023-03-31T06:14:17.642Z [INFO] (pool-2-thread-17) com.aws.greengrass.lifecyclemanager.GenericExternalService: Shutdown initiated. {serviceName=aws.greengrass.IotMqttPublisher, currentState=STOPPING}
2023-03-31T06:14:17.642Z [INFO] (pool-2-thread-17) com.aws.greengrass.lifecyclemanager.GenericExternalService: generic-service-shutdown. {serviceName=aws.greengrass.IotMqttPublisher, currentState=STOPPING}
2023-03-31T06:14:17.644Z [INFO] (aws.greengrass.IotMqttPublisher-lifecycle) com.aws.greengrass.lifecyclemanager.GenericExternalService: service-set-state. {serviceName=aws.greengrass.IotMqttPublisher, currentState=STOPPING, newState=FINISHED}
2023-03-31T06:14:27.323Z [INFO] (pool-2-thread-15) com.aws.greengrass.deployment.DeploymentService: Current deployment finished. {DeploymentId=arn:aws:greengrass:us-west-2:116407744508:configuration:thing/IM30:157, GreengrassDeploymentId=8b4523e2-8b97-4f32-8619-6d088f03d9b6, serviceName=DeploymentService, currentState=RUNNING}
2023-03-31T06:14:27.479Z [INFO] (pool-2-thread-15) com.aws.greengrass.deployment.DeploymentStatusKeeper: Stored deployment status. {DeploymentId=arn:aws:greengrass:us-west-2:116407744508:configuration:thing/IM30:157, GreengrassDeploymentId=8b4523e2-8b97-4f32-8619-6d088f03d9b6, DeploymentStatus=SUCCEEDED}
2023-03-31T06:14:27.482Z [INFO] (pool-2-thread-15) com.aws.greengrass.deployment.ShadowDeploymentListener: Updated reported state for deployment. {CONFIGURATION_ARN=arn:aws:greengrass:us-west-2:116407744508:configuration:thing/IM30:157, status=SUCCEEDED}
2023-03-31T06:14:27.522Z [INFO] (pool-2-thread-15) com.aws.greengrass.status.FleetStatusService: fss-status-update-published. Status update published to FSS. {trigger=THING_DEPLOYMENT, serviceName=FleetStatusService, currentState=RUNNING}
2023-03-31T06:14:27.527Z [INFO] (pool-2-thread-15) com.aws.greengrass.deployment.DeploymentDirectoryManager: Persist link to last deployment. {link=/test/greengrass/v2/deployments/previous-success}
2023-03-31T06:14:27.528Z [INFO] (pool-2-thread-15) com.aws.greengrass.deployment.DeploymentDirectoryManager: Clean up link to earlier deployment. {link=/test/greengrass/v2/deployments/previous-success}
2023-03-31T06:14:35.549Z [INFO] (Thread-4) com.aws.greengrass.deployment.ShadowDeploymentListener: Added shadow deployment job. {ID=arn:aws:greengrass:us-west-2:116407744508:configuration:thing/IM30:158}
2023-03-31T06:14:42.534Z [INFO] (pool-2-thread-15) com.aws.greengrass.deployment.DeploymentService: Received deployment in the queue. {DeploymentId=arn:aws:greengrass:us-west-2:116407744508:configuration:thing/IM30:158, GreengrassDeploymentId=null, DeploymentType=SHADOW, serviceName=DeploymentService, currentState=RUNNING}
2023-03-31T06:14:42.534Z [INFO] (pool-2-thread-15) com.aws.greengrass.deployment.DeploymentService: Received deployment document in queue. {document={"deploymentId":"aa295c83-8301-493f-a145-75a500467ee6","schemaDate":"2021-05-17","deploymentName":"EmptyDeployment","configurationArn":"arn:aws:greengrass:us-west-2:116407744508:configuration:thing/IM30:158","creationTimestamp":1680243275353,"components":{},"failureHandlingPolicy":"ROLLBACK","requiredCapabilities":[],"componentUpdatePolicy":{"timeout":60,"action":"NOTIFY_COMPONENTS"},"configurationValidationPolicy":{"timeout":60}}, serviceName=DeploymentService, currentState=RUNNING}
2023-03-31T06:14:42.595Z [INFO] (pool-2-thread-15) com.aws.greengrass.deployment.DeploymentStatusKeeper: Stored deployment status. {DeploymentId=arn:aws:greengrass:us-west-2:116407744508:configuration:thing/IM30:158, GreengrassDeploymentId=aa295c83-8301-493f-a145-75a500467ee6, DeploymentStatus=IN_PROGRESS}
2023-03-31T06:14:42.598Z [INFO] (pool-2-thread-15) com.aws.greengrass.deployment.ShadowDeploymentListener: Updated reported state for deployment. {CONFIGURATION_ARN=arn:aws:greengrass:us-west-2:116407744508:configuration:thing/IM30:158, status=IN_PROGRESS}
2023-03-31T06:14:42.600Z [INFO] (pool-2-thread-15) com.aws.greengrass.deployment.DeploymentDirectoryManager: Create work directory for new deployment. {deploymentId=aa295c83-8301-493f-a145-75a500467ee6, link=/test/greengrass/v2/deployments/ongoing, directory=/test/greengrass/v2/deployments/aa295c83-8301-493f-a145-75a500467ee6}
2023-03-31T06:14:42.603Z [INFO] (pool-2-thread-15) com.aws.greengrass.deployment.DeploymentDirectoryManager: Persist deployment metadata. {file=/test/greengrass/v2/deployments/aa295c83-8301-493f-a145-75a500467ee6/deployment_metadata.json, deploymentId=aa295c83-8301-493f-a145-75a500467ee6}
2023-03-31T06:14:42.613Z [INFO] (pool-2-thread-15) com.aws.greengrass.deployment.DeploymentService: Started deployment execution. {serviceName=DeploymentService, currentState=RUNNING, deployment=arn:aws:greengrass:us-west-2:116407744508:configuration:thing/IM30:158}
2023-03-31T06:14:42.614Z [INFO] (pool-2-thread-17) com.aws.greengrass.deployment.DeploymentService: deployment-task-execution. Starting deployment task. {Deployment service config={ComponentToGroups={aws.greengrass.IotMqttPublisher={arn:aws:greengrass:us-west-2:116407744508:configuration:thing/IM30:157=thing/IM30}, aws.greengrass.IotMqttSubscriber={arn:aws:greengrass:us-west-2:116407744508:configuration:thing/IM30:157=thing/IM30}, aws.greengrass.LocalHelloWorld={2f9a86d3-c4c2-4da6-8d22-fd08a2c71f56=LOCAL_DEPLOYMENT}, aws.greengrass.Nucleus={arn:aws:greengrass:us-west-2:116407744508:configuration:thing/IM30:157=thing/IM30}}, dependencies=[], GroupToLastDeployment={LOCAL_DEPLOYMENT={configArn=null, timestamp=1680232100090}, thing/IM30={configArn=arn:aws:greengrass:us-west-2:116407744508:configuration:thing/IM30:157, timestamp=1680243179120}, thinggroup/GreengrassQuickStartGroup_test={configArn=arn:aws:greengrass:us-west-2:116407744508:configuration:thinggroup/GreengrassQuickStartGroup_test:76, timestamp=1680236097879}}, GroupToRootComponents={LOCAL_DEPLOYMENT={aws.greengrass.LocalHelloWorld={groupConfigArn=2f9a86d3-c4c2-4da6-8d22-fd08a2c71f56, groupConfigName=LOCAL_DEPLOYMENT, version=1.0.0}}, thing/IM30={aws.greengrass.IotMqttPublisher={groupConfigArn=arn:aws:greengrass:us-west-2:116407744508:configuration:thing/IM30:157, groupConfigName=thing/IM30, version=1.0.0-accc1f327d2a58985099}, aws.greengrass.IotMqttSubscriber={groupConfigArn=arn:aws:greengrass:us-west-2:116407744508:configuration:thing/IM30:157, groupConfigName=thing/IM30, version=1.0.0-accc1f327d2a58985099}, aws.greengrass.Nucleus={groupConfigArn=arn:aws:greengrass:us-west-2:116407744508:configuration:thing/IM30:157, groupConfigName=thing/IM30, version=2.9.4}}, thinggroup/GreengrassQuickStartGroup_test={}}, runtime={ProcessedDeployments={}}, version=0.0.0}, deploymentId=aa295c83-8301-493f-a145-75a500467ee6, serviceName=DeploymentService, currentState=RUNNING}
2023-03-31T06:14:43.402Z [INFO] (pool-2-thread-18) com.aws.greengrass.componentmanager.DependencyResolver: resolve-group-dependencies-start. Start to resolve group dependencies. {targetComponents=[], componentToVersionRequirements={aws.greengrass.LocalHelloWorld={LOCAL_DEPLOYMENT==1.0.0}}}
2023-03-31T06:14:43.409Z [INFO] (pool-2-thread-18) com.aws.greengrass.componentmanager.DependencyResolver: resolve-group-dependencies-finish. Finish resolving group dependencies. {resolvedComponents={aws.greengrass.LocalHelloWorld=ComponentMetadata(componentIdentifier=aws.greengrass.LocalHelloWorld-v1.0.0, dependencies={})}, componentToVersionRequirements={aws.greengrass.LocalHelloWorld={LOCAL_DEPLOYMENT==1.0.0}}}
2023-03-31T06:14:43.417Z [INFO] (pool-2-thread-18) com.aws.greengrass.componentmanager.ComponentManager: prepare-package-start. {packageIdentifier=aws.greengrass.LocalHelloWorld-v1.0.0}
2023-03-31T06:14:43.441Z [INFO] (pool-2-thread-17) com.aws.greengrass.lifecyclemanager.UpdateSystemPolicyService: register-service-update-action. {action=aa295c83-8301-493f-a145-75a500467ee6, serviceName=UpdateSystemPolicyService, currentState=RUNNING}
2023-03-31T06:14:43.443Z [INFO] (pool-2-thread-18) com.aws.greengrass.lifecyclemanager.UpdateSystemPolicyService: service-update-start. {serviceName=UpdateSystemPolicyService, currentState=RUNNING}
2023-03-31T06:14:43.445Z [INFO] (pool-2-thread-18) com.aws.greengrass.deployment.DeploymentConfigMerger: merge-config. Applying deployment changes, deployment cannot be cancelled now. {deployment=aa295c83-8301-493f-a145-75a500467ee6}
2023-03-31T06:14:43.446Z [INFO] (pool-2-thread-18) com.aws.greengrass.deployment.DeploymentDirectoryManager: Persist configuration snapshot. {file=/test/greengrass/v2/deployments/aa295c83-8301-493f-a145-75a500467ee6/rollback_snapshot.tlog}
2023-03-31T06:14:43.565Z [INFO] (pool-2-thread-18) com.aws.greengrass.deployment.DeploymentConfigMerger: merge-config. Removing services. {service-to-remove=[aws.greengrass.IotMqttSubscriber, aws.greengrass.IotMqttPublisher]}
2023-03-31T06:14:43.575Z [INFO] (pool-2-thread-21) com.aws.greengrass.lifecyclemanager.GenericExternalService: service-close. Service is now closing. {serviceName=aws.greengrass.IotMqttSubscriber, currentState=RUNNING}
2023-03-31T06:14:43.583Z [INFO] (aws.greengrass.IotMqttSubscriber-lifecycle) com.aws.greengrass.lifecyclemanager.GenericExternalService: service-set-state. {serviceName=aws.greengrass.IotMqttSubscriber, currentState=RUNNING, newState=STOPPING}
2023-03-31T06:14:43.585Z [INFO] (pool-2-thread-22) com.aws.greengrass.lifecyclemanager.GenericExternalService: Shutdown initiated. {serviceName=aws.greengrass.IotMqttSubscriber, currentState=STOPPING}
2023-03-31T06:14:43.586Z [INFO] (pool-2-thread-22) com.aws.greengrass.lifecyclemanager.GenericExternalService: Shutting down process ["java -Dipc.operation=\u0022mqttPubsub\u0022 -DcomponentName=\u0022IotMqttSubscriber\u0022 -jar  /t..."]. {serviceName=aws.greengrass.IotMqttSubscriber, currentState=STOPPING}
2023-03-31T06:14:43.587Z [INFO] (pool-2-thread-22) com.aws.greengrass.util.platforms.Platform: Killing child processes of pid 324068, force is false. {}
2023-03-31T06:14:43.928Z [INFO] (pool-2-thread-22) com.aws.greengrass.util.platforms.Platform: Killing child processes of pid 324068, force is true. {}
2023-03-31T06:14:44.123Z [INFO] (pool-2-thread-22) com.aws.greengrass.lifecyclemanager.GenericExternalService: Shutdown completed for process ["java -Dipc.operation=\u0022mqttPubsub\u0022 -DcomponentName=\u0022IotMqttSubscriber\u0022 -jar  /t..."]. {serviceName=aws.greengrass.IotMqttSubscriber, currentState=STOPPING}
2023-03-31T06:14:44.124Z [INFO] (pool-2-thread-22) com.aws.greengrass.lifecyclemanager.GenericExternalService: generic-service-shutdown. {serviceName=aws.greengrass.IotMqttSubscriber, currentState=STOPPING}
2023-03-31T06:14:44.125Z [INFO] (Copier) com.aws.greengrass.lifecyclemanager.GenericExternalService: Run script exited. {exitCode=137, serviceName=aws.greengrass.IotMqttSubscriber, currentState=STOPPING}
2023-03-31T06:14:44.128Z [INFO] (aws.greengrass.IotMqttSubscriber-lifecycle) com.aws.greengrass.lifecyclemanager.GenericExternalService: service-set-state. {serviceName=aws.greengrass.IotMqttSubscriber, currentState=STOPPING, newState=FINISHED}
2023-03-31T06:14:44.131Z [INFO] (pool-2-thread-21) com.aws.greengrass.lifecyclemanager.GenericExternalService: service-close. Service is now closing. {serviceName=aws.greengrass.IotMqttPublisher, currentState=FINISHED}
2023-03-31T06:14:44.133Z [WARN] (pool-2-thread-18) com.aws.greengrass.deployment.DeploymentConfigMerger: Service topics node doesn't exist.. {serviceName=aws.greengrass.IotMqttSubscriber}
2023-03-31T06:14:44.134Z [WARN] (pool-2-thread-18) com.aws.greengrass.deployment.DeploymentConfigMerger: Service topics node doesn't exist.. {serviceName=aws.greengrass.IotMqttPublisher}
2023-03-31T06:14:44.135Z [INFO] (pool-2-thread-18) com.aws.greengrass.deployment.activator.DeploymentActivator: merge-config. All services updated. {deploymentId=aa295c83-8301-493f-a145-75a500467ee6}
2023-03-31T06:14:44.136Z [INFO] (pool-2-thread-18) com.aws.greengrass.lifecyclemanager.UpdateSystemPolicyService: service-update-finish. {serviceName=UpdateSystemPolicyService, currentState=RUNNING}
2023-03-31T06:14:44.136Z [INFO] (pool-2-thread-17) com.aws.greengrass.deployment.DeploymentService: deployment-task-execution. Finished deployment task. {deploymentId=aa295c83-8301-493f-a145-75a500467ee6, serviceName=DeploymentService, currentState=RUNNING}
2023-03-31T06:14:44.170Z [INFO] (pool-2-thread-17) com.aws.greengrass.componentmanager.ComponentStore: delete-component-finish. {componentIdentifier=aws.greengrass.IotMqttSubscriber-v1.0.0-accc1f327d2a58985099}
2023-03-31T06:14:44.200Z [INFO] (pool-2-thread-17) com.aws.greengrass.componentmanager.ComponentStore: delete-component-finish. {componentIdentifier=aws.greengrass.IotMqttPublisher-v1.0.0-accc1f327d2a58985099}
2023-03-31T06:14:44.299Z [INFO] (Thread-9) software.amazon.awssdk.eventstreamrpc.RpcServer: Server connection closed code [socket is closed.]: [Id 37, Class ServerConnection, Refs 1](2023-03-31T06:14:14.907526797Z) - <null>. {}
2023-03-31T06:14:57.614Z [INFO] (pool-2-thread-15) com.aws.greengrass.deployment.DeploymentService: Current deployment finished. {DeploymentId=arn:aws:greengrass:us-west-2:116407744508:configuration:thing/IM30:158, GreengrassDeploymentId=aa295c83-8301-493f-a145-75a500467ee6, serviceName=DeploymentService, currentState=RUNNING}
2023-03-31T06:14:57.694Z [INFO] (pool-2-thread-15) com.aws.greengrass.deployment.DeploymentStatusKeeper: Stored deployment status. {DeploymentId=arn:aws:greengrass:us-west-2:116407744508:configuration:thing/IM30:158, GreengrassDeploymentId=aa295c83-8301-493f-a145-75a500467ee6, DeploymentStatus=SUCCEEDED}
2023-03-31T06:14:57.699Z [INFO] (pool-2-thread-15) com.aws.greengrass.deployment.ShadowDeploymentListener: Updated reported state for deployment. {CONFIGURATION_ARN=arn:aws:greengrass:us-west-2:116407744508:configuration:thing/IM30:158, status=SUCCEEDED}
2023-03-31T06:14:57.701Z [INFO] (pool-2-thread-15) com.aws.greengrass.lifecyclemanager.Kernel: Attempt to load service from plugins. {serviceName=aws.greengrass.IotMqttSubscriber}
2023-03-31T06:14:57.702Z [INFO] (pool-2-thread-15) com.aws.greengrass.lifecyclemanager.Kernel: Attempt to load service from plugins. {serviceName=aws.greengrass.IotMqttPublisher}
2023-03-31T06:14:57.713Z [INFO] (pool-2-thread-15) com.aws.greengrass.status.FleetStatusService: fss-status-update-published. Status update published to FSS. {trigger=THING_DEPLOYMENT, serviceName=FleetStatusService, currentState=RUNNING}
2023-03-31T06:14:57.714Z [INFO] (pool-2-thread-15) com.aws.greengrass.deployment.DeploymentDirectoryManager: Persist link to last deployment. {link=/test/greengrass/v2/deployments/previous-success}
2023-03-31T06:14:57.715Z [INFO] (pool-2-thread-15) com.aws.greengrass.deployment.DeploymentDirectoryManager: Clean up link to earlier deployment. {link=/test/greengrass/v2/deployments/previous-success}
2023-03-31T06:15:02.503Z [INFO] (Thread-4) com.aws.greengrass.deployment.IotJobsHelper: Received new deployment notification. Requesting details. {ThingName=IM30}
2023-03-31T06:15:02.817Z [INFO] (Thread-4) com.aws.greengrass.deployment.IotJobsHelper: Received Iot job description. {Status=QUEUED, queueAt=Fri Mar 31 06:15:00 GMT 2023, ThingName=IM30, JobId=a04add2b-2669-4429-9848-3f47d7275403}
2023-03-31T06:15:02.845Z [INFO] (Thread-4) com.aws.greengrass.deployment.IotJobsHelper: Added the job to the queue. {ThingName=IM30, JobId=a04add2b-2669-4429-9848-3f47d7275403}
2023-03-31T06:15:12.721Z [INFO] (pool-2-thread-15) com.aws.greengrass.deployment.DeploymentService: Received deployment in the queue. {DeploymentId=a04add2b-2669-4429-9848-3f47d7275403, GreengrassDeploymentId=null, DeploymentType=IOT_JOBS, serviceName=DeploymentService, currentState=RUNNING}
2023-03-31T06:15:12.722Z [INFO] (pool-2-thread-15) com.aws.greengrass.deployment.DeploymentService: Received deployment document in queue. {document={"configurationValidationPolicy":{"timeout":60.0},"components":{},"componentUpdatePolicy":{"timeout":60.0,"action":"NOTIFY_COMPONENTS"},"schemaDate":"2021-05-17","deploymentId":"0b968fee-d65d-4d86-a13f-ddfde9262c91","creationTimestamp":1.68024329856E12,"deploymentName":"EmptyDeployment","failureHandlingPolicy":"ROLLBACK","configurationArn":"arn:aws:greengrass:us-west-2:116407744508:configuration:thinggroup/GreengrassQuickStartGroup_test:77","requiredCapabilities":[]}, serviceName=DeploymentService, currentState=RUNNING}
2023-03-31T06:15:12.766Z [INFO] (pool-2-thread-15) com.aws.greengrass.deployment.DeploymentStatusKeeper: Stored deployment status. {DeploymentId=a04add2b-2669-4429-9848-3f47d7275403, GreengrassDeploymentId=0b968fee-d65d-4d86-a13f-ddfde9262c91, DeploymentStatus=IN_PROGRESS}
2023-03-31T06:15:12.770Z [INFO] (pool-2-thread-15) com.aws.greengrass.deployment.IotJobsHelper: Updating status of persisted deployment. {Status=IN_PROGRESS, StatusDetails={}, ThingName=IM30, JobId=a04add2b-2669-4429-9848-3f47d7275403}
2023-03-31T06:15:13.353Z [INFO] (Thread-4) com.aws.greengrass.deployment.IotJobsHelper: Job status update was accepted. {Status=IN_PROGRESS, ThingName=IM30, JobId=a04add2b-2669-4429-9848-3f47d7275403}
2023-03-31T06:15:13.705Z [INFO] (pool-2-thread-15) com.aws.greengrass.deployment.DeploymentDirectoryManager: Create work directory for new deployment. {deploymentId=0b968fee-d65d-4d86-a13f-ddfde9262c91, link=/test/greengrass/v2/deployments/ongoing, directory=/test/greengrass/v2/deployments/0b968fee-d65d-4d86-a13f-ddfde9262c91}
2023-03-31T06:15:13.707Z [INFO] (pool-2-thread-15) com.aws.greengrass.deployment.DeploymentDirectoryManager: Persist deployment metadata. {file=/test/greengrass/v2/deployments/0b968fee-d65d-4d86-a13f-ddfde9262c91/deployment_metadata.json, deploymentId=0b968fee-d65d-4d86-a13f-ddfde9262c91}
2023-03-31T06:15:13.716Z [INFO] (pool-2-thread-15) com.aws.greengrass.deployment.DeploymentService: Started deployment execution. {serviceName=DeploymentService, currentState=RUNNING, deployment=a04add2b-2669-4429-9848-3f47d7275403}
2023-03-31T06:15:13.717Z [INFO] (pool-2-thread-17) com.aws.greengrass.deployment.DeploymentService: deployment-task-execution. Starting deployment task. {Deployment service config={ComponentToGroups={aws.greengrass.LocalHelloWorld={2f9a86d3-c4c2-4da6-8d22-fd08a2c71f56=LOCAL_DEPLOYMENT}}, dependencies=[], GroupToLastDeployment={LOCAL_DEPLOYMENT={configArn=null, timestamp=1680232100090}, thing/IM30={configArn=arn:aws:greengrass:us-west-2:116407744508:configuration:thing/IM30:158, timestamp=1680243275353}, thinggroup/GreengrassQuickStartGroup_test={configArn=arn:aws:greengrass:us-west-2:116407744508:configuration:thinggroup/GreengrassQuickStartGroup_test:76, timestamp=1680236097879}}, GroupToRootComponents={LOCAL_DEPLOYMENT={aws.greengrass.LocalHelloWorld={groupConfigArn=2f9a86d3-c4c2-4da6-8d22-fd08a2c71f56, groupConfigName=LOCAL_DEPLOYMENT, version=1.0.0}}, thing/IM30={}, thinggroup/GreengrassQuickStartGroup_test={}}, runtime={ProcessedDeployments={}}, version=0.0.0}, deploymentId=0b968fee-d65d-4d86-a13f-ddfde9262c91, serviceName=DeploymentService, currentState=RUNNING}
2023-03-31T06:15:14.537Z [INFO] (pool-2-thread-18) com.aws.greengrass.componentmanager.DependencyResolver: resolve-group-dependencies-start. Start to resolve group dependencies. {targetComponents=[], componentToVersionRequirements={aws.greengrass.LocalHelloWorld={LOCAL_DEPLOYMENT==1.0.0}}}
2023-03-31T06:15:14.545Z [INFO] (pool-2-thread-18) com.aws.greengrass.componentmanager.DependencyResolver: resolve-group-dependencies-finish. Finish resolving group dependencies. {resolvedComponents={aws.greengrass.LocalHelloWorld=ComponentMetadata(componentIdentifier=aws.greengrass.LocalHelloWorld-v1.0.0, dependencies={})}, componentToVersionRequirements={aws.greengrass.LocalHelloWorld={LOCAL_DEPLOYMENT==1.0.0}}}
2023-03-31T06:15:14.553Z [INFO] (pool-2-thread-18) com.aws.greengrass.componentmanager.ComponentManager: prepare-package-start. {packageIdentifier=aws.greengrass.LocalHelloWorld-v1.0.0}
2023-03-31T06:15:14.594Z [INFO] (pool-2-thread-17) com.aws.greengrass.lifecyclemanager.UpdateSystemPolicyService: register-service-update-action. {action=0b968fee-d65d-4d86-a13f-ddfde9262c91, serviceName=UpdateSystemPolicyService, currentState=RUNNING}
2023-03-31T06:15:14.596Z [INFO] (pool-2-thread-18) com.aws.greengrass.lifecyclemanager.UpdateSystemPolicyService: service-update-start. {serviceName=UpdateSystemPolicyService, currentState=RUNNING}
2023-03-31T06:15:14.599Z [INFO] (pool-2-thread-18) com.aws.greengrass.deployment.DeploymentConfigMerger: merge-config. Applying deployment changes, deployment cannot be cancelled now. {deployment=0b968fee-d65d-4d86-a13f-ddfde9262c91}
2023-03-31T06:15:14.600Z [INFO] (pool-2-thread-18) com.aws.greengrass.deployment.DeploymentDirectoryManager: Persist configuration snapshot. {file=/test/greengrass/v2/deployments/0b968fee-d65d-4d86-a13f-ddfde9262c91/rollback_snapshot.tlog}
2023-03-31T06:15:14.684Z [INFO] (pool-2-thread-18) com.aws.greengrass.deployment.DeploymentConfigMerger: merge-config. Removing services. {service-to-remove=[]}
2023-03-31T06:15:14.685Z [INFO] (pool-2-thread-18) com.aws.greengrass.deployment.activator.DeploymentActivator: merge-config. All services updated. {deploymentId=0b968fee-d65d-4d86-a13f-ddfde9262c91}
2023-03-31T06:15:14.686Z [INFO] (pool-2-thread-18) com.aws.greengrass.lifecyclemanager.UpdateSystemPolicyService: service-update-finish. {serviceName=UpdateSystemPolicyService, currentState=RUNNING}
2023-03-31T06:15:14.687Z [INFO] (pool-2-thread-17) com.aws.greengrass.deployment.DeploymentService: deployment-task-execution. Finished deployment task. {deploymentId=0b968fee-d65d-4d86-a13f-ddfde9262c91, serviceName=DeploymentService, currentState=RUNNING}
2023-03-31T06:15:28.718Z [INFO] (pool-2-thread-15) com.aws.greengrass.deployment.DeploymentService: Current deployment finished. {DeploymentId=a04add2b-2669-4429-9848-3f47d7275403, GreengrassDeploymentId=0b968fee-d65d-4d86-a13f-ddfde9262c91, serviceName=DeploymentService, currentState=RUNNING}
2023-03-31T06:15:28.781Z [INFO] (pool-2-thread-15) com.aws.greengrass.deployment.DeploymentStatusKeeper: Stored deployment status. {DeploymentId=a04add2b-2669-4429-9848-3f47d7275403, GreengrassDeploymentId=0b968fee-d65d-4d86-a13f-ddfde9262c91, DeploymentStatus=SUCCEEDED}
2023-03-31T06:15:28.783Z [INFO] (pool-2-thread-15) com.aws.greengrass.deployment.IotJobsHelper: Updating status of persisted deployment. {Status=SUCCEEDED, StatusDetails={detailed-deployment-status=SUCCESSFUL}, ThingName=IM30, JobId=a04add2b-2669-4429-9848-3f47d7275403}
2023-03-31T06:15:29.386Z [INFO] (Thread-4) com.aws.greengrass.deployment.IotJobsHelper: Job status update was accepted. {Status=SUCCEEDED, ThingName=IM30, JobId=a04add2b-2669-4429-9848-3f47d7275403}
2023-03-31T06:15:29.744Z [INFO] (pool-2-thread-15) com.aws.greengrass.status.FleetStatusService: fss-status-update-published. Status update published to FSS. {trigger=THING_GROUP_DEPLOYMENT, serviceName=FleetStatusService, currentState=RUNNING}
2023-03-31T06:15:29.745Z [INFO] (pool-2-thread-15) com.aws.greengrass.deployment.DeploymentDirectoryManager: Persist link to last deployment. {link=/test/greengrass/v2/deployments/previous-success}
2023-03-31T06:15:29.747Z [INFO] (pool-2-thread-15) com.aws.greengrass.deployment.DeploymentDirectoryManager: Clean up link to earlier deployment. {link=/test/greengrass/v2/deployments/previous-success}
2023-03-31T06:15:30.472Z [INFO] (Thread-4) com.aws.greengrass.deployment.IotJobsHelper: Received empty jobs in notification . {ThingName=IM30}
2023-03-31T06:34:58.868Z [WARN] (Thread-1) com.aws.greengrass.lifecyclemanager.Kernel: Shutting down Nucleus due to external signal. {}
2023-03-31T06:34:58.869Z [INFO] (Thread-1) com.aws.greengrass.lifecyclemanager.KernelLifecycle: system-shutdown. {main=services.main:FINISHED}
2023-03-31T06:34:58.871Z [INFO] (pool-2-thread-25) com.aws.greengrass.lifecyclemanager.GenericExternalService: service-close. Service is now closing. {serviceName=main, currentState=FINISHED}
2023-03-31T06:34:58.874Z [INFO] (pool-2-thread-9) com.aws.greengrass.status.FleetStatusService: service-close. Service is now closing. {serviceName=FleetStatusService, currentState=RUNNING}
2023-03-31T06:34:58.874Z [INFO] (pool-2-thread-25) com.aws.greengrass.lifecyclemanager.GenericExternalService: service-close. Service is now closing. {serviceName=aws.greengrass.Nucleus, currentState=FINISHED}
2023-03-31T06:34:58.875Z [INFO] (pool-2-thread-26) com.aws.greengrass.lifecyclemanager.GenericExternalService: service-close. Service is now closing. {serviceName=aws.greengrass.LocalHelloWorld, currentState=FINISHED}
2023-03-31T06:34:58.876Z [INFO] (pool-2-thread-27) com.aws.greengrass.telemetry.TelemetryAgent: service-close. Service is now closing. {serviceName=TelemetryAgent, currentState=RUNNING}
2023-03-31T06:34:58.878Z [INFO] (TelemetryAgent-lifecycle) com.aws.greengrass.telemetry.TelemetryAgent: service-set-state. {serviceName=TelemetryAgent, currentState=RUNNING, newState=STOPPING}
2023-03-31T06:34:58.878Z [INFO] (FleetStatusService-lifecycle) com.aws.greengrass.status.FleetStatusService: service-set-state. {serviceName=FleetStatusService, currentState=RUNNING, newState=STOPPING}
2023-03-31T06:34:58.878Z [INFO] (pool-2-thread-28) com.aws.greengrass.lifecyclemanager.UpdateSystemPolicyService: service-close. Service is now closing. {serviceName=UpdateSystemPolicyService, currentState=RUNNING}
2023-03-31T06:34:58.880Z [INFO] (Thread-1) com.aws.greengrass.lifecyclemanager.KernelLifecycle: Waiting for services to shutdown. {}
2023-03-31T06:34:58.881Z [INFO] (pool-2-thread-29) com.aws.greengrass.deployment.DeploymentService: service-close. Service is now closing. {serviceName=DeploymentService, currentState=RUNNING}
2023-03-31T06:34:58.881Z [INFO] (UpdateSystemPolicyService-lifecycle) com.aws.greengrass.lifecyclemanager.UpdateSystemPolicyService: service-set-state. {serviceName=UpdateSystemPolicyService, currentState=RUNNING, newState=STOPPING}
2023-03-31T06:34:58.882Z [INFO] (DeploymentService-lifecycle) com.aws.greengrass.deployment.DeploymentService: service-set-state. {serviceName=DeploymentService, currentState=RUNNING, newState=STOPPING}
2023-03-31T06:34:58.883Z [INFO] (pool-2-thread-30) com.aws.greengrass.telemetry.TelemetryAgent: Cancelling all telemetry scheduled tasks.. {serviceName=TelemetryAgent, currentState=STOPPING}
2023-03-31T06:34:58.883Z [INFO] (UpdateSystemPolicyService-lifecycle) com.aws.greengrass.lifecyclemanager.UpdateSystemPolicyService: Stopping backingTask start. {serviceName=UpdateSystemPolicyService, currentState=STOPPING}
2023-03-31T06:34:58.884Z [INFO] (DeploymentService-lifecycle) com.aws.greengrass.deployment.DeploymentService: Stopping backingTask start. {serviceName=DeploymentService, currentState=STOPPING}
2023-03-31T06:34:58.885Z [INFO] (DeploymentService-lifecycle) com.aws.greengrass.deployment.DeploymentService: service-set-state. {serviceName=DeploymentService, currentState=STOPPING, newState=FINISHED}
2023-03-31T06:34:58.885Z [INFO] (FleetStatusService-lifecycle) com.aws.greengrass.status.FleetStatusService: service-set-state. {serviceName=FleetStatusService, currentState=STOPPING, newState=FINISHED}
2023-03-31T06:34:58.884Z [INFO] (TelemetryAgent-lifecycle) com.aws.greengrass.telemetry.TelemetryAgent: service-set-state. {serviceName=TelemetryAgent, currentState=STOPPING, newState=FINISHED}
2023-03-31T06:34:58.884Z [INFO] (UpdateSystemPolicyService-lifecycle) com.aws.greengrass.lifecyclemanager.UpdateSystemPolicyService: service-set-state. {serviceName=UpdateSystemPolicyService, currentState=STOPPING, newState=FINISHED}
2023-03-31T06:34:58.884Z [WARN] (pool-2-thread-12) com.aws.greengrass.lifecyclemanager.UpdateSystemPolicyService: service-run-interrupted. Service interrupted while running startup. {serviceName=UpdateSystemPolicyService, currentState=STOPPING}
2023-03-31T06:34:58.885Z [WARN] (pool-2-thread-15) com.aws.greengrass.deployment.DeploymentService: service-run-interrupted. Service interrupted while running startup. {serviceName=DeploymentService, currentState=STOPPING}
2023-03-31T06:34:58.914Z [INFO] (Thread-1) com.aws.greengrass.lifecyclemanager.Kernel: effective-config-dump-complete. {file=/test/greengrass/v2/config/effectiveConfig.yaml}
2023-03-31T06:34:58.920Z [WARN] (pool-2-thread-16) com.aws.greengrass.mqttclient.MqttClient: Shutting down spooler task. {}
2023-03-31T06:34:58.922Z [INFO] (Serialized listener processor) com.aws.greengrass.lifecyclemanager.KernelLifecycle: executor-service-shutdown-initiated. {}
2023-03-31T06:34:58.923Z [INFO] (Thread-1) com.aws.greengrass.lifecyclemanager.KernelLifecycle: Waiting for executors to shutdown. {}
2023-03-31T06:34:58.925Z [INFO] (Thread-1) com.aws.greengrass.lifecyclemanager.KernelLifecycle: executor-service-shutdown-complete. {executor-terminated=true, scheduled-executor-terminated=true}
2023-03-31T06:34:58.926Z [INFO] (Thread-1) com.aws.greengrass.lifecyclemanager.KernelLifecycle: context-shutdown-initiated. {}
2023-03-31T06:34:58.932Z [INFO] (Thread-1) com.aws.greengrass.lifecyclemanager.KernelLifecycle: context-shutdown-complete. {}
