[INFO] [2023-04-11 09:48:05]: Connecting to devices...
[INFO] [2023-04-11 09:48:15]: generated test level report for test result for test name pretestvalidation successfully
[INFO] [2023-04-11 09:48:15]: Disconnecting from devices
[INFO] [2023-04-11 09:48:15]: Connecting to devices...
[INFO] [2023-04-11 09:48:19]: generated test level report for test result for test name javaversion successfully
[INFO] [2023-04-11 09:48:19]: Disconnecting from devices
[INFO] [2023-04-11 09:48:19]: Connecting to devices...
[INFO] [2023-04-11 09:48:24]: generated test level report for test result for test name versionCompatibility successfully
[INFO] [2023-04-11 09:48:25]: Disconnecting from devices
[INFO] [2023-04-11 09:48:25]: Connecting to devices...
[INFO] [2023-04-11 09:57:02]: generated test level report for test result for test name lambdadeploymenttest successfully
[INFO] [2023-04-11 09:57:04]: Disconnecting from devices
[INFO] [2023-04-11 09:57:04]: Connecting to devices...
[INFO] [2023-04-11 10:03:44]: generated test level report for test result for test name mqttpubsub successfully
[INFO] [2023-04-11 10:03:44]: Disconnecting from devices
[INFO] [2023-04-11 10:03:44]: Connecting to devices...
[INFO] [2023-04-11 10:09:02]: generated test level report for test result for test name localcomponent successfully
[INFO] [2023-04-11 10:09:02]: Disconnecting from devices
[INFO] [2023-04-11 10:09:02]: Connecting to devices...
[INFO] [2023-04-11 10:18:31]: generated test level report for test result for test name cloudcomponent successfully
[INFO] [2023-04-11 10:18:34]: Disconnecting from devices
[ERROR] [2023-04-11 10:18:37]: accept tcp 127.0.0.1:35119: use of closed network connection
