2023-03-30T02:00:50.790Z [WARN] (Thread-1) com.aws.greengrass.lifecyclemanager.Kernel: Shutting down Nucleus due to external signal. {}
2023-03-30T02:00:50.796Z [INFO] (Thread-1) com.aws.greengrass.lifecyclemanager.KernelLifecycle: system-shutdown. {main=services.main:FINISHED}
2023-03-30T02:00:50.800Z [INFO] (pool-2-thread-19) com.aws.greengrass.lifecyclemanager.GenericExternalService: service-close. Service is now closing. {serviceName=main, currentState=FINISHED}
2023-03-30T02:00:50.803Z [INFO] (pool-2-thread-10) com.aws.greengrass.lifecyclemanager.GenericExternalService: service-close. Service is now closing. {serviceName=aws.greengrass.LocalHelloWorld, currentState=FINISHED}
2023-03-30T02:00:50.804Z [INFO] (pool-2-thread-19) com.aws.greengrass.telemetry.TelemetryAgent: service-close. Service is now closing. {serviceName=TelemetryAgent, currentState=RUNNING}
2023-03-30T02:00:50.807Z [INFO] (pool-2-thread-20) com.aws.greengrass.lifecyclemanager.GenericExternalService: service-close. Service is now closing. {serviceName=aws.greengrass.Nucleus, currentState=FINISHED}
2023-03-30T02:00:50.808Z [INFO] (TelemetryAgent-lifecycle) com.aws.greengrass.telemetry.TelemetryAgent: service-set-state. {serviceName=TelemetryAgent, currentState=RUNNING, newState=STOPPING}
2023-03-30T02:00:50.819Z [INFO] (Thread-1) com.aws.greengrass.lifecyclemanager.KernelLifecycle: Waiting for services to shutdown. {}
2023-03-30T02:00:50.819Z [INFO] (pool-2-thread-22) com.aws.greengrass.telemetry.TelemetryAgent: Cancelling all telemetry scheduled tasks.. {serviceName=TelemetryAgent, currentState=STOPPING}
2023-03-30T02:00:50.820Z [INFO] (TelemetryAgent-lifecycle) com.aws.greengrass.telemetry.TelemetryAgent: service-set-state. {serviceName=TelemetryAgent, currentState=STOPPING, newState=FINISHED}
2023-03-30T02:00:50.824Z [INFO] (pool-2-thread-5) com.aws.greengrass.status.FleetStatusService: service-close. Service is now closing. {serviceName=FleetStatusService, currentState=RUNNING}
2023-03-30T02:00:50.825Z [INFO] (pool-2-thread-10) com.aws.greengrass.lifecyclemanager.UpdateSystemPolicyService: service-close. Service is now closing. {serviceName=UpdateSystemPolicyService, currentState=RUNNING}
2023-03-30T02:00:50.825Z [INFO] (FleetStatusService-lifecycle) com.aws.greengrass.status.FleetStatusService: service-set-state. {serviceName=FleetStatusService, currentState=RUNNING, newState=STOPPING}
2023-03-30T02:00:50.827Z [INFO] (UpdateSystemPolicyService-lifecycle) com.aws.greengrass.lifecyclemanager.UpdateSystemPolicyService: service-set-state. {serviceName=UpdateSystemPolicyService, currentState=RUNNING, newState=STOPPING}
2023-03-30T02:00:50.824Z [INFO] (pool-2-thread-21) com.aws.greengrass.deployment.DeploymentService: service-close. Service is now closing. {serviceName=DeploymentService, currentState=RUNNING}
2023-03-30T02:00:50.829Z [INFO] (UpdateSystemPolicyService-lifecycle) com.aws.greengrass.lifecyclemanager.UpdateSystemPolicyService: Stopping backingTask start. {serviceName=UpdateSystemPolicyService, currentState=STOPPING}
2023-03-30T02:00:50.830Z [INFO] (UpdateSystemPolicyService-lifecycle) com.aws.greengrass.lifecyclemanager.UpdateSystemPolicyService: service-set-state. {serviceName=UpdateSystemPolicyService, currentState=STOPPING, newState=FINISHED}
2023-03-30T02:00:50.831Z [WARN] (pool-2-thread-14) com.aws.greengrass.lifecyclemanager.UpdateSystemPolicyService: service-run-interrupted. Service interrupted while running startup. {serviceName=UpdateSystemPolicyService, currentState=FINISHED}
2023-03-30T02:00:50.833Z [INFO] (FleetStatusService-lifecycle) com.aws.greengrass.status.FleetStatusService: service-set-state. {serviceName=FleetStatusService, currentState=STOPPING, newState=FINISHED}
2023-03-30T02:00:50.834Z [INFO] (DeploymentService-lifecycle) com.aws.greengrass.deployment.DeploymentService: service-set-state. {serviceName=DeploymentService, currentState=RUNNING, newState=STOPPING}
2023-03-30T02:00:50.835Z [INFO] (DeploymentService-lifecycle) com.aws.greengrass.deployment.DeploymentService: Stopping backingTask start. {serviceName=DeploymentService, currentState=STOPPING}
2023-03-30T02:00:50.836Z [INFO] (DeploymentService-lifecycle) com.aws.greengrass.deployment.DeploymentService: service-set-state. {serviceName=DeploymentService, currentState=STOPPING, newState=FINISHED}
2023-03-30T02:00:50.836Z [WARN] (pool-2-thread-18) com.aws.greengrass.deployment.DeploymentService: service-run-interrupted. Service interrupted while running startup. {serviceName=DeploymentService, currentState=STOPPING}
2023-03-30T02:00:50.880Z [INFO] (Thread-1) com.aws.greengrass.lifecyclemanager.Kernel: effective-config-dump-complete. {file=/test/greengrass/v2/config/effectiveConfig.yaml}
2023-03-30T02:00:50.883Z [WARN] (pool-2-thread-16) com.aws.greengrass.mqttclient.MqttClient: Shutting down spooler task. {}
2023-03-30T02:00:50.884Z [INFO] (Serialized listener processor) com.aws.greengrass.lifecyclemanager.KernelLifecycle: executor-service-shutdown-initiated. {}
2023-03-30T02:00:50.885Z [INFO] (Thread-1) com.aws.greengrass.lifecyclemanager.KernelLifecycle: Waiting for executors to shutdown. {}
2023-03-30T02:00:50.891Z [INFO] (Thread-1) com.aws.greengrass.lifecyclemanager.KernelLifecycle: executor-service-shutdown-complete. {executor-terminated=true, scheduled-executor-terminated=true}
2023-03-30T02:00:50.892Z [INFO] (Thread-1) com.aws.greengrass.lifecyclemanager.KernelLifecycle: context-shutdown-initiated. {}
2023-03-30T02:00:50.900Z [INFO] (Thread-1) com.aws.greengrass.lifecyclemanager.KernelLifecycle: context-shutdown-complete. {}
2023-03-30T02:01:11.553Z [INFO] (main) com.aws.greengrass.util.platforms.Platform: Getting platform instance com.aws.greengrass.util.platforms.unix.linux.LinuxPlatform.. {}
2023-03-30T02:01:11.666Z [INFO] (main) com.aws.greengrass.lifecyclemanager.Kernel: No ongoing deployment detected. Proceed as default. {}
2023-03-30T02:01:12.215Z [INFO] (main) com.aws.greengrass.config.Configuration: config-loading. Read configuration from a file path. {path=/test/greengrass/v2/config/config.tlog}
2023-03-30T02:01:12.705Z [INFO] (main) com.aws.greengrass.lifecyclemanager.Kernel: effective-config-dump-complete. {file=/test/greengrass/v2/config/effectiveConfig.yaml}
2023-03-30T02:01:13.337Z [INFO] (main) com.aws.greengrass.lifecyclemanager.KernelLifecycle: system-start. Launch Nucleus. {configPath=/test/greengrass/v2/config, rootPath=/test/greengrass/v2, version=2.9.4}
2023-03-30T02:01:13.899Z [INFO] (main) software.amazon.awssdk.eventstreamrpc.RpcServer: IpcServer started.... {}
2023-03-30T02:01:14.123Z [INFO] (main) com.aws.greengrass.security.SecurityService: Register crypto key service provider. {keyType=file}
2023-03-30T02:01:14.128Z [INFO] (main) com.aws.greengrass.security.SecurityService: Register crypto key service provider. {keyType=file}
2023-03-30T02:01:14.159Z [INFO] (main) com.aws.greengrass.mqttclient.spool.Spool: Spooler has been configured. {maxSizeInBytes=2621440, storageType=Memory, keepQos0WhenOffline=false}
2023-03-30T02:01:14.304Z [INFO] (main) com.aws.greengrass.lifecyclemanager.KernelLifecycle: serviceImplementors: {UpdateSystemPolicyService:class com.aws.greengrass.lifecyclemanager.UpdateSystemPolicyService...}. {}
2023-03-30T02:01:14.315Z [INFO] (main) com.aws.greengrass.lifecyclemanager.Kernel: Attempt to load service from plugins. {serviceName=FleetStatusService}
2023-03-30T02:01:14.424Z [INFO] (main) com.aws.greengrass.lifecyclemanager.Kernel: Attempt to load service from plugins. {serviceName=DeploymentService}
2023-03-30T02:01:14.624Z [INFO] (main) com.aws.greengrass.lifecyclemanager.Kernel: Attempt to load service from plugins. {serviceName=aws.greengrass.LocalHelloWorld}
2023-03-30T02:01:14.713Z [INFO] (main) com.aws.greengrass.lifecyclemanager.Kernel: Attempt to load service from plugins. {serviceName=TelemetryAgent}
2023-03-30T02:01:14.746Z [INFO] (pool-2-thread-3) com.aws.greengrass.mqttclient.AwsIotMqttClient: Connecting to AWS IoT Core. {clientId=IM30}
2023-03-30T02:01:15.005Z [INFO] (main) com.aws.greengrass.lifecyclemanager.Kernel: Attempt to load service from plugins. {serviceName=aws.greengrass.Nucleus}
2023-03-30T02:01:15.048Z [INFO] (main) com.aws.greengrass.lifecyclemanager.Kernel: Attempt to load service from plugins. {serviceName=UpdateSystemPolicyService}
2023-03-30T02:01:15.057Z [INFO] (main) com.aws.greengrass.lifecyclemanager.Kernel: Attempt to load service from plugins. {serviceName=main}
2023-03-30T02:01:15.245Z [INFO] (main) com.aws.greengrass.lifecyclemanager.Kernel: effective-config-dump-complete. {file=/test/greengrass/v2/config/effectiveConfig.yaml}
2023-03-30T02:01:15.247Z [INFO] (main) com.aws.greengrass.lifecyclemanager.KernelLifecycle: system-start. {main=services.main:NEW}
2023-03-30T02:01:15.280Z [INFO] (TelemetryAgent-lifecycle) com.aws.greengrass.telemetry.TelemetryAgent: service-set-state. {serviceName=TelemetryAgent, currentState=NEW, newState=INSTALLED}
2023-03-30T02:01:15.279Z [INFO] (FleetStatusService-lifecycle) com.aws.greengrass.status.FleetStatusService: service-set-state. {serviceName=FleetStatusService, currentState=NEW, newState=INSTALLED}
2023-03-30T02:01:15.282Z [INFO] (aws.greengrass.Nucleus-lifecycle) com.aws.greengrass.lifecyclemanager.GenericExternalService: service-set-state. {serviceName=aws.greengrass.Nucleus, currentState=NEW, newState=INSTALLED}
2023-03-30T02:01:15.283Z [INFO] (aws.greengrass.LocalHelloWorld-lifecycle) com.aws.greengrass.lifecyclemanager.GenericExternalService: service-set-state. {serviceName=aws.greengrass.LocalHelloWorld, currentState=NEW, newState=INSTALLED}
2023-03-30T02:01:15.286Z [INFO] (main-lifecycle) com.aws.greengrass.lifecyclemanager.GenericExternalService: service-set-state. {serviceName=main, currentState=NEW, newState=INSTALLED}
2023-03-30T02:01:15.289Z [INFO] (DeploymentService-lifecycle) com.aws.greengrass.deployment.DeploymentService: service-set-state. {serviceName=DeploymentService, currentState=NEW, newState=INSTALLED}
2023-03-30T02:01:15.293Z [INFO] (UpdateSystemPolicyService-lifecycle) com.aws.greengrass.lifecyclemanager.UpdateSystemPolicyService: service-set-state. {serviceName=UpdateSystemPolicyService, currentState=NEW, newState=INSTALLED}
2023-03-30T02:01:15.301Z [INFO] (aws.greengrass.Nucleus-lifecycle) com.aws.greengrass.lifecyclemanager.GenericExternalService: service-set-state. {serviceName=aws.greengrass.Nucleus, currentState=INSTALLED, newState=STARTING}
2023-03-30T02:01:15.304Z [INFO] (aws.greengrass.LocalHelloWorld-lifecycle) com.aws.greengrass.lifecyclemanager.GenericExternalService: service-set-state. {serviceName=aws.greengrass.LocalHelloWorld, currentState=INSTALLED, newState=STARTING}
2023-03-30T02:01:15.299Z [INFO] (TelemetryAgent-lifecycle) com.aws.greengrass.telemetry.TelemetryAgent: service-set-state. {serviceName=TelemetryAgent, currentState=INSTALLED, newState=STARTING}
2023-03-30T02:01:15.306Z [INFO] (FleetStatusService-lifecycle) com.aws.greengrass.status.FleetStatusService: service-set-state. {serviceName=FleetStatusService, currentState=INSTALLED, newState=STARTING}
2023-03-30T02:01:15.310Z [INFO] (UpdateSystemPolicyService-lifecycle) com.aws.greengrass.lifecyclemanager.UpdateSystemPolicyService: service-set-state. {serviceName=UpdateSystemPolicyService, currentState=INSTALLED, newState=STARTING}
2023-03-30T02:01:15.323Z [INFO] (DeploymentService-lifecycle) com.aws.greengrass.deployment.DeploymentService: service-set-state. {serviceName=DeploymentService, currentState=INSTALLED, newState=STARTING}
2023-03-30T02:01:15.327Z [INFO] (pool-2-thread-11) com.aws.greengrass.lifecyclemanager.GenericExternalService: generic-service-finished. Nothing done. {serviceName=aws.greengrass.Nucleus, currentState=STARTING}
2023-03-30T02:01:15.329Z [INFO] (aws.greengrass.Nucleus-lifecycle) com.aws.greengrass.lifecyclemanager.GenericExternalService: service-set-state. {serviceName=aws.greengrass.Nucleus, currentState=STARTING, newState=FINISHED}
2023-03-30T02:01:15.332Z [INFO] (aws.greengrass.Nucleus-lifecycle) com.aws.greengrass.lifecyclemanager.GenericExternalService: service-set-state. {serviceName=aws.greengrass.Nucleus, currentState=FINISHED, newState=STOPPING}
2023-03-30T02:01:15.334Z [INFO] (UpdateSystemPolicyService-lifecycle) com.aws.greengrass.lifecyclemanager.UpdateSystemPolicyService: service-set-state. {serviceName=UpdateSystemPolicyService, currentState=STARTING, newState=RUNNING}
2023-03-30T02:01:15.339Z [INFO] (FleetStatusService-lifecycle) com.aws.greengrass.status.FleetStatusService: service-set-state. {serviceName=FleetStatusService, currentState=STARTING, newState=RUNNING}
2023-03-30T02:01:15.338Z [INFO] (DeploymentService-lifecycle) com.aws.greengrass.deployment.DeploymentService: service-set-state. {serviceName=DeploymentService, currentState=STARTING, newState=RUNNING}
2023-03-30T02:01:15.351Z [INFO] (TelemetryAgent-lifecycle) com.aws.greengrass.telemetry.TelemetryAgent: service-set-state. {serviceName=TelemetryAgent, currentState=STARTING, newState=RUNNING}
2023-03-30T02:01:15.363Z [INFO] (pool-2-thread-15) com.aws.greengrass.lifecyclemanager.GenericExternalService: Shutdown initiated. {serviceName=aws.greengrass.Nucleus, currentState=STOPPING}
2023-03-30T02:01:15.367Z [INFO] (pool-2-thread-15) com.aws.greengrass.lifecyclemanager.GenericExternalService: generic-service-shutdown. {serviceName=aws.greengrass.Nucleus, currentState=STOPPING}
2023-03-30T02:01:15.369Z [INFO] (aws.greengrass.Nucleus-lifecycle) com.aws.greengrass.lifecyclemanager.GenericExternalService: service-set-state. {serviceName=aws.greengrass.Nucleus, currentState=STOPPING, newState=FINISHED}
2023-03-30T02:01:15.417Z [INFO] (main) com.aws.greengrass.status.FleetStatusService: fss-status-update-published. Status update published to FSS. {trigger=NUCLEUS_LAUNCH, serviceName=FleetStatusService, currentState=RUNNING}
2023-03-30T02:01:15.434Z [INFO] (aws.greengrass.LocalHelloWorld-lifecycle) com.aws.greengrass.lifecyclemanager.GenericExternalService: service-set-state. {serviceName=aws.greengrass.LocalHelloWorld, currentState=STARTING, newState=RUNNING}
2023-03-30T02:01:15.439Z [INFO] (main-lifecycle) com.aws.greengrass.lifecyclemanager.GenericExternalService: service-set-state. {serviceName=main, currentState=INSTALLED, newState=STARTING}
2023-03-30T02:01:15.443Z [INFO] (pool-2-thread-13) com.aws.greengrass.lifecyclemanager.GenericExternalService: generic-service-finished. Nothing done. {serviceName=main, currentState=STARTING}
2023-03-30T02:01:15.445Z [INFO] (main-lifecycle) com.aws.greengrass.lifecyclemanager.GenericExternalService: service-set-state. {serviceName=main, currentState=STARTING, newState=FINISHED}
2023-03-30T02:01:15.452Z [INFO] (main-lifecycle) com.aws.greengrass.lifecyclemanager.GenericExternalService: service-set-state. {serviceName=main, currentState=FINISHED, newState=STOPPING}
2023-03-30T02:01:15.459Z [INFO] (pool-2-thread-14) com.aws.greengrass.lifecyclemanager.GenericExternalService: Shutdown initiated. {serviceName=main, currentState=STOPPING}
2023-03-30T02:01:15.460Z [INFO] (pool-2-thread-14) com.aws.greengrass.lifecyclemanager.GenericExternalService: generic-service-shutdown. {serviceName=main, currentState=STOPPING}
2023-03-30T02:01:15.462Z [INFO] (main-lifecycle) com.aws.greengrass.lifecyclemanager.GenericExternalService: service-set-state. {serviceName=main, currentState=STOPPING, newState=FINISHED}
2023-03-30T02:01:15.701Z [INFO] (Copier) com.aws.greengrass.lifecyclemanager.GenericExternalService: Run script exited. {exitCode=0, serviceName=aws.greengrass.LocalHelloWorld, currentState=RUNNING}
2023-03-30T02:01:15.704Z [INFO] (Copier) com.aws.greengrass.lifecyclemanager.GenericExternalService: generic-service-stopping. Service finished running. {serviceName=aws.greengrass.LocalHelloWorld, currentState=RUNNING}
2023-03-30T02:01:15.707Z [INFO] (aws.greengrass.LocalHelloWorld-lifecycle) com.aws.greengrass.lifecyclemanager.GenericExternalService: service-set-state. {serviceName=aws.greengrass.LocalHelloWorld, currentState=RUNNING, newState=STOPPING}
2023-03-30T02:01:15.711Z [INFO] (pool-2-thread-14) com.aws.greengrass.lifecyclemanager.GenericExternalService: Shutdown initiated. {serviceName=aws.greengrass.LocalHelloWorld, currentState=STOPPING}
2023-03-30T02:01:15.712Z [INFO] (pool-2-thread-14) com.aws.greengrass.lifecyclemanager.GenericExternalService: generic-service-shutdown. {serviceName=aws.greengrass.LocalHelloWorld, currentState=STOPPING}
2023-03-30T02:01:15.714Z [INFO] (aws.greengrass.LocalHelloWorld-lifecycle) com.aws.greengrass.lifecyclemanager.GenericExternalService: service-set-state. {serviceName=aws.greengrass.LocalHelloWorld, currentState=STOPPING, newState=FINISHED}
2023-03-30T02:01:25.811Z [INFO] (Thread-4) com.aws.greengrass.mqttclient.AwsIotMqttClient: Connecting to AWS IoT Core. {clientId=IM30}
2023-03-30T02:01:25.814Z [INFO] (Thread-4) com.aws.greengrass.mqttclient.AwsIotMqttClient: Connection purposefully interrupted. {clientId=IM30}
2023-03-30T02:01:26.711Z [INFO] (Thread-4) com.aws.greengrass.mqttclient.AwsIotMqttClient: Successfully connected to AWS IoT Core. {clientId=IM30, sessionPresent=false}
2023-03-30T02:01:28.262Z [INFO] (Thread-4) com.aws.greengrass.deployment.IotJobsHelper: No deployment job found. {ThingName=IM30}
2023-03-30T02:01:28.644Z [INFO] (Thread-4) com.aws.greengrass.deployment.ShadowDeploymentListener: Deployment was canceled. Ignoring shadow update at startup. {CONFIGURATION_ARN=arn:aws:greengrass:us-west-2:116407744508:configuration:thing/IM30:135}
2023-03-30T02:01:58.075Z [INFO] (Thread-4) com.aws.greengrass.deployment.IotJobsHelper: Received new deployment notification. Requesting details. {ThingName=IM30}
2023-03-30T02:01:58.422Z [INFO] (Thread-4) com.aws.greengrass.deployment.IotJobsHelper: Received Iot job description. {Status=QUEUED, queueAt=Thu Mar 30 02:01:56 GMT 2023, ThingName=IM30, JobId=62dac2de-5515-47fa-8f03-55dad64c6d1f}
2023-03-30T02:01:58.456Z [INFO] (Thread-4) com.aws.greengrass.deployment.IotJobsHelper: Added the job to the queue. {ThingName=IM30, JobId=62dac2de-5515-47fa-8f03-55dad64c6d1f}
2023-03-30T02:02:00.339Z [INFO] (pool-2-thread-11) com.aws.greengrass.deployment.DeploymentService: Received deployment in the queue. {DeploymentId=62dac2de-5515-47fa-8f03-55dad64c6d1f, GreengrassDeploymentId=null, DeploymentType=IOT_JOBS, serviceName=DeploymentService, currentState=RUNNING}
2023-03-30T02:02:00.341Z [INFO] (pool-2-thread-11) com.aws.greengrass.deployment.DeploymentService: Received deployment document in queue. {document={"configurationValidationPolicy":{"timeout":60.0},"components":{"aws.greengrass.Nucleus":{"version":"2.9.4"},"com.aws.HelloWorld":{"version":"1.0.0-63ea438cc5fbbf1a023d"}},"componentUpdatePolicy":{"timeout":60.0,"action":"NOTIFY_COMPONENTS"},"schemaDate":"2021-05-17","deploymentId":"cd08a43f-4ffe-4849-aebb-de46d9fc5ee9","creationTimestamp":1.68014171561E12,"deploymentName":"idt-63ea438cc5fbbf1a023d-gg-deployment","failureHandlingPolicy":"ROLLBACK","configurationArn":"arn:aws:greengrass:us-west-2:116407744508:configuration:thinggroup/GreengrassQuickStartGroup_test:64","requiredCapabilities":[]}, serviceName=DeploymentService, currentState=RUNNING}
2023-03-30T02:02:00.503Z [INFO] (pool-2-thread-11) com.aws.greengrass.deployment.DeploymentStatusKeeper: Stored deployment status. {DeploymentId=62dac2de-5515-47fa-8f03-55dad64c6d1f, GreengrassDeploymentId=cd08a43f-4ffe-4849-aebb-de46d9fc5ee9, DeploymentStatus=IN_PROGRESS}
2023-03-30T02:02:00.510Z [INFO] (pool-2-thread-11) com.aws.greengrass.deployment.IotJobsHelper: Updating status of persisted deployment. {Status=IN_PROGRESS, StatusDetails={}, ThingName=IM30, JobId=62dac2de-5515-47fa-8f03-55dad64c6d1f}
2023-03-30T02:02:01.098Z [INFO] (Thread-4) com.aws.greengrass.deployment.IotJobsHelper: Job status update was accepted. {Status=IN_PROGRESS, ThingName=IM30, JobId=62dac2de-5515-47fa-8f03-55dad64c6d1f}
2023-03-30T02:02:01.486Z [INFO] (pool-2-thread-11) com.aws.greengrass.deployment.DeploymentDirectoryManager: Create work directory for new deployment. {deploymentId=cd08a43f-4ffe-4849-aebb-de46d9fc5ee9, link=/test/greengrass/v2/deployments/ongoing, directory=/test/greengrass/v2/deployments/cd08a43f-4ffe-4849-aebb-de46d9fc5ee9}
2023-03-30T02:02:01.491Z [INFO] (pool-2-thread-11) com.aws.greengrass.deployment.DeploymentDirectoryManager: Persist deployment metadata. {file=/test/greengrass/v2/deployments/cd08a43f-4ffe-4849-aebb-de46d9fc5ee9/deployment_metadata.json, deploymentId=cd08a43f-4ffe-4849-aebb-de46d9fc5ee9}
2023-03-30T02:02:01.624Z [INFO] (pool-2-thread-11) com.aws.greengrass.deployment.DeploymentService: Started deployment execution. {serviceName=DeploymentService, currentState=RUNNING, deployment=62dac2de-5515-47fa-8f03-55dad64c6d1f}
2023-03-30T02:02:01.625Z [INFO] (pool-2-thread-4) com.aws.greengrass.deployment.DeploymentService: deployment-task-execution. Starting deployment task. {Deployment service config={ComponentToGroups={aws.greengrass.LocalHelloWorld={90db6bbe-d050-4259-a51d-d5a91037bf81=LOCAL_DEPLOYMENT}}, dependencies=[], GroupToLastDeployment={LOCAL_DEPLOYMENT={configArn=null, timestamp=1680140030806}, thing/IM30={configArn=arn:aws:greengrass:us-west-2:116407744508:configuration:thing/IM30:135, timestamp=1680141322983}, thinggroup/GreengrassQuickStartGroup_test={configArn=arn:aws:greengrass:us-west-2:116407744508:configuration:thinggroup/GreengrassQuickStartGroup_test:63, timestamp=1680141350336}}, GroupToRootComponents={LOCAL_DEPLOYMENT={aws.greengrass.LocalHelloWorld={groupConfigArn=90db6bbe-d050-4259-a51d-d5a91037bf81, groupConfigName=LOCAL_DEPLOYMENT, version=1.0.0}}, thing/IM30={}, thinggroup/GreengrassQuickStartGroup_test={}}, runtime={ProcessedDeployments={}}, version=0.0.0}, deploymentId=cd08a43f-4ffe-4849-aebb-de46d9fc5ee9, serviceName=DeploymentService, currentState=RUNNING}
2023-03-30T02:02:07.173Z [INFO] (pool-2-thread-3) com.aws.greengrass.componentmanager.DependencyResolver: resolve-group-dependencies-start. Start to resolve group dependencies. {targetComponents=[aws.greengrass.Nucleus, com.aws.HelloWorld], componentToVersionRequirements={aws.greengrass.LocalHelloWorld={LOCAL_DEPLOYMENT==1.0.0}, aws.greengrass.Nucleus={thinggroup/GreengrassQuickStartGroup_test==2.9.4}, com.aws.HelloWorld={thinggroup/GreengrassQuickStartGroup_test==1.0.0-63ea438cc5fbbf1a023d}}}
2023-03-30T02:02:07.182Z [INFO] (pool-2-thread-3) com.aws.greengrass.componentmanager.ComponentManager: Found running component which meets the requirement and use it.. {ComponentIdentifier=aws.greengrass.Nucleus-v2.9.4}
2023-03-30T02:02:07.183Z [INFO] (pool-2-thread-3) com.aws.greengrass.componentmanager.ComponentManager: Found the best local candidate that satisfies the requirement.. {LocalCandidateId=aws.greengrass.Nucleus-v2.9.4}
2023-03-30T02:02:08.530Z [INFO] (pool-2-thread-3) com.aws.greengrass.componentmanager.ComponentManager: resolve-component-version-end. Resolved component version.. {ResolvedComponent=aws.greengrass.Nucleus-v2.9.4}
2023-03-30T02:02:08.586Z [INFO] (pool-2-thread-3) com.aws.greengrass.componentmanager.ComponentManager: No running component satisfies the requirement. Searching in the local component store.. {}
2023-03-30T02:02:08.590Z [INFO] (pool-2-thread-3) com.aws.greengrass.componentmanager.ComponentManager: Can't find a local candidate that satisfies the requirement.. {}
2023-03-30T02:02:09.521Z [INFO] (pool-2-thread-3) com.aws.greengrass.componentmanager.ComponentManager: resolve-component-version-end. Resolved component version.. {ResolvedComponent=com.aws.HelloWorld-v1.0.0-63ea438cc5fbbf1a023d}
2023-03-30T02:02:09.633Z [INFO] (pool-2-thread-3) com.aws.greengrass.componentmanager.DependencyResolver: resolve-group-dependencies-finish. Finish resolving group dependencies. {resolvedComponents={aws.greengrass.LocalHelloWorld=ComponentMetadata(componentIdentifier=aws.greengrass.LocalHelloWorld-v1.0.0, dependencies={}), aws.greengrass.Nucleus=ComponentMetadata(componentIdentifier=aws.greengrass.Nucleus-v2.9.4, dependencies={}), com.aws.HelloWorld=ComponentMetadata(componentIdentifier=com.aws.HelloWorld-v1.0.0-63ea438cc5fbbf1a023d, dependencies={})}, componentToVersionRequirements={aws.greengrass.LocalHelloWorld={LOCAL_DEPLOYMENT==1.0.0}, aws.greengrass.Nucleus={thinggroup/GreengrassQuickStartGroup_test==2.9.4}, com.aws.HelloWorld={thinggroup/GreengrassQuickStartGroup_test==1.0.0-63ea438cc5fbbf1a023d}}}
2023-03-30T02:02:09.708Z [INFO] (pool-2-thread-3) com.aws.greengrass.componentmanager.ComponentManager: prepare-package-start. {packageIdentifier=aws.greengrass.LocalHelloWorld-v1.0.0}
2023-03-30T02:02:09.718Z [INFO] (pool-2-thread-3) com.aws.greengrass.componentmanager.ComponentManager: prepare-package-start. {packageIdentifier=aws.greengrass.Nucleus-v2.9.4}
2023-03-30T02:02:09.960Z [INFO] (pool-2-thread-3) com.aws.greengrass.componentmanager.ComponentManager: prepare-package-start. {packageIdentifier=com.aws.HelloWorld-v1.0.0-63ea438cc5fbbf1a023d}
2023-03-30T02:02:11.954Z [INFO] (pool-2-thread-3) com.aws.greengrass.tes.CredentialRequestHandler: Received IAM credentials that will be cached until 2023-03-30T02:57:11Z. {iotCredentialsPath=/role-aliases/GreengrassV2TokenExchangeRoleAlias/credentials}
2023-03-30T02:02:26.431Z [INFO] (pool-2-thread-4) com.aws.greengrass.lifecyclemanager.Kernel: Attempt to load service from plugins. {serviceName=com.aws.HelloWorld}
2023-03-30T02:02:26.445Z [INFO] (pool-2-thread-4) com.aws.greengrass.lifecyclemanager.UpdateSystemPolicyService: register-service-update-action. {action=cd08a43f-4ffe-4849-aebb-de46d9fc5ee9, serviceName=UpdateSystemPolicyService, currentState=RUNNING}
2023-03-30T02:02:26.454Z [INFO] (pool-2-thread-3) com.aws.greengrass.lifecyclemanager.UpdateSystemPolicyService: service-update-start. {serviceName=UpdateSystemPolicyService, currentState=RUNNING}
2023-03-30T02:02:26.456Z [INFO] (pool-2-thread-3) com.aws.greengrass.lifecyclemanager.Kernel: Attempt to load service from plugins. {serviceName=com.aws.HelloWorld}
2023-03-30T02:02:26.460Z [INFO] (pool-2-thread-3) com.aws.greengrass.deployment.DeploymentConfigMerger: merge-config. Applying deployment changes, deployment cannot be cancelled now. {deployment=cd08a43f-4ffe-4849-aebb-de46d9fc5ee9}
2023-03-30T02:02:26.462Z [INFO] (pool-2-thread-3) com.aws.greengrass.deployment.DeploymentDirectoryManager: Persist configuration snapshot. {file=/test/greengrass/v2/deployments/cd08a43f-4ffe-4849-aebb-de46d9fc5ee9/rollback_snapshot.tlog}
2023-03-30T02:02:26.566Z [INFO] (Serialized listener processor) com.aws.greengrass.lifecyclemanager.Kernel: Attempt to load service from plugins. {serviceName=com.aws.HelloWorld}
2023-03-30T02:02:26.592Z [INFO] (main-lifecycle) com.aws.greengrass.lifecyclemanager.GenericExternalService: service-set-state. {serviceName=main, currentState=FINISHED, newState=INSTALLED}
2023-03-30T02:02:26.595Z [INFO] (Serialized listener processor) com.aws.greengrass.lifecyclemanager.GenericExternalService: service-config-change. Requesting restart for component. {configNode=services.main.lifecycle, serviceName=main, currentState=INSTALLED}
2023-03-30T02:02:26.650Z [INFO] (Serialized listener processor) com.aws.greengrass.lifecyclemanager.GenericExternalService: service-config-change. Requesting restart for component. {configNode=services.com.aws.HelloWorld.lifecycle.Run, serviceName=com.aws.HelloWorld, currentState=NEW}
2023-03-30T02:02:26.654Z [INFO] (Serialized listener processor) com.aws.greengrass.lifecyclemanager.GenericExternalService: service-config-change. Requesting restart for component. {configNode=services.com.aws.HelloWorld.lifecycle.Run, serviceName=com.aws.HelloWorld, currentState=NEW}
2023-03-30T02:02:26.676Z [INFO] (Serialized listener processor) com.aws.greengrass.lifecyclemanager.GenericExternalService: service-config-change. Requesting reinstallation for component. {configNode=services.com.aws.HelloWorld.version, serviceName=com.aws.HelloWorld, currentState=NEW}
2023-03-30T02:02:26.679Z [INFO] (Serialized listener processor) com.aws.greengrass.lifecyclemanager.GenericExternalService: service-config-change. Requesting reinstallation for component. {configNode=services.com.aws.HelloWorld.version, serviceName=com.aws.HelloWorld, currentState=NEW}
2023-03-30T02:02:26.691Z [INFO] (com.aws.HelloWorld-lifecycle) com.aws.greengrass.lifecyclemanager.GenericExternalService: service-set-state. {serviceName=com.aws.HelloWorld, currentState=NEW, newState=INSTALLED}
2023-03-30T02:02:26.695Z [INFO] (com.aws.HelloWorld-lifecycle) com.aws.greengrass.lifecyclemanager.GenericExternalService: service-set-state. {serviceName=com.aws.HelloWorld, currentState=INSTALLED, newState=STARTING}
2023-03-30T02:02:26.715Z [INFO] (com.aws.HelloWorld-lifecycle) com.aws.greengrass.lifecyclemanager.GenericExternalService: service-set-state. {serviceName=com.aws.HelloWorld, currentState=STARTING, newState=RUNNING}
2023-03-30T02:02:26.720Z [INFO] (main-lifecycle) com.aws.greengrass.lifecyclemanager.GenericExternalService: service-set-state. {serviceName=main, currentState=INSTALLED, newState=STARTING}
2023-03-30T02:02:26.724Z [INFO] (pool-2-thread-17) com.aws.greengrass.lifecyclemanager.GenericExternalService: generic-service-finished. Nothing done. {serviceName=main, currentState=STARTING}
2023-03-30T02:02:26.726Z [INFO] (main-lifecycle) com.aws.greengrass.lifecyclemanager.GenericExternalService: service-set-state. {serviceName=main, currentState=STARTING, newState=FINISHED}
2023-03-30T02:02:26.728Z [INFO] (main-lifecycle) com.aws.greengrass.lifecyclemanager.GenericExternalService: service-set-state. {serviceName=main, currentState=FINISHED, newState=STOPPING}
2023-03-30T02:02:26.730Z [INFO] (pool-2-thread-17) com.aws.greengrass.lifecyclemanager.GenericExternalService: Shutdown initiated. {serviceName=main, currentState=STOPPING}
2023-03-30T02:02:26.731Z [INFO] (pool-2-thread-17) com.aws.greengrass.lifecyclemanager.GenericExternalService: generic-service-shutdown. {serviceName=main, currentState=STOPPING}
2023-03-30T02:02:26.733Z [INFO] (main-lifecycle) com.aws.greengrass.lifecyclemanager.GenericExternalService: service-set-state. {serviceName=main, currentState=STOPPING, newState=FINISHED}
2023-03-30T02:02:26.942Z [INFO] (Copier) com.aws.greengrass.lifecyclemanager.GenericExternalService: Run script exited. {exitCode=0, serviceName=com.aws.HelloWorld, currentState=RUNNING}
2023-03-30T02:02:26.944Z [INFO] (Copier) com.aws.greengrass.lifecyclemanager.GenericExternalService: generic-service-stopping. Service finished running. {serviceName=com.aws.HelloWorld, currentState=RUNNING}
2023-03-30T02:02:26.946Z [INFO] (com.aws.HelloWorld-lifecycle) com.aws.greengrass.lifecyclemanager.GenericExternalService: service-set-state. {serviceName=com.aws.HelloWorld, currentState=RUNNING, newState=STOPPING}
2023-03-30T02:02:26.948Z [INFO] (pool-2-thread-17) com.aws.greengrass.lifecyclemanager.GenericExternalService: Shutdown initiated. {serviceName=com.aws.HelloWorld, currentState=STOPPING}
2023-03-30T02:02:26.949Z [INFO] (pool-2-thread-17) com.aws.greengrass.lifecyclemanager.GenericExternalService: generic-service-shutdown. {serviceName=com.aws.HelloWorld, currentState=STOPPING}
2023-03-30T02:02:26.951Z [INFO] (com.aws.HelloWorld-lifecycle) com.aws.greengrass.lifecyclemanager.GenericExternalService: service-set-state. {serviceName=com.aws.HelloWorld, currentState=STOPPING, newState=FINISHED}
2023-03-30T02:02:27.693Z [INFO] (pool-2-thread-3) com.aws.greengrass.deployment.DeploymentConfigMerger: merge-config. Removing services. {service-to-remove=[]}
2023-03-30T02:02:27.695Z [INFO] (pool-2-thread-3) com.aws.greengrass.deployment.activator.DeploymentActivator: merge-config. All services updated. {deploymentId=cd08a43f-4ffe-4849-aebb-de46d9fc5ee9}
2023-03-30T02:02:27.699Z [INFO] (pool-2-thread-4) com.aws.greengrass.deployment.DeploymentService: deployment-task-execution. Finished deployment task. {deploymentId=cd08a43f-4ffe-4849-aebb-de46d9fc5ee9, serviceName=DeploymentService, currentState=RUNNING}
2023-03-30T02:02:27.700Z [INFO] (pool-2-thread-3) com.aws.greengrass.lifecyclemanager.UpdateSystemPolicyService: service-update-finish. {serviceName=UpdateSystemPolicyService, currentState=RUNNING}
2023-03-30T02:02:31.628Z [INFO] (pool-2-thread-11) com.aws.greengrass.deployment.DeploymentService: Current deployment finished. {DeploymentId=62dac2de-5515-47fa-8f03-55dad64c6d1f, GreengrassDeploymentId=cd08a43f-4ffe-4849-aebb-de46d9fc5ee9, serviceName=DeploymentService, currentState=RUNNING}
2023-03-30T02:02:31.766Z [INFO] (pool-2-thread-11) com.aws.greengrass.deployment.DeploymentStatusKeeper: Stored deployment status. {DeploymentId=62dac2de-5515-47fa-8f03-55dad64c6d1f, GreengrassDeploymentId=cd08a43f-4ffe-4849-aebb-de46d9fc5ee9, DeploymentStatus=SUCCEEDED}
2023-03-30T02:02:31.768Z [INFO] (pool-2-thread-11) com.aws.greengrass.deployment.IotJobsHelper: Updating status of persisted deployment. {Status=SUCCEEDED, StatusDetails={detailed-deployment-status=SUCCESSFUL}, ThingName=IM30, JobId=62dac2de-5515-47fa-8f03-55dad64c6d1f}
2023-03-30T02:02:32.345Z [INFO] (Thread-4) com.aws.greengrass.deployment.IotJobsHelper: Job status update was accepted. {Status=SUCCEEDED, ThingName=IM30, JobId=62dac2de-5515-47fa-8f03-55dad64c6d1f}
2023-03-30T02:02:32.771Z [INFO] (pool-2-thread-11) com.aws.greengrass.status.FleetStatusService: fss-status-update-published. Status update published to FSS. {trigger=THING_GROUP_DEPLOYMENT, serviceName=FleetStatusService, currentState=RUNNING}
2023-03-30T02:02:32.774Z [INFO] (pool-2-thread-11) com.aws.greengrass.deployment.DeploymentDirectoryManager: Persist link to last deployment. {link=/test/greengrass/v2/deployments/previous-success}
2023-03-30T02:02:32.776Z [INFO] (pool-2-thread-11) com.aws.greengrass.deployment.DeploymentDirectoryManager: Clean up link to earlier deployment. {link=/test/greengrass/v2/deployments/previous-success}
2023-03-30T02:02:33.138Z [INFO] (Thread-4) com.aws.greengrass.deployment.IotJobsHelper: Received empty jobs in notification . {ThingName=IM30}
2023-03-30T02:16:57.274Z [INFO] (Thread-4) com.aws.greengrass.deployment.ShadowDeploymentListener: Added shadow deployment job. {ID=arn:aws:greengrass:us-west-2:116407744508:configuration:thing/IM30:136}
2023-03-30T02:17:02.800Z [INFO] (pool-2-thread-11) com.aws.greengrass.deployment.DeploymentService: Received deployment in the queue. {DeploymentId=arn:aws:greengrass:us-west-2:116407744508:configuration:thing/IM30:136, GreengrassDeploymentId=null, DeploymentType=SHADOW, serviceName=DeploymentService, currentState=RUNNING}
2023-03-30T02:17:02.802Z [INFO] (pool-2-thread-11) com.aws.greengrass.deployment.DeploymentService: Received deployment document in queue. {document={"deploymentId":"fc3d3fa0-3cd6-409d-a59c-4edf612be9c0","schemaDate":"2021-05-17","deploymentName":"EmptyDeployment","configurationArn":"arn:aws:greengrass:us-west-2:116407744508:configuration:thing/IM30:136","creationTimestamp":1680142617049,"components":{},"failureHandlingPolicy":"ROLLBACK","requiredCapabilities":[],"componentUpdatePolicy":{"timeout":60,"action":"NOTIFY_COMPONENTS"},"configurationValidationPolicy":{"timeout":60}}, serviceName=DeploymentService, currentState=RUNNING}
2023-03-30T02:17:02.850Z [INFO] (pool-2-thread-11) com.aws.greengrass.deployment.DeploymentStatusKeeper: Stored deployment status. {DeploymentId=arn:aws:greengrass:us-west-2:116407744508:configuration:thing/IM30:136, GreengrassDeploymentId=fc3d3fa0-3cd6-409d-a59c-4edf612be9c0, DeploymentStatus=IN_PROGRESS}
2023-03-30T02:17:02.864Z [INFO] (pool-2-thread-11) com.aws.greengrass.deployment.ShadowDeploymentListener: Updated reported state for deployment. {CONFIGURATION_ARN=arn:aws:greengrass:us-west-2:116407744508:configuration:thing/IM30:136, status=IN_PROGRESS}
2023-03-30T02:17:02.867Z [INFO] (pool-2-thread-11) com.aws.greengrass.deployment.DeploymentDirectoryManager: Create work directory for new deployment. {deploymentId=fc3d3fa0-3cd6-409d-a59c-4edf612be9c0, link=/test/greengrass/v2/deployments/ongoing, directory=/test/greengrass/v2/deployments/fc3d3fa0-3cd6-409d-a59c-4edf612be9c0}
2023-03-30T02:17:02.870Z [INFO] (pool-2-thread-11) com.aws.greengrass.deployment.DeploymentDirectoryManager: Persist deployment metadata. {file=/test/greengrass/v2/deployments/fc3d3fa0-3cd6-409d-a59c-4edf612be9c0/deployment_metadata.json, deploymentId=fc3d3fa0-3cd6-409d-a59c-4edf612be9c0}
2023-03-30T02:17:02.883Z [INFO] (pool-2-thread-11) com.aws.greengrass.deployment.DeploymentService: Started deployment execution. {serviceName=DeploymentService, currentState=RUNNING, deployment=arn:aws:greengrass:us-west-2:116407744508:configuration:thing/IM30:136}
2023-03-30T02:17:02.884Z [INFO] (pool-2-thread-19) com.aws.greengrass.deployment.DeploymentService: deployment-task-execution. Starting deployment task. {Deployment service config={ComponentToGroups={aws.greengrass.LocalHelloWorld={90db6bbe-d050-4259-a51d-d5a91037bf81=LOCAL_DEPLOYMENT}, aws.greengrass.Nucleus={arn:aws:greengrass:us-west-2:116407744508:configuration:thinggroup/GreengrassQuickStartGroup_test:64=thinggroup/GreengrassQuickStartGroup_test}, com.aws.HelloWorld={arn:aws:greengrass:us-west-2:116407744508:configuration:thinggroup/GreengrassQuickStartGroup_test:64=thinggroup/GreengrassQuickStartGroup_test}}, dependencies=[], GroupToLastDeployment={LOCAL_DEPLOYMENT={configArn=null, timestamp=1680140030806}, thing/IM30={configArn=arn:aws:greengrass:us-west-2:116407744508:configuration:thing/IM30:135, timestamp=1680141322983}, thinggroup/GreengrassQuickStartGroup_test={configArn=arn:aws:greengrass:us-west-2:116407744508:configuration:thinggroup/GreengrassQuickStartGroup_test:64, timestamp=1680141715610}}, GroupToRootComponents={LOCAL_DEPLOYMENT={aws.greengrass.LocalHelloWorld={groupConfigArn=90db6bbe-d050-4259-a51d-d5a91037bf81, groupConfigName=LOCAL_DEPLOYMENT, version=1.0.0}}, thing/IM30={}, thinggroup/GreengrassQuickStartGroup_test={aws.greengrass.Nucleus={groupConfigArn=arn:aws:greengrass:us-west-2:116407744508:configuration:thinggroup/GreengrassQuickStartGroup_test:64, groupConfigName=thinggroup/GreengrassQuickStartGroup_test, version=2.9.4}, com.aws.HelloWorld={groupConfigArn=arn:aws:greengrass:us-west-2:116407744508:configuration:thinggroup/GreengrassQuickStartGroup_test:64, groupConfigName=thinggroup/GreengrassQuickStartGroup_test, version=1.0.0-63ea438cc5fbbf1a023d}}}, runtime={ProcessedDeployments={}}, version=0.0.0}, deploymentId=fc3d3fa0-3cd6-409d-a59c-4edf612be9c0, serviceName=DeploymentService, currentState=RUNNING}
2023-03-30T02:17:03.798Z [INFO] (pool-2-thread-20) com.aws.greengrass.componentmanager.DependencyResolver: resolve-group-dependencies-start. Start to resolve group dependencies. {targetComponents=[], componentToVersionRequirements={aws.greengrass.LocalHelloWorld={LOCAL_DEPLOYMENT==1.0.0}, com.aws.HelloWorld={thinggroup/GreengrassQuickStartGroup_test==1.0.0-63ea438cc5fbbf1a023d}, aws.greengrass.Nucleus={thinggroup/GreengrassQuickStartGroup_test==2.9.4}}}
2023-03-30T02:17:03.831Z [INFO] (pool-2-thread-20) com.aws.greengrass.componentmanager.DependencyResolver: resolve-group-dependencies-finish. Finish resolving group dependencies. {resolvedComponents={aws.greengrass.LocalHelloWorld=ComponentMetadata(componentIdentifier=aws.greengrass.LocalHelloWorld-v1.0.0, dependencies={}), com.aws.HelloWorld=ComponentMetadata(componentIdentifier=com.aws.HelloWorld-v1.0.0-63ea438cc5fbbf1a023d, dependencies={}), aws.greengrass.Nucleus=ComponentMetadata(componentIdentifier=aws.greengrass.Nucleus-v2.9.4, dependencies={})}, componentToVersionRequirements={aws.greengrass.LocalHelloWorld={LOCAL_DEPLOYMENT==1.0.0}, com.aws.HelloWorld={thinggroup/GreengrassQuickStartGroup_test==1.0.0-63ea438cc5fbbf1a023d}, aws.greengrass.Nucleus={thinggroup/GreengrassQuickStartGroup_test==2.9.4}}}
2023-03-30T02:17:03.858Z [INFO] (pool-2-thread-20) com.aws.greengrass.componentmanager.ComponentManager: prepare-package-start. {packageIdentifier=aws.greengrass.LocalHelloWorld-v1.0.0}
2023-03-30T02:17:03.864Z [INFO] (pool-2-thread-20) com.aws.greengrass.componentmanager.ComponentManager: prepare-package-start. {packageIdentifier=com.aws.HelloWorld-v1.0.0-63ea438cc5fbbf1a023d}
2023-03-30T02:17:03.903Z [INFO] (pool-2-thread-20) com.aws.greengrass.componentmanager.ComponentManager: prepare-package-start. {packageIdentifier=aws.greengrass.Nucleus-v2.9.4}
2023-03-30T02:17:04.102Z [INFO] (pool-2-thread-19) com.aws.greengrass.lifecyclemanager.UpdateSystemPolicyService: register-service-update-action. {action=fc3d3fa0-3cd6-409d-a59c-4edf612be9c0, serviceName=UpdateSystemPolicyService, currentState=RUNNING}
2023-03-30T02:17:04.104Z [INFO] (pool-2-thread-20) com.aws.greengrass.lifecyclemanager.UpdateSystemPolicyService: service-update-start. {serviceName=UpdateSystemPolicyService, currentState=RUNNING}
2023-03-30T02:17:04.106Z [INFO] (pool-2-thread-20) com.aws.greengrass.deployment.DeploymentConfigMerger: merge-config. Applying deployment changes, deployment cannot be cancelled now. {deployment=fc3d3fa0-3cd6-409d-a59c-4edf612be9c0}
2023-03-30T02:17:04.107Z [INFO] (pool-2-thread-20) com.aws.greengrass.deployment.DeploymentDirectoryManager: Persist configuration snapshot. {file=/test/greengrass/v2/deployments/fc3d3fa0-3cd6-409d-a59c-4edf612be9c0/rollback_snapshot.tlog}
2023-03-30T02:17:04.235Z [INFO] (pool-2-thread-20) com.aws.greengrass.deployment.DeploymentConfigMerger: merge-config. Removing services. {service-to-remove=[]}
2023-03-30T02:17:04.235Z [INFO] (pool-2-thread-20) com.aws.greengrass.deployment.activator.DeploymentActivator: merge-config. All services updated. {deploymentId=fc3d3fa0-3cd6-409d-a59c-4edf612be9c0}
2023-03-30T02:17:04.236Z [INFO] (pool-2-thread-20) com.aws.greengrass.lifecyclemanager.UpdateSystemPolicyService: service-update-finish. {serviceName=UpdateSystemPolicyService, currentState=RUNNING}
2023-03-30T02:17:04.236Z [INFO] (pool-2-thread-19) com.aws.greengrass.deployment.DeploymentService: deployment-task-execution. Finished deployment task. {deploymentId=fc3d3fa0-3cd6-409d-a59c-4edf612be9c0, serviceName=DeploymentService, currentState=RUNNING}
2023-03-30T02:17:17.885Z [INFO] (pool-2-thread-11) com.aws.greengrass.deployment.DeploymentService: Current deployment finished. {DeploymentId=arn:aws:greengrass:us-west-2:116407744508:configuration:thing/IM30:136, GreengrassDeploymentId=fc3d3fa0-3cd6-409d-a59c-4edf612be9c0, serviceName=DeploymentService, currentState=RUNNING}
2023-03-30T02:17:17.972Z [INFO] (pool-2-thread-11) com.aws.greengrass.deployment.DeploymentStatusKeeper: Stored deployment status. {DeploymentId=arn:aws:greengrass:us-west-2:116407744508:configuration:thing/IM30:136, GreengrassDeploymentId=fc3d3fa0-3cd6-409d-a59c-4edf612be9c0, DeploymentStatus=SUCCEEDED}
2023-03-30T02:17:17.977Z [INFO] (pool-2-thread-11) com.aws.greengrass.deployment.ShadowDeploymentListener: Updated reported state for deployment. {CONFIGURATION_ARN=arn:aws:greengrass:us-west-2:116407744508:configuration:thing/IM30:136, status=SUCCEEDED}
2023-03-30T02:17:17.987Z [INFO] (pool-2-thread-11) com.aws.greengrass.status.FleetStatusService: fss-status-update-published. Status update published to FSS. {trigger=THING_DEPLOYMENT, serviceName=FleetStatusService, currentState=RUNNING}
2023-03-30T02:17:17.988Z [INFO] (pool-2-thread-11) com.aws.greengrass.deployment.DeploymentDirectoryManager: Persist link to last deployment. {link=/test/greengrass/v2/deployments/previous-success}
2023-03-30T02:17:17.990Z [INFO] (pool-2-thread-11) com.aws.greengrass.deployment.DeploymentDirectoryManager: Clean up link to earlier deployment. {link=/test/greengrass/v2/deployments/previous-success}
2023-03-30T02:17:20.264Z [INFO] (Thread-4) com.aws.greengrass.deployment.IotJobsHelper: Received new deployment notification. Requesting details. {ThingName=IM30}
2023-03-30T02:17:20.599Z [INFO] (Thread-4) com.aws.greengrass.deployment.IotJobsHelper: Received Iot job description. {Status=QUEUED, queueAt=Thu Mar 30 02:17:19 GMT 2023, ThingName=IM30, JobId=bd7dbcd8-668f-4780-a56b-46f684dcd311}
2023-03-30T02:17:20.602Z [INFO] (Thread-4) com.aws.greengrass.deployment.IotJobsHelper: Added the job to the queue. {ThingName=IM30, JobId=bd7dbcd8-668f-4780-a56b-46f684dcd311}
2023-03-30T02:17:32.995Z [INFO] (pool-2-thread-11) com.aws.greengrass.deployment.DeploymentService: Received deployment in the queue. {DeploymentId=bd7dbcd8-668f-4780-a56b-46f684dcd311, GreengrassDeploymentId=null, DeploymentType=IOT_JOBS, serviceName=DeploymentService, currentState=RUNNING}
2023-03-30T02:17:32.996Z [INFO] (pool-2-thread-11) com.aws.greengrass.deployment.DeploymentService: Received deployment document in queue. {document={"configurationValidationPolicy":{"timeout":60.0},"components":{},"componentUpdatePolicy":{"timeout":60.0,"action":"NOTIFY_COMPONENTS"},"schemaDate":"2021-05-17","deploymentId":"59fd822b-5265-46a6-a336-f832fcf72a6b","creationTimestamp":1.680142638571E12,"deploymentName":"EmptyDeployment","failureHandlingPolicy":"ROLLBACK","configurationArn":"arn:aws:greengrass:us-west-2:116407744508:configuration:thinggroup/GreengrassQuickStartGroup_test:65","requiredCapabilities":[]}, serviceName=DeploymentService, currentState=RUNNING}
2023-03-30T02:17:33.047Z [INFO] (pool-2-thread-11) com.aws.greengrass.deployment.DeploymentStatusKeeper: Stored deployment status. {DeploymentId=bd7dbcd8-668f-4780-a56b-46f684dcd311, GreengrassDeploymentId=59fd822b-5265-46a6-a336-f832fcf72a6b, DeploymentStatus=IN_PROGRESS}
2023-03-30T02:17:33.050Z [INFO] (pool-2-thread-11) com.aws.greengrass.deployment.IotJobsHelper: Updating status of persisted deployment. {Status=IN_PROGRESS, StatusDetails={}, ThingName=IM30, JobId=bd7dbcd8-668f-4780-a56b-46f684dcd311}
2023-03-30T02:17:33.614Z [INFO] (Thread-4) com.aws.greengrass.deployment.IotJobsHelper: Job status update was accepted. {Status=IN_PROGRESS, ThingName=IM30, JobId=bd7dbcd8-668f-4780-a56b-46f684dcd311}
2023-03-30T02:17:33.982Z [INFO] (pool-2-thread-11) com.aws.greengrass.deployment.DeploymentDirectoryManager: Create work directory for new deployment. {deploymentId=59fd822b-5265-46a6-a336-f832fcf72a6b, link=/test/greengrass/v2/deployments/ongoing, directory=/test/greengrass/v2/deployments/59fd822b-5265-46a6-a336-f832fcf72a6b}
2023-03-30T02:17:33.984Z [INFO] (pool-2-thread-11) com.aws.greengrass.deployment.DeploymentDirectoryManager: Persist deployment metadata. {file=/test/greengrass/v2/deployments/59fd822b-5265-46a6-a336-f832fcf72a6b/deployment_metadata.json, deploymentId=59fd822b-5265-46a6-a336-f832fcf72a6b}
2023-03-30T02:17:33.995Z [INFO] (pool-2-thread-11) com.aws.greengrass.deployment.DeploymentService: Started deployment execution. {serviceName=DeploymentService, currentState=RUNNING, deployment=bd7dbcd8-668f-4780-a56b-46f684dcd311}
2023-03-30T02:17:33.995Z [INFO] (pool-2-thread-19) com.aws.greengrass.deployment.DeploymentService: deployment-task-execution. Starting deployment task. {Deployment service config={ComponentToGroups={aws.greengrass.LocalHelloWorld={90db6bbe-d050-4259-a51d-d5a91037bf81=LOCAL_DEPLOYMENT}, aws.greengrass.Nucleus={arn:aws:greengrass:us-west-2:116407744508:configuration:thinggroup/GreengrassQuickStartGroup_test:64=thinggroup/GreengrassQuickStartGroup_test}, com.aws.HelloWorld={arn:aws:greengrass:us-west-2:116407744508:configuration:thinggroup/GreengrassQuickStartGroup_test:64=thinggroup/GreengrassQuickStartGroup_test}}, dependencies=[], GroupToLastDeployment={LOCAL_DEPLOYMENT={configArn=null, timestamp=1680140030806}, thing/IM30={configArn=arn:aws:greengrass:us-west-2:116407744508:configuration:thing/IM30:136, timestamp=1680142617049}, thinggroup/GreengrassQuickStartGroup_test={configArn=arn:aws:greengrass:us-west-2:116407744508:configuration:thinggroup/GreengrassQuickStartGroup_test:64, timestamp=1680141715610}}, GroupToRootComponents={LOCAL_DEPLOYMENT={aws.greengrass.LocalHelloWorld={groupConfigArn=90db6bbe-d050-4259-a51d-d5a91037bf81, groupConfigName=LOCAL_DEPLOYMENT, version=1.0.0}}, thing/IM30={}, thinggroup/GreengrassQuickStartGroup_test={aws.greengrass.Nucleus={groupConfigArn=arn:aws:greengrass:us-west-2:116407744508:configuration:thinggroup/GreengrassQuickStartGroup_test:64, groupConfigName=thinggroup/GreengrassQuickStartGroup_test, version=2.9.4}, com.aws.HelloWorld={groupConfigArn=arn:aws:greengrass:us-west-2:116407744508:configuration:thinggroup/GreengrassQuickStartGroup_test:64, groupConfigName=thinggroup/GreengrassQuickStartGroup_test, version=1.0.0-63ea438cc5fbbf1a023d}}}, runtime={ProcessedDeployments={}}, version=0.0.0}, deploymentId=59fd822b-5265-46a6-a336-f832fcf72a6b, serviceName=DeploymentService, currentState=RUNNING}
2023-03-30T02:17:34.847Z [INFO] (pool-2-thread-20) com.aws.greengrass.componentmanager.DependencyResolver: resolve-group-dependencies-start. Start to resolve group dependencies. {targetComponents=[], componentToVersionRequirements={aws.greengrass.LocalHelloWorld={LOCAL_DEPLOYMENT==1.0.0}}}
2023-03-30T02:17:34.853Z [INFO] (pool-2-thread-20) com.aws.greengrass.componentmanager.DependencyResolver: resolve-group-dependencies-finish. Finish resolving group dependencies. {resolvedComponents={aws.greengrass.LocalHelloWorld=ComponentMetadata(componentIdentifier=aws.greengrass.LocalHelloWorld-v1.0.0, dependencies={})}, componentToVersionRequirements={aws.greengrass.LocalHelloWorld={LOCAL_DEPLOYMENT==1.0.0}}}
2023-03-30T02:17:34.860Z [INFO] (pool-2-thread-20) com.aws.greengrass.componentmanager.ComponentManager: prepare-package-start. {packageIdentifier=aws.greengrass.LocalHelloWorld-v1.0.0}
2023-03-30T02:17:34.885Z [INFO] (pool-2-thread-19) com.aws.greengrass.lifecyclemanager.UpdateSystemPolicyService: register-service-update-action. {action=59fd822b-5265-46a6-a336-f832fcf72a6b, serviceName=UpdateSystemPolicyService, currentState=RUNNING}
2023-03-30T02:17:34.887Z [INFO] (pool-2-thread-20) com.aws.greengrass.lifecyclemanager.UpdateSystemPolicyService: service-update-start. {serviceName=UpdateSystemPolicyService, currentState=RUNNING}
2023-03-30T02:17:34.889Z [INFO] (pool-2-thread-20) com.aws.greengrass.deployment.DeploymentConfigMerger: merge-config. Applying deployment changes, deployment cannot be cancelled now. {deployment=59fd822b-5265-46a6-a336-f832fcf72a6b}
2023-03-30T02:17:34.891Z [INFO] (pool-2-thread-20) com.aws.greengrass.deployment.DeploymentDirectoryManager: Persist configuration snapshot. {file=/test/greengrass/v2/deployments/59fd822b-5265-46a6-a336-f832fcf72a6b/rollback_snapshot.tlog}
2023-03-30T02:17:35.009Z [INFO] (pool-2-thread-20) com.aws.greengrass.deployment.DeploymentConfigMerger: merge-config. Removing services. {service-to-remove=[com.aws.HelloWorld]}
2023-03-30T02:17:35.022Z [INFO] (pool-2-thread-21) com.aws.greengrass.lifecyclemanager.GenericExternalService: service-close. Service is now closing. {serviceName=com.aws.HelloWorld, currentState=FINISHED}
2023-03-30T02:17:35.031Z [WARN] (pool-2-thread-20) com.aws.greengrass.deployment.DeploymentConfigMerger: Service topics node doesn't exist.. {serviceName=com.aws.HelloWorld}
2023-03-30T02:17:35.032Z [INFO] (pool-2-thread-20) com.aws.greengrass.deployment.activator.DeploymentActivator: merge-config. All services updated. {deploymentId=59fd822b-5265-46a6-a336-f832fcf72a6b}
2023-03-30T02:17:35.032Z [INFO] (pool-2-thread-20) com.aws.greengrass.lifecyclemanager.UpdateSystemPolicyService: service-update-finish. {serviceName=UpdateSystemPolicyService, currentState=RUNNING}
2023-03-30T02:17:35.033Z [INFO] (pool-2-thread-19) com.aws.greengrass.deployment.DeploymentService: deployment-task-execution. Finished deployment task. {deploymentId=59fd822b-5265-46a6-a336-f832fcf72a6b, serviceName=DeploymentService, currentState=RUNNING}
2023-03-30T02:17:35.059Z [INFO] (pool-2-thread-19) com.aws.greengrass.componentmanager.ComponentStore: delete-component-finish. {componentIdentifier=com.aws.HelloWorld-v1.0.0-63ea438cc5fbbf1a023d}
2023-03-30T02:17:48.996Z [INFO] (pool-2-thread-11) com.aws.greengrass.deployment.DeploymentService: Current deployment finished. {DeploymentId=bd7dbcd8-668f-4780-a56b-46f684dcd311, GreengrassDeploymentId=59fd822b-5265-46a6-a336-f832fcf72a6b, serviceName=DeploymentService, currentState=RUNNING}
2023-03-30T02:17:49.084Z [INFO] (pool-2-thread-11) com.aws.greengrass.deployment.DeploymentStatusKeeper: Stored deployment status. {DeploymentId=bd7dbcd8-668f-4780-a56b-46f684dcd311, GreengrassDeploymentId=59fd822b-5265-46a6-a336-f832fcf72a6b, DeploymentStatus=SUCCEEDED}
2023-03-30T02:17:49.086Z [INFO] (pool-2-thread-11) com.aws.greengrass.deployment.IotJobsHelper: Updating status of persisted deployment. {Status=SUCCEEDED, StatusDetails={detailed-deployment-status=SUCCESSFUL}, ThingName=IM30, JobId=bd7dbcd8-668f-4780-a56b-46f684dcd311}
2023-03-30T02:17:49.677Z [INFO] (Thread-4) com.aws.greengrass.deployment.IotJobsHelper: Job status update was accepted. {Status=SUCCEEDED, ThingName=IM30, JobId=bd7dbcd8-668f-4780-a56b-46f684dcd311}
2023-03-30T02:17:50.047Z [INFO] (pool-2-thread-11) com.aws.greengrass.lifecyclemanager.Kernel: Attempt to load service from plugins. {serviceName=com.aws.HelloWorld}
2023-03-30T02:17:50.054Z [INFO] (pool-2-thread-11) com.aws.greengrass.status.FleetStatusService: fss-status-update-published. Status update published to FSS. {trigger=THING_GROUP_DEPLOYMENT, serviceName=FleetStatusService, currentState=RUNNING}
2023-03-30T02:17:50.055Z [INFO] (pool-2-thread-11) com.aws.greengrass.deployment.DeploymentDirectoryManager: Persist link to last deployment. {link=/test/greengrass/v2/deployments/previous-success}
2023-03-30T02:17:50.056Z [INFO] (pool-2-thread-11) com.aws.greengrass.deployment.DeploymentDirectoryManager: Clean up link to earlier deployment. {link=/test/greengrass/v2/deployments/previous-success}
2023-03-30T02:17:50.475Z [INFO] (Thread-4) com.aws.greengrass.deployment.IotJobsHelper: Received empty jobs in notification . {ThingName=IM30}
2023-03-30T02:22:19.201Z [WARN] (Thread-1) com.aws.greengrass.lifecyclemanager.Kernel: Shutting down Nucleus due to external signal. {}
2023-03-30T02:22:19.203Z [INFO] (Thread-1) com.aws.greengrass.lifecyclemanager.KernelLifecycle: system-shutdown. {main=services.main:FINISHED}
2023-03-30T02:22:19.205Z [INFO] (pool-2-thread-22) com.aws.greengrass.lifecyclemanager.GenericExternalService: service-close. Service is now closing. {serviceName=main, currentState=FINISHED}
2023-03-30T02:22:19.207Z [INFO] (pool-2-thread-22) com.aws.greengrass.deployment.DeploymentService: service-close. Service is now closing. {serviceName=DeploymentService, currentState=RUNNING}
2023-03-30T02:22:19.207Z [INFO] (pool-2-thread-9) com.aws.greengrass.lifecyclemanager.GenericExternalService: service-close. Service is now closing. {serviceName=aws.greengrass.LocalHelloWorld, currentState=FINISHED}
2023-03-30T02:22:19.208Z [INFO] (pool-2-thread-24) com.aws.greengrass.lifecyclemanager.GenericExternalService: service-close. Service is now closing. {serviceName=aws.greengrass.Nucleus, currentState=FINISHED}
2023-03-30T02:22:19.207Z [INFO] (pool-2-thread-23) com.aws.greengrass.lifecyclemanager.UpdateSystemPolicyService: service-close. Service is now closing. {serviceName=UpdateSystemPolicyService, currentState=RUNNING}
2023-03-30T02:22:19.211Z [INFO] (UpdateSystemPolicyService-lifecycle) com.aws.greengrass.lifecyclemanager.UpdateSystemPolicyService: service-set-state. {serviceName=UpdateSystemPolicyService, currentState=RUNNING, newState=STOPPING}
2023-03-30T02:22:19.211Z [INFO] (pool-2-thread-8) com.aws.greengrass.telemetry.TelemetryAgent: service-close. Service is now closing. {serviceName=TelemetryAgent, currentState=RUNNING}
2023-03-30T02:22:19.213Z [INFO] (DeploymentService-lifecycle) com.aws.greengrass.deployment.DeploymentService: service-set-state. {serviceName=DeploymentService, currentState=RUNNING, newState=STOPPING}
2023-03-30T02:22:19.213Z [INFO] (Thread-1) com.aws.greengrass.lifecyclemanager.KernelLifecycle: Waiting for services to shutdown. {}
2023-03-30T02:22:19.214Z [INFO] (TelemetryAgent-lifecycle) com.aws.greengrass.telemetry.TelemetryAgent: service-set-state. {serviceName=TelemetryAgent, currentState=RUNNING, newState=STOPPING}
2023-03-30T02:22:19.211Z [INFO] (pool-2-thread-25) com.aws.greengrass.status.FleetStatusService: service-close. Service is now closing. {serviceName=FleetStatusService, currentState=RUNNING}
2023-03-30T02:22:19.215Z [INFO] (UpdateSystemPolicyService-lifecycle) com.aws.greengrass.lifecyclemanager.UpdateSystemPolicyService: Stopping backingTask start. {serviceName=UpdateSystemPolicyService, currentState=STOPPING}
2023-03-30T02:22:19.215Z [INFO] (DeploymentService-lifecycle) com.aws.greengrass.deployment.DeploymentService: Stopping backingTask start. {serviceName=DeploymentService, currentState=STOPPING}
2023-03-30T02:22:19.215Z [INFO] (pool-2-thread-9) com.aws.greengrass.telemetry.TelemetryAgent: Cancelling all telemetry scheduled tasks.. {serviceName=TelemetryAgent, currentState=STOPPING}
2023-03-30T02:22:19.216Z [INFO] (DeploymentService-lifecycle) com.aws.greengrass.deployment.DeploymentService: service-set-state. {serviceName=DeploymentService, currentState=STOPPING, newState=FINISHED}
2023-03-30T02:22:19.216Z [WARN] (pool-2-thread-12) com.aws.greengrass.lifecyclemanager.UpdateSystemPolicyService: service-run-interrupted. Service interrupted while running startup. {serviceName=UpdateSystemPolicyService, currentState=STOPPING}
2023-03-30T02:22:19.217Z [INFO] (TelemetryAgent-lifecycle) com.aws.greengrass.telemetry.TelemetryAgent: service-set-state. {serviceName=TelemetryAgent, currentState=STOPPING, newState=FINISHED}
2023-03-30T02:22:19.217Z [INFO] (UpdateSystemPolicyService-lifecycle) com.aws.greengrass.lifecyclemanager.UpdateSystemPolicyService: service-set-state. {serviceName=UpdateSystemPolicyService, currentState=STOPPING, newState=FINISHED}
2023-03-30T02:22:19.217Z [WARN] (pool-2-thread-11) com.aws.greengrass.deployment.DeploymentService: service-run-interrupted. Service interrupted while running startup. {serviceName=DeploymentService, currentState=FINISHED}
2023-03-30T02:22:19.220Z [INFO] (FleetStatusService-lifecycle) com.aws.greengrass.status.FleetStatusService: service-set-state. {serviceName=FleetStatusService, currentState=RUNNING, newState=STOPPING}
2023-03-30T02:22:19.221Z [INFO] (FleetStatusService-lifecycle) com.aws.greengrass.status.FleetStatusService: service-set-state. {serviceName=FleetStatusService, currentState=STOPPING, newState=FINISHED}
2023-03-30T02:22:19.253Z [INFO] (Thread-1) com.aws.greengrass.lifecyclemanager.Kernel: effective-config-dump-complete. {file=/test/greengrass/v2/config/effectiveConfig.yaml}
2023-03-30T02:22:19.256Z [WARN] (pool-2-thread-15) com.aws.greengrass.mqttclient.MqttClient: Shutting down spooler task. {}
2023-03-30T02:22:19.259Z [INFO] (Serialized listener processor) com.aws.greengrass.lifecyclemanager.KernelLifecycle: executor-service-shutdown-initiated. {}
2023-03-30T02:22:19.260Z [INFO] (Thread-1) com.aws.greengrass.lifecyclemanager.KernelLifecycle: Waiting for executors to shutdown. {}
2023-03-30T02:22:19.261Z [INFO] (Thread-1) com.aws.greengrass.lifecyclemanager.KernelLifecycle: executor-service-shutdown-complete. {executor-terminated=true, scheduled-executor-terminated=true}
2023-03-30T02:22:19.263Z [INFO] (Thread-1) com.aws.greengrass.lifecyclemanager.KernelLifecycle: context-shutdown-initiated. {}
2023-03-30T02:22:19.271Z [INFO] (Thread-1) com.aws.greengrass.lifecyclemanager.KernelLifecycle: context-shutdown-complete. {}
